INFO - 2023-12-07 05:34:11 --> Session: Class initialized using 'CodeIgniter\Session\Handlers\FileHandler' driver.
INFO - 2023-12-07 05:34:11 --> Session: Class initialized using 'CodeIgniter\Session\Handlers\FileHandler' driver.
INFO - 2023-12-07 05:34:29 --> Session: Class initialized using 'CodeIgniter\Session\Handlers\FileHandler' driver.
INFO - 2023-12-07 05:34:29 --> Session: Class initialized using 'CodeIgniter\Session\Handlers\FileHandler' driver.
INFO - 2023-12-07 06:15:56 --> Session: Class initialized using 'CodeIgniter\Session\Handlers\FileHandler' driver.
INFO - 2023-12-07 06:16:15 --> Session: Class initialized using 'CodeIgniter\Session\Handlers\FileHandler' driver.
INFO - 2023-12-07 06:16:15 --> Session: Class initialized using 'CodeIgniter\Session\Handlers\FileHandler' driver.
INFO - 2023-12-07 06:21:30 --> Session: Class initialized using 'CodeIgniter\Session\Handlers\FileHandler' driver.
INFO - 2023-12-07 06:22:17 --> Session: Class initialized using 'CodeIgniter\Session\Handlers\FileHandler' driver.
INFO - 2023-12-07 06:22:34 --> Session: Class initialized using 'CodeIgniter\Session\Handlers\FileHandler' driver.
CRITICAL - 2023-12-07 06:22:34 --> A non well formed numeric value encountered
in APPPATH\Views\admin\plans.php on line 7.
 1 [internal function]: CodeIgniter\Debug\Exceptions->errorHandler()
 2 APPPATH\Views\admin\plans.php(7): date()
 3 SYSTEMPATH\View\View.php(228): include('D:\\work\\OSPanel\\domains\\mgu\\app\\Views\\admin\\plans.php')
 4 SYSTEMPATH\View\View.php(231): CodeIgniter\View\View->CodeIgniter\View\{closure}()
 5 SYSTEMPATH\Common.php(1190): CodeIgniter\View\View->render()
 6 APPPATH\Controllers\admin\Admin.php(123): view()
 7 SYSTEMPATH\CodeIgniter.php(942): App\Controllers\admin\Admin->plansList()
 8 SYSTEMPATH\CodeIgniter.php(502): CodeIgniter\CodeIgniter->runController()
 9 SYSTEMPATH\CodeIgniter.php(361): CodeIgniter\CodeIgniter->handleRequest()
10 FCPATH\index.php(78): CodeIgniter\CodeIgniter->run()
INFO - 2023-12-07 06:23:10 --> Session: Class initialized using 'CodeIgniter\Session\Handlers\FileHandler' driver.
CRITICAL - 2023-12-07 06:23:10 --> syntax error, unexpected ';', expecting ')'
in APPPATH\Views\admin\plans.php on line 7.
 1 SYSTEMPATH\View\View.php(231): CodeIgniter\View\View->CodeIgniter\View\{closure}()
 2 SYSTEMPATH\Common.php(1190): CodeIgniter\View\View->render()
 3 APPPATH\Controllers\admin\Admin.php(123): view()
 4 SYSTEMPATH\CodeIgniter.php(942): App\Controllers\admin\Admin->plansList()
 5 SYSTEMPATH\CodeIgniter.php(502): CodeIgniter\CodeIgniter->runController()
 6 SYSTEMPATH\CodeIgniter.php(361): CodeIgniter\CodeIgniter->handleRequest()
 7 FCPATH\index.php(78): CodeIgniter\CodeIgniter->run()
INFO - 2023-12-07 06:23:14 --> Session: Class initialized using 'CodeIgniter\Session\Handlers\FileHandler' driver.
INFO - 2023-12-07 06:23:26 --> Session: Class initialized using 'CodeIgniter\Session\Handlers\FileHandler' driver.
INFO - 2023-12-07 06:23:33 --> Session: Class initialized using 'CodeIgniter\Session\Handlers\FileHandler' driver.
INFO - 2023-12-07 06:26:08 --> Session: Class initialized using 'CodeIgniter\Session\Handlers\FileHandler' driver.
INFO - 2023-12-07 06:27:50 --> Session: Class initialized using 'CodeIgniter\Session\Handlers\FileHandler' driver.
INFO - 2023-12-07 06:28:27 --> Session: Class initialized using 'CodeIgniter\Session\Handlers\FileHandler' driver.
INFO - 2023-12-07 06:28:38 --> Session: Class initialized using 'CodeIgniter\Session\Handlers\FileHandler' driver.
INFO - 2023-12-07 06:28:52 --> Session: Class initialized using 'CodeIgniter\Session\Handlers\FileHandler' driver.
INFO - 2023-12-07 06:29:01 --> Session: Class initialized using 'CodeIgniter\Session\Handlers\FileHandler' driver.
INFO - 2023-12-07 06:29:06 --> Session: Class initialized using 'CodeIgniter\Session\Handlers\FileHandler' driver.
INFO - 2023-12-07 06:31:16 --> Session: Class initialized using 'CodeIgniter\Session\Handlers\FileHandler' driver.
INFO - 2023-12-07 06:32:54 --> Session: Class initialized using 'CodeIgniter\Session\Handlers\FileHandler' driver.
INFO - 2023-12-07 06:33:02 --> Session: Class initialized using 'CodeIgniter\Session\Handlers\FileHandler' driver.
INFO - 2023-12-07 06:33:11 --> Session: Class initialized using 'CodeIgniter\Session\Handlers\FileHandler' driver.
INFO - 2023-12-07 06:34:35 --> Session: Class initialized using 'CodeIgniter\Session\Handlers\FileHandler' driver.
INFO - 2023-12-07 06:34:39 --> Session: Class initialized using 'CodeIgniter\Session\Handlers\FileHandler' driver.
INFO - 2023-12-07 06:37:51 --> Session: Class initialized using 'CodeIgniter\Session\Handlers\FileHandler' driver.
INFO - 2023-12-07 06:37:56 --> Session: Class initialized using 'CodeIgniter\Session\Handlers\FileHandler' driver.
INFO - 2023-12-07 06:40:11 --> Session: Class initialized using 'CodeIgniter\Session\Handlers\FileHandler' driver.
INFO - 2023-12-07 06:40:22 --> Session: Class initialized using 'CodeIgniter\Session\Handlers\FileHandler' driver.
INFO - 2023-12-07 06:41:33 --> Session: Class initialized using 'CodeIgniter\Session\Handlers\FileHandler' driver.
INFO - 2023-12-07 06:41:39 --> Session: Class initialized using 'CodeIgniter\Session\Handlers\FileHandler' driver.
INFO - 2023-12-07 06:41:39 --> Session: Class initialized using 'CodeIgniter\Session\Handlers\FileHandler' driver.
INFO - 2023-12-07 06:41:48 --> Session: Class initialized using 'CodeIgniter\Session\Handlers\FileHandler' driver.
INFO - 2023-12-07 06:41:48 --> Session: Class initialized using 'CodeIgniter\Session\Handlers\FileHandler' driver.
INFO - 2023-12-07 06:45:23 --> Session: Class initialized using 'CodeIgniter\Session\Handlers\FileHandler' driver.
INFO - 2023-12-07 06:45:59 --> Session: Class initialized using 'CodeIgniter\Session\Handlers\FileHandler' driver.
INFO - 2023-12-07 06:48:59 --> Session: Class initialized using 'CodeIgniter\Session\Handlers\FileHandler' driver.
CRITICAL - 2023-12-07 06:48:59 --> Call to a member function getList() on null
in APPPATH\Controllers\admin\edLevel.php on line 26.
 1 SYSTEMPATH\CodeIgniter.php(942): App\Controllers\admin\edLevel->list()
 2 SYSTEMPATH\CodeIgniter.php(502): CodeIgniter\CodeIgniter->runController()
 3 SYSTEMPATH\CodeIgniter.php(361): CodeIgniter\CodeIgniter->handleRequest()
 4 FCPATH\index.php(78): CodeIgniter\CodeIgniter->run()
INFO - 2023-12-07 06:51:17 --> Session: Class initialized using 'CodeIgniter\Session\Handlers\FileHandler' driver.
CRITICAL - 2023-12-07 06:51:17 --> Call to a member function getList() on null
in APPPATH\Controllers\admin\edLevel.php on line 26.
 1 SYSTEMPATH\CodeIgniter.php(942): App\Controllers\admin\edLevel->list()
 2 SYSTEMPATH\CodeIgniter.php(502): CodeIgniter\CodeIgniter->runController()
 3 SYSTEMPATH\CodeIgniter.php(361): CodeIgniter\CodeIgniter->handleRequest()
 4 FCPATH\index.php(78): CodeIgniter\CodeIgniter->run()
INFO - 2023-12-07 06:51:37 --> Session: Class initialized using 'CodeIgniter\Session\Handlers\FileHandler' driver.
INFO - 2023-12-07 06:52:17 --> Session: Class initialized using 'CodeIgniter\Session\Handlers\FileHandler' driver.
CRITICAL - 2023-12-07 06:52:17 --> Call to a member function getList() on null
in APPPATH\Controllers\admin\edLevel.php on line 26.
 1 SYSTEMPATH\CodeIgniter.php(942): App\Controllers\admin\edLevel->list()
 2 SYSTEMPATH\CodeIgniter.php(502): CodeIgniter\CodeIgniter->runController()
 3 SYSTEMPATH\CodeIgniter.php(361): CodeIgniter\CodeIgniter->handleRequest()
 4 FCPATH\index.php(78): CodeIgniter\CodeIgniter->run()
INFO - 2023-12-07 06:53:41 --> Session: Class initialized using 'CodeIgniter\Session\Handlers\FileHandler' driver.
INFO - 2023-12-07 06:54:20 --> Session: Class initialized using 'CodeIgniter\Session\Handlers\FileHandler' driver.
INFO - 2023-12-07 06:55:00 --> Session: Class initialized using 'CodeIgniter\Session\Handlers\FileHandler' driver.
INFO - 2023-12-07 06:55:18 --> Session: Class initialized using 'CodeIgniter\Session\Handlers\FileHandler' driver.
INFO - 2023-12-07 06:56:58 --> Session: Class initialized using 'CodeIgniter\Session\Handlers\FileHandler' driver.
INFO - 2023-12-07 06:58:16 --> Session: Class initialized using 'CodeIgniter\Session\Handlers\FileHandler' driver.
INFO - 2023-12-07 06:58:31 --> Session: Class initialized using 'CodeIgniter\Session\Handlers\FileHandler' driver.
ERROR - 2023-12-07 06:58:31 --> mysqli_sql_exception: Unknown column 't.term' in 'field list' in D:\work\OSPanel\domains\mgu\system\Database\MySQLi\Connection.php:306
Stack trace:
#0 D:\work\OSPanel\domains\mgu\system\Database\MySQLi\Connection.php(306): mysqli->query()
#1 D:\work\OSPanel\domains\mgu\system\Database\BaseConnection.php(693): CodeIgniter\Database\MySQLi\Connection->execute()
#2 D:\work\OSPanel\domains\mgu\system\Database\BaseConnection.php(607): CodeIgniter\Database\BaseConnection->simpleQuery()
#3 D:\work\OSPanel\domains\mgu\app\Models\edLevelModel.php(11): CodeIgniter\Database\BaseConnection->query()
#4 D:\work\OSPanel\domains\mgu\app\Controllers\admin\edLevel.php(26): App\Models\edLevelModel->getList()
#5 D:\work\OSPanel\domains\mgu\system\CodeIgniter.php(942): App\Controllers\admin\edLevel->list()
#6 D:\work\OSPanel\domains\mgu\system\CodeIgniter.php(502): CodeIgniter\CodeIgniter->runController()
#7 D:\work\OSPanel\domains\mgu\system\CodeIgniter.php(361): CodeIgniter\CodeIgniter->handleRequest()
#8 D:\work\OSPanel\domains\mgu\public\index.php(78): CodeIgniter\CodeIgniter->run()
#9 {main}
CRITICAL - 2023-12-07 06:58:31 --> Unknown column 't.term' in 'field list'
in SYSTEMPATH\Database\BaseConnection.php on line 647.
 1 APPPATH\Models\edLevelModel.php(11): CodeIgniter\Database\BaseConnection->query()
 2 APPPATH\Controllers\admin\edLevel.php(26): App\Models\edLevelModel->getList()
 3 SYSTEMPATH\CodeIgniter.php(942): App\Controllers\admin\edLevel->list()
 4 SYSTEMPATH\CodeIgniter.php(502): CodeIgniter\CodeIgniter->runController()
 5 SYSTEMPATH\CodeIgniter.php(361): CodeIgniter\CodeIgniter->handleRequest()
 6 FCPATH\index.php(78): CodeIgniter\CodeIgniter->run()
INFO - 2023-12-07 06:58:44 --> Session: Class initialized using 'CodeIgniter\Session\Handlers\FileHandler' driver.
ERROR - 2023-12-07 06:58:44 --> mysqli_sql_exception: You have an error in your SQL syntax; check the manual that corresponds to your MySQL server version for the right syntax to use near 'FROM education_type t' at line 4 in D:\work\OSPanel\domains\mgu\system\Database\MySQLi\Connection.php:306
Stack trace:
#0 D:\work\OSPanel\domains\mgu\system\Database\MySQLi\Connection.php(306): mysqli->query()
#1 D:\work\OSPanel\domains\mgu\system\Database\BaseConnection.php(693): CodeIgniter\Database\MySQLi\Connection->execute()
#2 D:\work\OSPanel\domains\mgu\system\Database\BaseConnection.php(607): CodeIgniter\Database\BaseConnection->simpleQuery()
#3 D:\work\OSPanel\domains\mgu\app\Models\edLevelModel.php(11): CodeIgniter\Database\BaseConnection->query()
#4 D:\work\OSPanel\domains\mgu\app\Controllers\admin\edLevel.php(26): App\Models\edLevelModel->getList()
#5 D:\work\OSPanel\domains\mgu\system\CodeIgniter.php(942): App\Controllers\admin\edLevel->list()
#6 D:\work\OSPanel\domains\mgu\system\CodeIgniter.php(502): CodeIgniter\CodeIgniter->runController()
#7 D:\work\OSPanel\domains\mgu\system\CodeIgniter.php(361): CodeIgniter\CodeIgniter->handleRequest()
#8 D:\work\OSPanel\domains\mgu\public\index.php(78): CodeIgniter\CodeIgniter->run()
#9 {main}
CRITICAL - 2023-12-07 06:58:44 --> You have an error in your SQL syntax; check the manual that corresponds to your MySQL server version for the right syntax to use near 'FROM education_type t' at line 4
in SYSTEMPATH\Database\BaseConnection.php on line 647.
 1 APPPATH\Models\edLevelModel.php(11): CodeIgniter\Database\BaseConnection->query()
 2 APPPATH\Controllers\admin\edLevel.php(26): App\Models\edLevelModel->getList()
 3 SYSTEMPATH\CodeIgniter.php(942): App\Controllers\admin\edLevel->list()
 4 SYSTEMPATH\CodeIgniter.php(502): CodeIgniter\CodeIgniter->runController()
 5 SYSTEMPATH\CodeIgniter.php(361): CodeIgniter\CodeIgniter->handleRequest()
 6 FCPATH\index.php(78): CodeIgniter\CodeIgniter->run()
INFO - 2023-12-07 06:58:47 --> Session: Class initialized using 'CodeIgniter\Session\Handlers\FileHandler' driver.
INFO - 2023-12-07 06:59:09 --> Session: Class initialized using 'CodeIgniter\Session\Handlers\FileHandler' driver.
INFO - 2023-12-07 06:59:33 --> Session: Class initialized using 'CodeIgniter\Session\Handlers\FileHandler' driver.
INFO - 2023-12-07 06:59:52 --> Session: Class initialized using 'CodeIgniter\Session\Handlers\FileHandler' driver.
ERROR - 2023-12-07 06:59:52 --> mysqli_sql_exception: Unknown column 'lterm' in 'field list' in D:\work\OSPanel\domains\mgu\system\Database\MySQLi\Connection.php:306
Stack trace:
#0 D:\work\OSPanel\domains\mgu\system\Database\MySQLi\Connection.php(306): mysqli->query()
#1 D:\work\OSPanel\domains\mgu\system\Database\BaseConnection.php(693): CodeIgniter\Database\MySQLi\Connection->execute()
#2 D:\work\OSPanel\domains\mgu\system\Database\BaseConnection.php(607): CodeIgniter\Database\BaseConnection->simpleQuery()
#3 D:\work\OSPanel\domains\mgu\app\Models\edLevelModel.php(11): CodeIgniter\Database\BaseConnection->query()
#4 D:\work\OSPanel\domains\mgu\app\Controllers\admin\edLevel.php(26): App\Models\edLevelModel->getList()
#5 D:\work\OSPanel\domains\mgu\system\CodeIgniter.php(942): App\Controllers\admin\edLevel->list()
#6 D:\work\OSPanel\domains\mgu\system\CodeIgniter.php(502): CodeIgniter\CodeIgniter->runController()
#7 D:\work\OSPanel\domains\mgu\system\CodeIgniter.php(361): CodeIgniter\CodeIgniter->handleRequest()
#8 D:\work\OSPanel\domains\mgu\public\index.php(78): CodeIgniter\CodeIgniter->run()
#9 {main}
CRITICAL - 2023-12-07 06:59:52 --> Unknown column 'lterm' in 'field list'
in SYSTEMPATH\Database\BaseConnection.php on line 647.
 1 APPPATH\Models\edLevelModel.php(11): CodeIgniter\Database\BaseConnection->query()
 2 APPPATH\Controllers\admin\edLevel.php(26): App\Models\edLevelModel->getList()
 3 SYSTEMPATH\CodeIgniter.php(942): App\Controllers\admin\edLevel->list()
 4 SYSTEMPATH\CodeIgniter.php(502): CodeIgniter\CodeIgniter->runController()
 5 SYSTEMPATH\CodeIgniter.php(361): CodeIgniter\CodeIgniter->handleRequest()
 6 FCPATH\index.php(78): CodeIgniter\CodeIgniter->run()
INFO - 2023-12-07 06:59:57 --> Session: Class initialized using 'CodeIgniter\Session\Handlers\FileHandler' driver.
INFO - 2023-12-07 07:00:28 --> Session: Class initialized using 'CodeIgniter\Session\Handlers\FileHandler' driver.
INFO - 2023-12-07 07:01:11 --> Session: Class initialized using 'CodeIgniter\Session\Handlers\FileHandler' driver.
INFO - 2023-12-07 07:02:19 --> Session: Class initialized using 'CodeIgniter\Session\Handlers\FileHandler' driver.
INFO - 2023-12-07 07:03:06 --> Session: Class initialized using 'CodeIgniter\Session\Handlers\FileHandler' driver.
INFO - 2023-12-07 07:03:39 --> Session: Class initialized using 'CodeIgniter\Session\Handlers\FileHandler' driver.
INFO - 2023-12-07 07:04:13 --> Session: Class initialized using 'CodeIgniter\Session\Handlers\FileHandler' driver.
INFO - 2023-12-07 07:04:50 --> Session: Class initialized using 'CodeIgniter\Session\Handlers\FileHandler' driver.
INFO - 2023-12-07 07:05:05 --> Session: Class initialized using 'CodeIgniter\Session\Handlers\FileHandler' driver.
INFO - 2023-12-07 07:07:22 --> Session: Class initialized using 'CodeIgniter\Session\Handlers\FileHandler' driver.
INFO - 2023-12-07 07:08:03 --> Session: Class initialized using 'CodeIgniter\Session\Handlers\FileHandler' driver.
INFO - 2023-12-07 07:08:21 --> Session: Class initialized using 'CodeIgniter\Session\Handlers\FileHandler' driver.
INFO - 2023-12-07 07:09:27 --> Session: Class initialized using 'CodeIgniter\Session\Handlers\FileHandler' driver.
INFO - 2023-12-07 07:09:35 --> Session: Class initialized using 'CodeIgniter\Session\Handlers\FileHandler' driver.
INFO - 2023-12-07 07:11:05 --> Session: Class initialized using 'CodeIgniter\Session\Handlers\FileHandler' driver.
INFO - 2023-12-07 07:11:33 --> Session: Class initialized using 'CodeIgniter\Session\Handlers\FileHandler' driver.
INFO - 2023-12-07 07:12:06 --> Session: Class initialized using 'CodeIgniter\Session\Handlers\FileHandler' driver.
INFO - 2023-12-07 07:22:25 --> Session: Class initialized using 'CodeIgniter\Session\Handlers\FileHandler' driver.
INFO - 2023-12-07 07:22:42 --> Session: Class initialized using 'CodeIgniter\Session\Handlers\FileHandler' driver.
INFO - 2023-12-07 07:23:37 --> Session: Class initialized using 'CodeIgniter\Session\Handlers\FileHandler' driver.
INFO - 2023-12-07 07:23:42 --> Session: Class initialized using 'CodeIgniter\Session\Handlers\FileHandler' driver.
CRITICAL - 2023-12-07 07:23:42 --> Undefined variable: list2
in APPPATH\Views\admin\edLevelList.php on line 14.
 1 APPPATH\Views\admin\edLevelList.php(14): CodeIgniter\Debug\Exceptions->errorHandler()
 2 SYSTEMPATH\View\View.php(228): include('D:\\work\\OSPanel\\domains\\mgu\\app\\Views\\admin\\edLevelList.php')
 3 SYSTEMPATH\View\View.php(231): CodeIgniter\View\View->CodeIgniter\View\{closure}()
 4 SYSTEMPATH\Common.php(1190): CodeIgniter\View\View->render()
 5 APPPATH\Controllers\admin\edLevel.php(30): view()
 6 SYSTEMPATH\CodeIgniter.php(942): App\Controllers\admin\edLevel->list()
 7 SYSTEMPATH\CodeIgniter.php(502): CodeIgniter\CodeIgniter->runController()
 8 SYSTEMPATH\CodeIgniter.php(361): CodeIgniter\CodeIgniter->handleRequest()
 9 FCPATH\index.php(78): CodeIgniter\CodeIgniter->run()
INFO - 2023-12-07 07:23:46 --> Session: Class initialized using 'CodeIgniter\Session\Handlers\FileHandler' driver.
INFO - 2023-12-07 07:24:04 --> Session: Class initialized using 'CodeIgniter\Session\Handlers\FileHandler' driver.
INFO - 2023-12-07 07:24:19 --> Session: Class initialized using 'CodeIgniter\Session\Handlers\FileHandler' driver.
INFO - 2023-12-07 07:24:52 --> Session: Class initialized using 'CodeIgniter\Session\Handlers\FileHandler' driver.
INFO - 2023-12-07 07:25:09 --> Session: Class initialized using 'CodeIgniter\Session\Handlers\FileHandler' driver.
INFO - 2023-12-07 07:26:23 --> Session: Class initialized using 'CodeIgniter\Session\Handlers\FileHandler' driver.
INFO - 2023-12-07 07:26:40 --> Session: Class initialized using 'CodeIgniter\Session\Handlers\FileHandler' driver.
INFO - 2023-12-07 07:26:48 --> Session: Class initialized using 'CodeIgniter\Session\Handlers\FileHandler' driver.
INFO - 2023-12-07 07:27:34 --> Session: Class initialized using 'CodeIgniter\Session\Handlers\FileHandler' driver.
INFO - 2023-12-07 07:28:00 --> Session: Class initialized using 'CodeIgniter\Session\Handlers\FileHandler' driver.
INFO - 2023-12-07 07:28:00 --> Session: Class initialized using 'CodeIgniter\Session\Handlers\FileHandler' driver.
INFO - 2023-12-07 07:28:17 --> Session: Class initialized using 'CodeIgniter\Session\Handlers\FileHandler' driver.
INFO - 2023-12-07 07:29:41 --> Session: Class initialized using 'CodeIgniter\Session\Handlers\FileHandler' driver.
INFO - 2023-12-07 07:29:49 --> Session: Class initialized using 'CodeIgniter\Session\Handlers\FileHandler' driver.
INFO - 2023-12-07 07:30:43 --> Session: Class initialized using 'CodeIgniter\Session\Handlers\FileHandler' driver.
INFO - 2023-12-07 07:30:57 --> Session: Class initialized using 'CodeIgniter\Session\Handlers\FileHandler' driver.
INFO - 2023-12-07 07:35:33 --> Session: Class initialized using 'CodeIgniter\Session\Handlers\FileHandler' driver.
INFO - 2023-12-07 07:35:46 --> Session: Class initialized using 'CodeIgniter\Session\Handlers\FileHandler' driver.
INFO - 2023-12-07 07:36:05 --> Session: Class initialized using 'CodeIgniter\Session\Handlers\FileHandler' driver.
INFO - 2023-12-07 07:36:15 --> Session: Class initialized using 'CodeIgniter\Session\Handlers\FileHandler' driver.
INFO - 2023-12-07 07:36:17 --> Session: Class initialized using 'CodeIgniter\Session\Handlers\FileHandler' driver.
INFO - 2023-12-07 07:36:24 --> Session: Class initialized using 'CodeIgniter\Session\Handlers\FileHandler' driver.
INFO - 2023-12-07 07:36:39 --> Session: Class initialized using 'CodeIgniter\Session\Handlers\FileHandler' driver.
INFO - 2023-12-07 07:36:48 --> Session: Class initialized using 'CodeIgniter\Session\Handlers\FileHandler' driver.
INFO - 2023-12-07 07:37:05 --> Session: Class initialized using 'CodeIgniter\Session\Handlers\FileHandler' driver.
INFO - 2023-12-07 07:37:17 --> Session: Class initialized using 'CodeIgniter\Session\Handlers\FileHandler' driver.
INFO - 2023-12-07 07:37:23 --> Session: Class initialized using 'CodeIgniter\Session\Handlers\FileHandler' driver.
INFO - 2023-12-07 07:37:42 --> Session: Class initialized using 'CodeIgniter\Session\Handlers\FileHandler' driver.
INFO - 2023-12-07 07:38:50 --> Session: Class initialized using 'CodeIgniter\Session\Handlers\FileHandler' driver.
INFO - 2023-12-07 07:41:24 --> Session: Class initialized using 'CodeIgniter\Session\Handlers\FileHandler' driver.
INFO - 2023-12-07 07:42:26 --> Session: Class initialized using 'CodeIgniter\Session\Handlers\FileHandler' driver.
INFO - 2023-12-07 07:42:28 --> Session: Class initialized using 'CodeIgniter\Session\Handlers\FileHandler' driver.
INFO - 2023-12-07 07:42:32 --> Session: Class initialized using 'CodeIgniter\Session\Handlers\FileHandler' driver.
CRITICAL - 2023-12-07 07:42:32 --> Invalid file: "admin/edLevelEdit.php"
in SYSTEMPATH\Exceptions\FrameworkException.php on line 39.
 1 SYSTEMPATH\View\View.php(216): CodeIgniter\Exceptions\FrameworkException::forInvalidFile()
 2 SYSTEMPATH\Common.php(1190): CodeIgniter\View\View->render()
 3 APPPATH\Controllers\admin\edLevel.php(44): view()
 4 SYSTEMPATH\CodeIgniter.php(942): App\Controllers\admin\edLevel->editLevel()
 5 SYSTEMPATH\CodeIgniter.php(502): CodeIgniter\CodeIgniter->runController()
 6 SYSTEMPATH\CodeIgniter.php(361): CodeIgniter\CodeIgniter->handleRequest()
 7 FCPATH\index.php(78): CodeIgniter\CodeIgniter->run()
INFO - 2023-12-07 07:42:57 --> Session: Class initialized using 'CodeIgniter\Session\Handlers\FileHandler' driver.
CRITICAL - 2023-12-07 07:42:57 --> Undefined variable: op
in APPPATH\Views\admin\edLevelEdit.php on line 7.
 1 APPPATH\Views\admin\edLevelEdit.php(7): CodeIgniter\Debug\Exceptions->errorHandler()
 2 SYSTEMPATH\View\View.php(228): include('D:\\work\\OSPanel\\domains\\mgu\\app\\Views\\admin\\edLevelEdit.php')
 3 SYSTEMPATH\View\View.php(231): CodeIgniter\View\View->CodeIgniter\View\{closure}()
 4 SYSTEMPATH\Common.php(1190): CodeIgniter\View\View->render()
 5 APPPATH\Controllers\admin\edLevel.php(44): view()
 6 SYSTEMPATH\CodeIgniter.php(942): App\Controllers\admin\edLevel->editLevel()
 7 SYSTEMPATH\CodeIgniter.php(502): CodeIgniter\CodeIgniter->runController()
 8 SYSTEMPATH\CodeIgniter.php(361): CodeIgniter\CodeIgniter->handleRequest()
 9 FCPATH\index.php(78): CodeIgniter\CodeIgniter->run()
INFO - 2023-12-07 07:44:01 --> Session: Class initialized using 'CodeIgniter\Session\Handlers\FileHandler' driver.
INFO - 2023-12-07 07:46:58 --> Session: Class initialized using 'CodeIgniter\Session\Handlers\FileHandler' driver.
INFO - 2023-12-07 07:47:21 --> Session: Class initialized using 'CodeIgniter\Session\Handlers\FileHandler' driver.
INFO - 2023-12-07 07:47:58 --> Session: Class initialized using 'CodeIgniter\Session\Handlers\FileHandler' driver.
INFO - 2023-12-07 07:48:05 --> Session: Class initialized using 'CodeIgniter\Session\Handlers\FileHandler' driver.
INFO - 2023-12-07 07:48:11 --> Session: Class initialized using 'CodeIgniter\Session\Handlers\FileHandler' driver.
INFO - 2023-12-07 07:48:17 --> Session: Class initialized using 'CodeIgniter\Session\Handlers\FileHandler' driver.
INFO - 2023-12-07 07:49:20 --> Session: Class initialized using 'CodeIgniter\Session\Handlers\FileHandler' driver.
INFO - 2023-12-07 07:51:16 --> Session: Class initialized using 'CodeIgniter\Session\Handlers\FileHandler' driver.
ERROR - 2023-12-07 07:51:16 --> mysqli_sql_exception: You have an error in your SQL syntax; check the manual that corresponds to your MySQL server version for the right syntax to use near 'WHERE l.id=5 AND t.id=l.etID' at line 1 in D:\work\OSPanel\domains\mgu\system\Database\MySQLi\Connection.php:306
Stack trace:
#0 D:\work\OSPanel\domains\mgu\system\Database\MySQLi\Connection.php(306): mysqli->query()
#1 D:\work\OSPanel\domains\mgu\system\Database\BaseConnection.php(693): CodeIgniter\Database\MySQLi\Connection->execute()
#2 D:\work\OSPanel\domains\mgu\system\Database\BaseConnection.php(607): CodeIgniter\Database\BaseConnection->simpleQuery()
#3 D:\work\OSPanel\domains\mgu\app\Models\edLevelModel.php(16): CodeIgniter\Database\BaseConnection->query()
#4 D:\work\OSPanel\domains\mgu\app\Controllers\admin\edLevel.php(43): App\Models\edLevelModel->getLevel()
#5 D:\work\OSPanel\domains\mgu\system\CodeIgniter.php(942): App\Controllers\admin\edLevel->editLevel()
#6 D:\work\OSPanel\domains\mgu\system\CodeIgniter.php(502): CodeIgniter\CodeIgniter->runController()
#7 D:\work\OSPanel\domains\mgu\system\CodeIgniter.php(361): CodeIgniter\CodeIgniter->handleRequest()
#8 D:\work\OSPanel\domains\mgu\public\index.php(78): CodeIgniter\CodeIgniter->run()
#9 {main}
CRITICAL - 2023-12-07 07:51:16 --> You have an error in your SQL syntax; check the manual that corresponds to your MySQL server version for the right syntax to use near 'WHERE l.id=5 AND t.id=l.etID' at line 1
in SYSTEMPATH\Database\BaseConnection.php on line 647.
 1 APPPATH\Models\edLevelModel.php(16): CodeIgniter\Database\BaseConnection->query()
 2 APPPATH\Controllers\admin\edLevel.php(43): App\Models\edLevelModel->getLevel()
 3 SYSTEMPATH\CodeIgniter.php(942): App\Controllers\admin\edLevel->editLevel()
 4 SYSTEMPATH\CodeIgniter.php(502): CodeIgniter\CodeIgniter->runController()
 5 SYSTEMPATH\CodeIgniter.php(361): CodeIgniter\CodeIgniter->handleRequest()
 6 FCPATH\index.php(78): CodeIgniter\CodeIgniter->run()
INFO - 2023-12-07 07:52:05 --> Session: Class initialized using 'CodeIgniter\Session\Handlers\FileHandler' driver.
ERROR - 2023-12-07 07:52:05 --> mysqli_sql_exception: You have an error in your SQL syntax; check the manual that corresponds to your MySQL server version for the right syntax to use near 'WHERE t.id=l.etID' at line 1 in D:\work\OSPanel\domains\mgu\system\Database\MySQLi\Connection.php:306
Stack trace:
#0 D:\work\OSPanel\domains\mgu\system\Database\MySQLi\Connection.php(306): mysqli->query()
#1 D:\work\OSPanel\domains\mgu\system\Database\BaseConnection.php(693): CodeIgniter\Database\MySQLi\Connection->execute()
#2 D:\work\OSPanel\domains\mgu\system\Database\BaseConnection.php(607): CodeIgniter\Database\BaseConnection->simpleQuery()
#3 D:\work\OSPanel\domains\mgu\app\Models\edLevelModel.php(16): CodeIgniter\Database\BaseConnection->query()
#4 D:\work\OSPanel\domains\mgu\app\Controllers\admin\edLevel.php(43): App\Models\edLevelModel->getLevel()
#5 D:\work\OSPanel\domains\mgu\system\CodeIgniter.php(942): App\Controllers\admin\edLevel->editLevel()
#6 D:\work\OSPanel\domains\mgu\system\CodeIgniter.php(502): CodeIgniter\CodeIgniter->runController()
#7 D:\work\OSPanel\domains\mgu\system\CodeIgniter.php(361): CodeIgniter\CodeIgniter->handleRequest()
#8 D:\work\OSPanel\domains\mgu\public\index.php(78): CodeIgniter\CodeIgniter->run()
#9 {main}
CRITICAL - 2023-12-07 07:52:05 --> You have an error in your SQL syntax; check the manual that corresponds to your MySQL server version for the right syntax to use near 'WHERE t.id=l.etID' at line 1
in SYSTEMPATH\Database\BaseConnection.php on line 647.
 1 APPPATH\Models\edLevelModel.php(16): CodeIgniter\Database\BaseConnection->query()
 2 APPPATH\Controllers\admin\edLevel.php(43): App\Models\edLevelModel->getLevel()
 3 SYSTEMPATH\CodeIgniter.php(942): App\Controllers\admin\edLevel->editLevel()
 4 SYSTEMPATH\CodeIgniter.php(502): CodeIgniter\CodeIgniter->runController()
 5 SYSTEMPATH\CodeIgniter.php(361): CodeIgniter\CodeIgniter->handleRequest()
 6 FCPATH\index.php(78): CodeIgniter\CodeIgniter->run()
INFO - 2023-12-07 07:52:42 --> Session: Class initialized using 'CodeIgniter\Session\Handlers\FileHandler' driver.
ERROR - 2023-12-07 07:52:42 --> mysqli_sql_exception: You have an error in your SQL syntax; check the manual that corresponds to your MySQL server version for the right syntax to use near 'WHERE l.etID=t.id' at line 1 in D:\work\OSPanel\domains\mgu\system\Database\MySQLi\Connection.php:306
Stack trace:
#0 D:\work\OSPanel\domains\mgu\system\Database\MySQLi\Connection.php(306): mysqli->query()
#1 D:\work\OSPanel\domains\mgu\system\Database\BaseConnection.php(693): CodeIgniter\Database\MySQLi\Connection->execute()
#2 D:\work\OSPanel\domains\mgu\system\Database\BaseConnection.php(607): CodeIgniter\Database\BaseConnection->simpleQuery()
#3 D:\work\OSPanel\domains\mgu\app\Models\edLevelModel.php(16): CodeIgniter\Database\BaseConnection->query()
#4 D:\work\OSPanel\domains\mgu\app\Controllers\admin\edLevel.php(43): App\Models\edLevelModel->getLevel()
#5 D:\work\OSPanel\domains\mgu\system\CodeIgniter.php(942): App\Controllers\admin\edLevel->editLevel()
#6 D:\work\OSPanel\domains\mgu\system\CodeIgniter.php(502): CodeIgniter\CodeIgniter->runController()
#7 D:\work\OSPanel\domains\mgu\system\CodeIgniter.php(361): CodeIgniter\CodeIgniter->handleRequest()
#8 D:\work\OSPanel\domains\mgu\public\index.php(78): CodeIgniter\CodeIgniter->run()
#9 {main}
CRITICAL - 2023-12-07 07:52:42 --> You have an error in your SQL syntax; check the manual that corresponds to your MySQL server version for the right syntax to use near 'WHERE l.etID=t.id' at line 1
in SYSTEMPATH\Database\BaseConnection.php on line 647.
 1 APPPATH\Models\edLevelModel.php(16): CodeIgniter\Database\BaseConnection->query()
 2 APPPATH\Controllers\admin\edLevel.php(43): App\Models\edLevelModel->getLevel()
 3 SYSTEMPATH\CodeIgniter.php(942): App\Controllers\admin\edLevel->editLevel()
 4 SYSTEMPATH\CodeIgniter.php(502): CodeIgniter\CodeIgniter->runController()
 5 SYSTEMPATH\CodeIgniter.php(361): CodeIgniter\CodeIgniter->handleRequest()
 6 FCPATH\index.php(78): CodeIgniter\CodeIgniter->run()
INFO - 2023-12-07 07:52:55 --> Session: Class initialized using 'CodeIgniter\Session\Handlers\FileHandler' driver.
ERROR - 2023-12-07 07:52:55 --> mysqli_sql_exception: You have an error in your SQL syntax; check the manual that corresponds to your MySQL server version for the right syntax to use near '' at line 1 in D:\work\OSPanel\domains\mgu\system\Database\MySQLi\Connection.php:306
Stack trace:
#0 D:\work\OSPanel\domains\mgu\system\Database\MySQLi\Connection.php(306): mysqli->query()
#1 D:\work\OSPanel\domains\mgu\system\Database\BaseConnection.php(693): CodeIgniter\Database\MySQLi\Connection->execute()
#2 D:\work\OSPanel\domains\mgu\system\Database\BaseConnection.php(607): CodeIgniter\Database\BaseConnection->simpleQuery()
#3 D:\work\OSPanel\domains\mgu\app\Models\edLevelModel.php(16): CodeIgniter\Database\BaseConnection->query()
#4 D:\work\OSPanel\domains\mgu\app\Controllers\admin\edLevel.php(43): App\Models\edLevelModel->getLevel()
#5 D:\work\OSPanel\domains\mgu\system\CodeIgniter.php(942): App\Controllers\admin\edLevel->editLevel()
#6 D:\work\OSPanel\domains\mgu\system\CodeIgniter.php(502): CodeIgniter\CodeIgniter->runController()
#7 D:\work\OSPanel\domains\mgu\system\CodeIgniter.php(361): CodeIgniter\CodeIgniter->handleRequest()
#8 D:\work\OSPanel\domains\mgu\public\index.php(78): CodeIgniter\CodeIgniter->run()
#9 {main}
CRITICAL - 2023-12-07 07:52:55 --> You have an error in your SQL syntax; check the manual that corresponds to your MySQL server version for the right syntax to use near '' at line 1
in SYSTEMPATH\Database\BaseConnection.php on line 647.
 1 APPPATH\Models\edLevelModel.php(16): CodeIgniter\Database\BaseConnection->query()
 2 APPPATH\Controllers\admin\edLevel.php(43): App\Models\edLevelModel->getLevel()
 3 SYSTEMPATH\CodeIgniter.php(942): App\Controllers\admin\edLevel->editLevel()
 4 SYSTEMPATH\CodeIgniter.php(502): CodeIgniter\CodeIgniter->runController()
 5 SYSTEMPATH\CodeIgniter.php(361): CodeIgniter\CodeIgniter->handleRequest()
 6 FCPATH\index.php(78): CodeIgniter\CodeIgniter->run()
INFO - 2023-12-07 08:04:35 --> Session: Class initialized using 'CodeIgniter\Session\Handlers\FileHandler' driver.
ERROR - 2023-12-07 08:04:35 --> mysqli_sql_exception: You have an error in your SQL syntax; check the manual that corresponds to your MySQL server version for the right syntax to use near '' at line 1 in D:\work\OSPanel\domains\mgu\system\Database\MySQLi\Connection.php:306
Stack trace:
#0 D:\work\OSPanel\domains\mgu\system\Database\MySQLi\Connection.php(306): mysqli->query()
#1 D:\work\OSPanel\domains\mgu\system\Database\BaseConnection.php(693): CodeIgniter\Database\MySQLi\Connection->execute()
#2 D:\work\OSPanel\domains\mgu\system\Database\BaseConnection.php(607): CodeIgniter\Database\BaseConnection->simpleQuery()
#3 D:\work\OSPanel\domains\mgu\app\Models\edLevelModel.php(16): CodeIgniter\Database\BaseConnection->query()
#4 D:\work\OSPanel\domains\mgu\app\Controllers\admin\edLevel.php(43): App\Models\edLevelModel->getLevel()
#5 D:\work\OSPanel\domains\mgu\system\CodeIgniter.php(942): App\Controllers\admin\edLevel->editLevel()
#6 D:\work\OSPanel\domains\mgu\system\CodeIgniter.php(502): CodeIgniter\CodeIgniter->runController()
#7 D:\work\OSPanel\domains\mgu\system\CodeIgniter.php(361): CodeIgniter\CodeIgniter->handleRequest()
#8 D:\work\OSPanel\domains\mgu\public\index.php(78): CodeIgniter\CodeIgniter->run()
#9 {main}
CRITICAL - 2023-12-07 08:04:35 --> You have an error in your SQL syntax; check the manual that corresponds to your MySQL server version for the right syntax to use near '' at line 1
in SYSTEMPATH\Database\BaseConnection.php on line 647.
 1 APPPATH\Models\edLevelModel.php(16): CodeIgniter\Database\BaseConnection->query()
 2 APPPATH\Controllers\admin\edLevel.php(43): App\Models\edLevelModel->getLevel()
 3 SYSTEMPATH\CodeIgniter.php(942): App\Controllers\admin\edLevel->editLevel()
 4 SYSTEMPATH\CodeIgniter.php(502): CodeIgniter\CodeIgniter->runController()
 5 SYSTEMPATH\CodeIgniter.php(361): CodeIgniter\CodeIgniter->handleRequest()
 6 FCPATH\index.php(78): CodeIgniter\CodeIgniter->run()
INFO - 2023-12-07 08:05:18 --> Session: Class initialized using 'CodeIgniter\Session\Handlers\FileHandler' driver.
ERROR - 2023-12-07 08:05:18 --> mysqli_sql_exception: You have an error in your SQL syntax; check the manual that corresponds to your MySQL server version for the right syntax to use near '' at line 1 in D:\work\OSPanel\domains\mgu\system\Database\MySQLi\Connection.php:306
Stack trace:
#0 D:\work\OSPanel\domains\mgu\system\Database\MySQLi\Connection.php(306): mysqli->query()
#1 D:\work\OSPanel\domains\mgu\system\Database\BaseConnection.php(693): CodeIgniter\Database\MySQLi\Connection->execute()
#2 D:\work\OSPanel\domains\mgu\system\Database\BaseConnection.php(607): CodeIgniter\Database\BaseConnection->simpleQuery()
#3 D:\work\OSPanel\domains\mgu\app\Models\edLevelModel.php(16): CodeIgniter\Database\BaseConnection->query()
#4 D:\work\OSPanel\domains\mgu\app\Controllers\admin\edLevel.php(43): App\Models\edLevelModel->getLevel()
#5 D:\work\OSPanel\domains\mgu\system\CodeIgniter.php(942): App\Controllers\admin\edLevel->editLevel()
#6 D:\work\OSPanel\domains\mgu\system\CodeIgniter.php(502): CodeIgniter\CodeIgniter->runController()
#7 D:\work\OSPanel\domains\mgu\system\CodeIgniter.php(361): CodeIgniter\CodeIgniter->handleRequest()
#8 D:\work\OSPanel\domains\mgu\public\index.php(78): CodeIgniter\CodeIgniter->run()
#9 {main}
CRITICAL - 2023-12-07 08:05:18 --> You have an error in your SQL syntax; check the manual that corresponds to your MySQL server version for the right syntax to use near '' at line 1
in SYSTEMPATH\Database\BaseConnection.php on line 647.
 1 APPPATH\Models\edLevelModel.php(16): CodeIgniter\Database\BaseConnection->query()
 2 APPPATH\Controllers\admin\edLevel.php(43): App\Models\edLevelModel->getLevel()
 3 SYSTEMPATH\CodeIgniter.php(942): App\Controllers\admin\edLevel->editLevel()
 4 SYSTEMPATH\CodeIgniter.php(502): CodeIgniter\CodeIgniter->runController()
 5 SYSTEMPATH\CodeIgniter.php(361): CodeIgniter\CodeIgniter->handleRequest()
 6 FCPATH\index.php(78): CodeIgniter\CodeIgniter->run()
INFO - 2023-12-07 08:05:59 --> Session: Class initialized using 'CodeIgniter\Session\Handlers\FileHandler' driver.
ERROR - 2023-12-07 08:05:59 --> mysqli_sql_exception: You have an error in your SQL syntax; check the manual that corresponds to your MySQL server version for the right syntax to use near '' at line 1 in D:\work\OSPanel\domains\mgu\system\Database\MySQLi\Connection.php:306
Stack trace:
#0 D:\work\OSPanel\domains\mgu\system\Database\MySQLi\Connection.php(306): mysqli->query()
#1 D:\work\OSPanel\domains\mgu\system\Database\BaseConnection.php(693): CodeIgniter\Database\MySQLi\Connection->execute()
#2 D:\work\OSPanel\domains\mgu\system\Database\BaseConnection.php(607): CodeIgniter\Database\BaseConnection->simpleQuery()
#3 D:\work\OSPanel\domains\mgu\app\Models\edLevelModel.php(17): CodeIgniter\Database\BaseConnection->query()
#4 D:\work\OSPanel\domains\mgu\app\Controllers\admin\edLevel.php(43): App\Models\edLevelModel->getLevel()
#5 D:\work\OSPanel\domains\mgu\system\CodeIgniter.php(942): App\Controllers\admin\edLevel->editLevel()
#6 D:\work\OSPanel\domains\mgu\system\CodeIgniter.php(502): CodeIgniter\CodeIgniter->runController()
#7 D:\work\OSPanel\domains\mgu\system\CodeIgniter.php(361): CodeIgniter\CodeIgniter->handleRequest()
#8 D:\work\OSPanel\domains\mgu\public\index.php(78): CodeIgniter\CodeIgniter->run()
#9 {main}
CRITICAL - 2023-12-07 08:05:59 --> You have an error in your SQL syntax; check the manual that corresponds to your MySQL server version for the right syntax to use near '' at line 1
in SYSTEMPATH\Database\BaseConnection.php on line 647.
 1 APPPATH\Models\edLevelModel.php(17): CodeIgniter\Database\BaseConnection->query()
 2 APPPATH\Controllers\admin\edLevel.php(43): App\Models\edLevelModel->getLevel()
 3 SYSTEMPATH\CodeIgniter.php(942): App\Controllers\admin\edLevel->editLevel()
 4 SYSTEMPATH\CodeIgniter.php(502): CodeIgniter\CodeIgniter->runController()
 5 SYSTEMPATH\CodeIgniter.php(361): CodeIgniter\CodeIgniter->handleRequest()
 6 FCPATH\index.php(78): CodeIgniter\CodeIgniter->run()
INFO - 2023-12-07 08:06:26 --> Session: Class initialized using 'CodeIgniter\Session\Handlers\FileHandler' driver.
ERROR - 2023-12-07 08:06:26 --> mysqli_sql_exception: You have an error in your SQL syntax; check the manual that corresponds to your MySQL server version for the right syntax to use near '' at line 1 in D:\work\OSPanel\domains\mgu\system\Database\MySQLi\Connection.php:306
Stack trace:
#0 D:\work\OSPanel\domains\mgu\system\Database\MySQLi\Connection.php(306): mysqli->query()
#1 D:\work\OSPanel\domains\mgu\system\Database\BaseConnection.php(693): CodeIgniter\Database\MySQLi\Connection->execute()
#2 D:\work\OSPanel\domains\mgu\system\Database\BaseConnection.php(607): CodeIgniter\Database\BaseConnection->simpleQuery()
#3 D:\work\OSPanel\domains\mgu\app\Models\edLevelModel.php(17): CodeIgniter\Database\BaseConnection->query()
#4 D:\work\OSPanel\domains\mgu\app\Controllers\admin\edLevel.php(43): App\Models\edLevelModel->getLevel()
#5 D:\work\OSPanel\domains\mgu\system\CodeIgniter.php(942): App\Controllers\admin\edLevel->editLevel()
#6 D:\work\OSPanel\domains\mgu\system\CodeIgniter.php(502): CodeIgniter\CodeIgniter->runController()
#7 D:\work\OSPanel\domains\mgu\system\CodeIgniter.php(361): CodeIgniter\CodeIgniter->handleRequest()
#8 D:\work\OSPanel\domains\mgu\public\index.php(78): CodeIgniter\CodeIgniter->run()
#9 {main}
CRITICAL - 2023-12-07 08:06:26 --> You have an error in your SQL syntax; check the manual that corresponds to your MySQL server version for the right syntax to use near '' at line 1
in SYSTEMPATH\Database\BaseConnection.php on line 647.
 1 APPPATH\Models\edLevelModel.php(17): CodeIgniter\Database\BaseConnection->query()
 2 APPPATH\Controllers\admin\edLevel.php(43): App\Models\edLevelModel->getLevel()
 3 SYSTEMPATH\CodeIgniter.php(942): App\Controllers\admin\edLevel->editLevel()
 4 SYSTEMPATH\CodeIgniter.php(502): CodeIgniter\CodeIgniter->runController()
 5 SYSTEMPATH\CodeIgniter.php(361): CodeIgniter\CodeIgniter->handleRequest()
 6 FCPATH\index.php(78): CodeIgniter\CodeIgniter->run()
INFO - 2023-12-07 08:06:38 --> Session: Class initialized using 'CodeIgniter\Session\Handlers\FileHandler' driver.
ERROR - 2023-12-07 08:06:38 --> mysqli_sql_exception: You have an error in your SQL syntax; check the manual that corresponds to your MySQL server version for the right syntax to use near 'LEFT JOIN education_level  l' at line 1 in D:\work\OSPanel\domains\mgu\system\Database\MySQLi\Connection.php:306
Stack trace:
#0 D:\work\OSPanel\domains\mgu\system\Database\MySQLi\Connection.php(306): mysqli->query()
#1 D:\work\OSPanel\domains\mgu\system\Database\BaseConnection.php(693): CodeIgniter\Database\MySQLi\Connection->execute()
#2 D:\work\OSPanel\domains\mgu\system\Database\BaseConnection.php(607): CodeIgniter\Database\BaseConnection->simpleQuery()
#3 D:\work\OSPanel\domains\mgu\app\Models\edLevelModel.php(17): CodeIgniter\Database\BaseConnection->query()
#4 D:\work\OSPanel\domains\mgu\app\Controllers\admin\edLevel.php(43): App\Models\edLevelModel->getLevel()
#5 D:\work\OSPanel\domains\mgu\system\CodeIgniter.php(942): App\Controllers\admin\edLevel->editLevel()
#6 D:\work\OSPanel\domains\mgu\system\CodeIgniter.php(502): CodeIgniter\CodeIgniter->runController()
#7 D:\work\OSPanel\domains\mgu\system\CodeIgniter.php(361): CodeIgniter\CodeIgniter->handleRequest()
#8 D:\work\OSPanel\domains\mgu\public\index.php(78): CodeIgniter\CodeIgniter->run()
#9 {main}
CRITICAL - 2023-12-07 08:06:38 --> You have an error in your SQL syntax; check the manual that corresponds to your MySQL server version for the right syntax to use near 'LEFT JOIN education_level  l' at line 1
in SYSTEMPATH\Database\BaseConnection.php on line 647.
 1 APPPATH\Models\edLevelModel.php(17): CodeIgniter\Database\BaseConnection->query()
 2 APPPATH\Controllers\admin\edLevel.php(43): App\Models\edLevelModel->getLevel()
 3 SYSTEMPATH\CodeIgniter.php(942): App\Controllers\admin\edLevel->editLevel()
 4 SYSTEMPATH\CodeIgniter.php(502): CodeIgniter\CodeIgniter->runController()
 5 SYSTEMPATH\CodeIgniter.php(361): CodeIgniter\CodeIgniter->handleRequest()
 6 FCPATH\index.php(78): CodeIgniter\CodeIgniter->run()
INFO - 2023-12-07 08:06:53 --> Session: Class initialized using 'CodeIgniter\Session\Handlers\FileHandler' driver.
ERROR - 2023-12-07 08:06:53 --> mysqli_sql_exception: You have an error in your SQL syntax; check the manual that corresponds to your MySQL server version for the right syntax to use near '' at line 1 in D:\work\OSPanel\domains\mgu\system\Database\MySQLi\Connection.php:306
Stack trace:
#0 D:\work\OSPanel\domains\mgu\system\Database\MySQLi\Connection.php(306): mysqli->query()
#1 D:\work\OSPanel\domains\mgu\system\Database\BaseConnection.php(693): CodeIgniter\Database\MySQLi\Connection->execute()
#2 D:\work\OSPanel\domains\mgu\system\Database\BaseConnection.php(607): CodeIgniter\Database\BaseConnection->simpleQuery()
#3 D:\work\OSPanel\domains\mgu\app\Models\edLevelModel.php(17): CodeIgniter\Database\BaseConnection->query()
#4 D:\work\OSPanel\domains\mgu\app\Controllers\admin\edLevel.php(43): App\Models\edLevelModel->getLevel()
#5 D:\work\OSPanel\domains\mgu\system\CodeIgniter.php(942): App\Controllers\admin\edLevel->editLevel()
#6 D:\work\OSPanel\domains\mgu\system\CodeIgniter.php(502): CodeIgniter\CodeIgniter->runController()
#7 D:\work\OSPanel\domains\mgu\system\CodeIgniter.php(361): CodeIgniter\CodeIgniter->handleRequest()
#8 D:\work\OSPanel\domains\mgu\public\index.php(78): CodeIgniter\CodeIgniter->run()
#9 {main}
CRITICAL - 2023-12-07 08:06:53 --> You have an error in your SQL syntax; check the manual that corresponds to your MySQL server version for the right syntax to use near '' at line 1
in SYSTEMPATH\Database\BaseConnection.php on line 647.
 1 APPPATH\Models\edLevelModel.php(17): CodeIgniter\Database\BaseConnection->query()
 2 APPPATH\Controllers\admin\edLevel.php(43): App\Models\edLevelModel->getLevel()
 3 SYSTEMPATH\CodeIgniter.php(942): App\Controllers\admin\edLevel->editLevel()
 4 SYSTEMPATH\CodeIgniter.php(502): CodeIgniter\CodeIgniter->runController()
 5 SYSTEMPATH\CodeIgniter.php(361): CodeIgniter\CodeIgniter->handleRequest()
 6 FCPATH\index.php(78): CodeIgniter\CodeIgniter->run()
INFO - 2023-12-07 08:06:59 --> Session: Class initialized using 'CodeIgniter\Session\Handlers\FileHandler' driver.
ERROR - 2023-12-07 08:06:59 --> mysqli_sql_exception: You have an error in your SQL syntax; check the manual that corresponds to your MySQL server version for the right syntax to use near '' at line 1 in D:\work\OSPanel\domains\mgu\system\Database\MySQLi\Connection.php:306
Stack trace:
#0 D:\work\OSPanel\domains\mgu\system\Database\MySQLi\Connection.php(306): mysqli->query()
#1 D:\work\OSPanel\domains\mgu\system\Database\BaseConnection.php(693): CodeIgniter\Database\MySQLi\Connection->execute()
#2 D:\work\OSPanel\domains\mgu\system\Database\BaseConnection.php(607): CodeIgniter\Database\BaseConnection->simpleQuery()
#3 D:\work\OSPanel\domains\mgu\app\Models\edLevelModel.php(17): CodeIgniter\Database\BaseConnection->query()
#4 D:\work\OSPanel\domains\mgu\app\Controllers\admin\edLevel.php(43): App\Models\edLevelModel->getLevel()
#5 D:\work\OSPanel\domains\mgu\system\CodeIgniter.php(942): App\Controllers\admin\edLevel->editLevel()
#6 D:\work\OSPanel\domains\mgu\system\CodeIgniter.php(502): CodeIgniter\CodeIgniter->runController()
#7 D:\work\OSPanel\domains\mgu\system\CodeIgniter.php(361): CodeIgniter\CodeIgniter->handleRequest()
#8 D:\work\OSPanel\domains\mgu\public\index.php(78): CodeIgniter\CodeIgniter->run()
#9 {main}
CRITICAL - 2023-12-07 08:06:59 --> You have an error in your SQL syntax; check the manual that corresponds to your MySQL server version for the right syntax to use near '' at line 1
in SYSTEMPATH\Database\BaseConnection.php on line 647.
 1 APPPATH\Models\edLevelModel.php(17): CodeIgniter\Database\BaseConnection->query()
 2 APPPATH\Controllers\admin\edLevel.php(43): App\Models\edLevelModel->getLevel()
 3 SYSTEMPATH\CodeIgniter.php(942): App\Controllers\admin\edLevel->editLevel()
 4 SYSTEMPATH\CodeIgniter.php(502): CodeIgniter\CodeIgniter->runController()
 5 SYSTEMPATH\CodeIgniter.php(361): CodeIgniter\CodeIgniter->handleRequest()
 6 FCPATH\index.php(78): CodeIgniter\CodeIgniter->run()
INFO - 2023-12-07 08:07:04 --> Session: Class initialized using 'CodeIgniter\Session\Handlers\FileHandler' driver.
ERROR - 2023-12-07 08:07:04 --> mysqli_sql_exception: You have an error in your SQL syntax; check the manual that corresponds to your MySQL server version for the right syntax to use near '' at line 1 in D:\work\OSPanel\domains\mgu\system\Database\MySQLi\Connection.php:306
Stack trace:
#0 D:\work\OSPanel\domains\mgu\system\Database\MySQLi\Connection.php(306): mysqli->query()
#1 D:\work\OSPanel\domains\mgu\system\Database\BaseConnection.php(693): CodeIgniter\Database\MySQLi\Connection->execute()
#2 D:\work\OSPanel\domains\mgu\system\Database\BaseConnection.php(607): CodeIgniter\Database\BaseConnection->simpleQuery()
#3 D:\work\OSPanel\domains\mgu\app\Models\edLevelModel.php(17): CodeIgniter\Database\BaseConnection->query()
#4 D:\work\OSPanel\domains\mgu\app\Controllers\admin\edLevel.php(43): App\Models\edLevelModel->getLevel()
#5 D:\work\OSPanel\domains\mgu\system\CodeIgniter.php(942): App\Controllers\admin\edLevel->editLevel()
#6 D:\work\OSPanel\domains\mgu\system\CodeIgniter.php(502): CodeIgniter\CodeIgniter->runController()
#7 D:\work\OSPanel\domains\mgu\system\CodeIgniter.php(361): CodeIgniter\CodeIgniter->handleRequest()
#8 D:\work\OSPanel\domains\mgu\public\index.php(78): CodeIgniter\CodeIgniter->run()
#9 {main}
CRITICAL - 2023-12-07 08:07:04 --> You have an error in your SQL syntax; check the manual that corresponds to your MySQL server version for the right syntax to use near '' at line 1
in SYSTEMPATH\Database\BaseConnection.php on line 647.
 1 APPPATH\Models\edLevelModel.php(17): CodeIgniter\Database\BaseConnection->query()
 2 APPPATH\Controllers\admin\edLevel.php(43): App\Models\edLevelModel->getLevel()
 3 SYSTEMPATH\CodeIgniter.php(942): App\Controllers\admin\edLevel->editLevel()
 4 SYSTEMPATH\CodeIgniter.php(502): CodeIgniter\CodeIgniter->runController()
 5 SYSTEMPATH\CodeIgniter.php(361): CodeIgniter\CodeIgniter->handleRequest()
 6 FCPATH\index.php(78): CodeIgniter\CodeIgniter->run()
INFO - 2023-12-07 08:07:12 --> Session: Class initialized using 'CodeIgniter\Session\Handlers\FileHandler' driver.
INFO - 2023-12-07 08:07:40 --> Session: Class initialized using 'CodeIgniter\Session\Handlers\FileHandler' driver.
INFO - 2023-12-07 08:09:23 --> Session: Class initialized using 'CodeIgniter\Session\Handlers\FileHandler' driver.
INFO - 2023-12-07 08:09:29 --> Session: Class initialized using 'CodeIgniter\Session\Handlers\FileHandler' driver.
INFO - 2023-12-07 08:13:27 --> Session: Class initialized using 'CodeIgniter\Session\Handlers\FileHandler' driver.
INFO - 2023-12-07 08:15:31 --> Session: Class initialized using 'CodeIgniter\Session\Handlers\FileHandler' driver.
INFO - 2023-12-07 08:15:56 --> Session: Class initialized using 'CodeIgniter\Session\Handlers\FileHandler' driver.
INFO - 2023-12-07 08:17:41 --> Session: Class initialized using 'CodeIgniter\Session\Handlers\FileHandler' driver.
INFO - 2023-12-07 08:17:44 --> Session: Class initialized using 'CodeIgniter\Session\Handlers\FileHandler' driver.
INFO - 2023-12-07 08:17:44 --> Session: Class initialized using 'CodeIgniter\Session\Handlers\FileHandler' driver.
INFO - 2023-12-07 08:17:46 --> Session: Class initialized using 'CodeIgniter\Session\Handlers\FileHandler' driver.
INFO - 2023-12-07 08:17:49 --> Session: Class initialized using 'CodeIgniter\Session\Handlers\FileHandler' driver.
INFO - 2023-12-07 08:20:29 --> Session: Class initialized using 'CodeIgniter\Session\Handlers\FileHandler' driver.
INFO - 2023-12-07 08:20:52 --> Session: Class initialized using 'CodeIgniter\Session\Handlers\FileHandler' driver.
INFO - 2023-12-07 08:22:42 --> Session: Class initialized using 'CodeIgniter\Session\Handlers\FileHandler' driver.
INFO - 2023-12-07 08:22:55 --> Session: Class initialized using 'CodeIgniter\Session\Handlers\FileHandler' driver.
INFO - 2023-12-07 08:23:25 --> Session: Class initialized using 'CodeIgniter\Session\Handlers\FileHandler' driver.
INFO - 2023-12-07 08:24:27 --> Session: Class initialized using 'CodeIgniter\Session\Handlers\FileHandler' driver.
INFO - 2023-12-07 08:24:43 --> Session: Class initialized using 'CodeIgniter\Session\Handlers\FileHandler' driver.
INFO - 2023-12-07 08:24:55 --> Session: Class initialized using 'CodeIgniter\Session\Handlers\FileHandler' driver.
INFO - 2023-12-07 08:25:42 --> Session: Class initialized using 'CodeIgniter\Session\Handlers\FileHandler' driver.
INFO - 2023-12-07 08:25:54 --> Session: Class initialized using 'CodeIgniter\Session\Handlers\FileHandler' driver.
INFO - 2023-12-07 08:26:00 --> Session: Class initialized using 'CodeIgniter\Session\Handlers\FileHandler' driver.
INFO - 2023-12-07 08:26:15 --> Session: Class initialized using 'CodeIgniter\Session\Handlers\FileHandler' driver.
INFO - 2023-12-07 08:26:27 --> Session: Class initialized using 'CodeIgniter\Session\Handlers\FileHandler' driver.
INFO - 2023-12-07 08:27:01 --> Session: Class initialized using 'CodeIgniter\Session\Handlers\FileHandler' driver.
INFO - 2023-12-07 08:27:26 --> Session: Class initialized using 'CodeIgniter\Session\Handlers\FileHandler' driver.
INFO - 2023-12-07 08:27:54 --> Session: Class initialized using 'CodeIgniter\Session\Handlers\FileHandler' driver.
INFO - 2023-12-07 08:28:21 --> Session: Class initialized using 'CodeIgniter\Session\Handlers\FileHandler' driver.
INFO - 2023-12-07 08:28:24 --> Session: Class initialized using 'CodeIgniter\Session\Handlers\FileHandler' driver.
INFO - 2023-12-07 08:28:40 --> Session: Class initialized using 'CodeIgniter\Session\Handlers\FileHandler' driver.
INFO - 2023-12-07 08:28:56 --> Session: Class initialized using 'CodeIgniter\Session\Handlers\FileHandler' driver.
INFO - 2023-12-07 08:29:08 --> Session: Class initialized using 'CodeIgniter\Session\Handlers\FileHandler' driver.
INFO - 2023-12-07 08:29:42 --> Session: Class initialized using 'CodeIgniter\Session\Handlers\FileHandler' driver.
INFO - 2023-12-07 08:30:26 --> Session: Class initialized using 'CodeIgniter\Session\Handlers\FileHandler' driver.
INFO - 2023-12-07 08:30:35 --> Session: Class initialized using 'CodeIgniter\Session\Handlers\FileHandler' driver.
INFO - 2023-12-07 08:31:13 --> Session: Class initialized using 'CodeIgniter\Session\Handlers\FileHandler' driver.
INFO - 2023-12-07 08:31:32 --> Session: Class initialized using 'CodeIgniter\Session\Handlers\FileHandler' driver.
INFO - 2023-12-07 08:33:02 --> Session: Class initialized using 'CodeIgniter\Session\Handlers\FileHandler' driver.
INFO - 2023-12-07 08:33:05 --> Session: Class initialized using 'CodeIgniter\Session\Handlers\FileHandler' driver.
CRITICAL - 2023-12-07 08:33:05 --> Undefined index: op
in APPPATH\Controllers\admin\edLevel.php on line 39.
 1 APPPATH\Controllers\admin\edLevel.php(39): CodeIgniter\Debug\Exceptions->errorHandler()
 2 SYSTEMPATH\CodeIgniter.php(942): App\Controllers\admin\edLevel->editLevel()
 3 SYSTEMPATH\CodeIgniter.php(502): CodeIgniter\CodeIgniter->runController()
 4 SYSTEMPATH\CodeIgniter.php(361): CodeIgniter\CodeIgniter->handleRequest()
 5 FCPATH\index.php(78): CodeIgniter\CodeIgniter->run()
INFO - 2023-12-07 08:33:21 --> Session: Class initialized using 'CodeIgniter\Session\Handlers\FileHandler' driver.
INFO - 2023-12-07 08:34:12 --> Session: Class initialized using 'CodeIgniter\Session\Handlers\FileHandler' driver.
INFO - 2023-12-07 08:34:13 --> Session: Class initialized using 'CodeIgniter\Session\Handlers\FileHandler' driver.
INFO - 2023-12-07 08:35:18 --> Session: Class initialized using 'CodeIgniter\Session\Handlers\FileHandler' driver.
INFO - 2023-12-07 08:35:19 --> Session: Class initialized using 'CodeIgniter\Session\Handlers\FileHandler' driver.
INFO - 2023-12-07 08:39:11 --> Session: Class initialized using 'CodeIgniter\Session\Handlers\FileHandler' driver.
INFO - 2023-12-07 08:39:15 --> Session: Class initialized using 'CodeIgniter\Session\Handlers\FileHandler' driver.
INFO - 2023-12-07 08:39:35 --> Session: Class initialized using 'CodeIgniter\Session\Handlers\FileHandler' driver.
INFO - 2023-12-07 08:39:43 --> Session: Class initialized using 'CodeIgniter\Session\Handlers\FileHandler' driver.
INFO - 2023-12-07 08:39:57 --> Session: Class initialized using 'CodeIgniter\Session\Handlers\FileHandler' driver.
INFO - 2023-12-07 08:40:09 --> Session: Class initialized using 'CodeIgniter\Session\Handlers\FileHandler' driver.
INFO - 2023-12-07 08:40:20 --> Session: Class initialized using 'CodeIgniter\Session\Handlers\FileHandler' driver.
INFO - 2023-12-07 08:40:22 --> Session: Class initialized using 'CodeIgniter\Session\Handlers\FileHandler' driver.
INFO - 2023-12-07 08:40:22 --> Session: Class initialized using 'CodeIgniter\Session\Handlers\FileHandler' driver.
INFO - 2023-12-07 08:40:49 --> Session: Class initialized using 'CodeIgniter\Session\Handlers\FileHandler' driver.
INFO - 2023-12-07 08:40:52 --> Session: Class initialized using 'CodeIgniter\Session\Handlers\FileHandler' driver.
INFO - 2023-12-07 08:40:53 --> Session: Class initialized using 'CodeIgniter\Session\Handlers\FileHandler' driver.
INFO - 2023-12-07 08:41:30 --> Session: Class initialized using 'CodeIgniter\Session\Handlers\FileHandler' driver.
INFO - 2023-12-07 08:41:39 --> Session: Class initialized using 'CodeIgniter\Session\Handlers\FileHandler' driver.
INFO - 2023-12-07 08:41:46 --> Session: Class initialized using 'CodeIgniter\Session\Handlers\FileHandler' driver.
INFO - 2023-12-07 08:42:00 --> Session: Class initialized using 'CodeIgniter\Session\Handlers\FileHandler' driver.
INFO - 2023-12-07 08:42:05 --> Session: Class initialized using 'CodeIgniter\Session\Handlers\FileHandler' driver.
INFO - 2023-12-07 08:42:11 --> Session: Class initialized using 'CodeIgniter\Session\Handlers\FileHandler' driver.
INFO - 2023-12-07 08:42:14 --> Session: Class initialized using 'CodeIgniter\Session\Handlers\FileHandler' driver.
INFO - 2023-12-07 08:42:46 --> Session: Class initialized using 'CodeIgniter\Session\Handlers\FileHandler' driver.
INFO - 2023-12-07 08:42:55 --> Session: Class initialized using 'CodeIgniter\Session\Handlers\FileHandler' driver.
CRITICAL - 2023-12-07 08:42:55 --> Undefined index: tid2
in APPPATH\Models\edLevelModel.php on line 26.
 1 APPPATH\Models\edLevelModel.php(26): CodeIgniter\Debug\Exceptions->errorHandler()
 2 APPPATH\Controllers\admin\edLevel.php(39): App\Models\edLevelModel->change()
 3 SYSTEMPATH\CodeIgniter.php(942): App\Controllers\admin\edLevel->editLevel()
 4 SYSTEMPATH\CodeIgniter.php(502): CodeIgniter\CodeIgniter->runController()
 5 SYSTEMPATH\CodeIgniter.php(361): CodeIgniter\CodeIgniter->handleRequest()
 6 FCPATH\index.php(78): CodeIgniter\CodeIgniter->run()
INFO - 2023-12-07 08:43:07 --> Session: Class initialized using 'CodeIgniter\Session\Handlers\FileHandler' driver.
INFO - 2023-12-07 08:43:12 --> Session: Class initialized using 'CodeIgniter\Session\Handlers\FileHandler' driver.
INFO - 2023-12-07 08:43:14 --> Session: Class initialized using 'CodeIgniter\Session\Handlers\FileHandler' driver.
INFO - 2023-12-07 08:43:17 --> Session: Class initialized using 'CodeIgniter\Session\Handlers\FileHandler' driver.
INFO - 2023-12-07 08:43:19 --> Session: Class initialized using 'CodeIgniter\Session\Handlers\FileHandler' driver.
INFO - 2023-12-07 08:43:23 --> Session: Class initialized using 'CodeIgniter\Session\Handlers\FileHandler' driver.
INFO - 2023-12-07 08:44:12 --> Session: Class initialized using 'CodeIgniter\Session\Handlers\FileHandler' driver.
INFO - 2023-12-07 08:44:22 --> Session: Class initialized using 'CodeIgniter\Session\Handlers\FileHandler' driver.
INFO - 2023-12-07 08:44:26 --> Session: Class initialized using 'CodeIgniter\Session\Handlers\FileHandler' driver.
INFO - 2023-12-07 08:47:17 --> Session: Class initialized using 'CodeIgniter\Session\Handlers\FileHandler' driver.
ERROR - 2023-12-07 08:47:17 --> mysqli_sql_exception: Table 'mgu.eudcation_type' doesn't exist in D:\work\OSPanel\domains\mgu\system\Database\MySQLi\Connection.php:306
Stack trace:
#0 D:\work\OSPanel\domains\mgu\system\Database\MySQLi\Connection.php(306): mysqli->query()
#1 D:\work\OSPanel\domains\mgu\system\Database\BaseConnection.php(693): CodeIgniter\Database\MySQLi\Connection->execute()
#2 D:\work\OSPanel\domains\mgu\system\Database\BaseConnection.php(607): CodeIgniter\Database\BaseConnection->simpleQuery()
#3 D:\work\OSPanel\domains\mgu\app\Models\edLevelModel.php(27): CodeIgniter\Database\BaseConnection->query()
#4 D:\work\OSPanel\domains\mgu\app\Controllers\admin\edLevel.php(39): App\Models\edLevelModel->change()
#5 D:\work\OSPanel\domains\mgu\system\CodeIgniter.php(942): App\Controllers\admin\edLevel->editLevel()
#6 D:\work\OSPanel\domains\mgu\system\CodeIgniter.php(502): CodeIgniter\CodeIgniter->runController()
#7 D:\work\OSPanel\domains\mgu\system\CodeIgniter.php(361): CodeIgniter\CodeIgniter->handleRequest()
#8 D:\work\OSPanel\domains\mgu\public\index.php(78): CodeIgniter\CodeIgniter->run()
#9 {main}
CRITICAL - 2023-12-07 08:47:17 --> Table 'mgu.eudcation_type' doesn't exist
in SYSTEMPATH\Database\BaseConnection.php on line 647.
 1 APPPATH\Models\edLevelModel.php(27): CodeIgniter\Database\BaseConnection->query()
 2 APPPATH\Controllers\admin\edLevel.php(39): App\Models\edLevelModel->change()
 3 SYSTEMPATH\CodeIgniter.php(942): App\Controllers\admin\edLevel->editLevel()
 4 SYSTEMPATH\CodeIgniter.php(502): CodeIgniter\CodeIgniter->runController()
 5 SYSTEMPATH\CodeIgniter.php(361): CodeIgniter\CodeIgniter->handleRequest()
 6 FCPATH\index.php(78): CodeIgniter\CodeIgniter->run()
INFO - 2023-12-07 08:47:29 --> Session: Class initialized using 'CodeIgniter\Session\Handlers\FileHandler' driver.
INFO - 2023-12-07 08:47:38 --> Session: Class initialized using 'CodeIgniter\Session\Handlers\FileHandler' driver.
INFO - 2023-12-07 08:48:39 --> Session: Class initialized using 'CodeIgniter\Session\Handlers\FileHandler' driver.
INFO - 2023-12-07 08:48:44 --> Session: Class initialized using 'CodeIgniter\Session\Handlers\FileHandler' driver.
INFO - 2023-12-07 08:48:48 --> Session: Class initialized using 'CodeIgniter\Session\Handlers\FileHandler' driver.
INFO - 2023-12-07 08:48:58 --> Session: Class initialized using 'CodeIgniter\Session\Handlers\FileHandler' driver.
INFO - 2023-12-07 08:48:59 --> Session: Class initialized using 'CodeIgniter\Session\Handlers\FileHandler' driver.
INFO - 2023-12-07 08:49:35 --> Session: Class initialized using 'CodeIgniter\Session\Handlers\FileHandler' driver.
INFO - 2023-12-07 08:49:38 --> Session: Class initialized using 'CodeIgniter\Session\Handlers\FileHandler' driver.
INFO - 2023-12-07 08:49:39 --> Session: Class initialized using 'CodeIgniter\Session\Handlers\FileHandler' driver.
INFO - 2023-12-07 08:49:40 --> Session: Class initialized using 'CodeIgniter\Session\Handlers\FileHandler' driver.
INFO - 2023-12-07 08:49:45 --> Session: Class initialized using 'CodeIgniter\Session\Handlers\FileHandler' driver.
INFO - 2023-12-07 08:49:51 --> Session: Class initialized using 'CodeIgniter\Session\Handlers\FileHandler' driver.
INFO - 2023-12-07 08:49:51 --> Session: Class initialized using 'CodeIgniter\Session\Handlers\FileHandler' driver.
INFO - 2023-12-07 08:49:54 --> Session: Class initialized using 'CodeIgniter\Session\Handlers\FileHandler' driver.
INFO - 2023-12-07 08:49:57 --> Session: Class initialized using 'CodeIgniter\Session\Handlers\FileHandler' driver.
INFO - 2023-12-07 08:49:57 --> Session: Class initialized using 'CodeIgniter\Session\Handlers\FileHandler' driver.
INFO - 2023-12-07 08:50:00 --> Session: Class initialized using 'CodeIgniter\Session\Handlers\FileHandler' driver.
INFO - 2023-12-07 08:50:03 --> Session: Class initialized using 'CodeIgniter\Session\Handlers\FileHandler' driver.
INFO - 2023-12-07 08:50:04 --> Session: Class initialized using 'CodeIgniter\Session\Handlers\FileHandler' driver.
INFO - 2023-12-07 10:46:27 --> Session: Class initialized using 'CodeIgniter\Session\Handlers\FileHandler' driver.
INFO - 2023-12-07 10:46:30 --> Session: Class initialized using 'CodeIgniter\Session\Handlers\FileHandler' driver.
INFO - 2023-12-07 10:46:30 --> Session: Class initialized using 'CodeIgniter\Session\Handlers\FileHandler' driver.
INFO - 2023-12-07 10:46:32 --> Session: Class initialized using 'CodeIgniter\Session\Handlers\FileHandler' driver.
INFO - 2023-12-07 11:05:15 --> Session: Class initialized using 'CodeIgniter\Session\Handlers\FileHandler' driver.
INFO - 2023-12-07 11:05:20 --> Session: Class initialized using 'CodeIgniter\Session\Handlers\FileHandler' driver.
INFO - 2023-12-07 11:24:53 --> Session: Class initialized using 'CodeIgniter\Session\Handlers\FileHandler' driver.
INFO - 2023-12-07 11:24:55 --> Session: Class initialized using 'CodeIgniter\Session\Handlers\FileHandler' driver.
INFO - 2023-12-07 11:24:55 --> Session: Class initialized using 'CodeIgniter\Session\Handlers\FileHandler' driver.
INFO - 2023-12-07 11:27:19 --> Session: Class initialized using 'CodeIgniter\Session\Handlers\FileHandler' driver.
INFO - 2023-12-07 11:29:32 --> Session: Class initialized using 'CodeIgniter\Session\Handlers\FileHandler' driver.
INFO - 2023-12-07 11:29:37 --> Session: Class initialized using 'CodeIgniter\Session\Handlers\FileHandler' driver.
INFO - 2023-12-07 11:29:37 --> Session: Class initialized using 'CodeIgniter\Session\Handlers\FileHandler' driver.
INFO - 2023-12-07 11:32:27 --> Session: Class initialized using 'CodeIgniter\Session\Handlers\FileHandler' driver.
INFO - 2023-12-07 11:32:29 --> Session: Class initialized using 'CodeIgniter\Session\Handlers\FileHandler' driver.
CRITICAL - 2023-12-07 11:32:29 --> Invalid argument supplied for foreach()
in APPPATH\Views\admin\edLevelList.php on line 17.
 1 APPPATH\Views\admin\edLevelList.php(17): CodeIgniter\Debug\Exceptions->errorHandler()
 2 SYSTEMPATH\View\View.php(228): include('D:\\work\\OSPanel\\domains\\mgu\\app\\Views\\admin\\edLevelList.php')
 3 SYSTEMPATH\View\View.php(231): CodeIgniter\View\View->CodeIgniter\View\{closure}()
 4 SYSTEMPATH\Common.php(1190): CodeIgniter\View\View->render()
 5 APPPATH\Controllers\admin\Faculty.php(30): view()
 6 SYSTEMPATH\CodeIgniter.php(942): App\Controllers\admin\Faculty->list()
 7 SYSTEMPATH\CodeIgniter.php(502): CodeIgniter\CodeIgniter->runController()
 8 SYSTEMPATH\CodeIgniter.php(361): CodeIgniter\CodeIgniter->handleRequest()
 9 FCPATH\index.php(78): CodeIgniter\CodeIgniter->run()
INFO - 2023-12-07 11:32:49 --> Session: Class initialized using 'CodeIgniter\Session\Handlers\FileHandler' driver.
INFO - 2023-12-07 11:33:02 --> Session: Class initialized using 'CodeIgniter\Session\Handlers\FileHandler' driver.
INFO - 2023-12-07 11:33:08 --> Session: Class initialized using 'CodeIgniter\Session\Handlers\FileHandler' driver.
INFO - 2023-12-07 11:34:19 --> Session: Class initialized using 'CodeIgniter\Session\Handlers\FileHandler' driver.
INFO - 2023-12-07 11:34:29 --> Session: Class initialized using 'CodeIgniter\Session\Handlers\FileHandler' driver.
INFO - 2023-12-07 11:34:38 --> Session: Class initialized using 'CodeIgniter\Session\Handlers\FileHandler' driver.
INFO - 2023-12-07 11:34:41 --> Session: Class initialized using 'CodeIgniter\Session\Handlers\FileHandler' driver.
INFO - 2023-12-07 11:34:45 --> Session: Class initialized using 'CodeIgniter\Session\Handlers\FileHandler' driver.
INFO - 2023-12-07 11:34:50 --> Session: Class initialized using 'CodeIgniter\Session\Handlers\FileHandler' driver.
INFO - 2023-12-07 11:44:20 --> Session: Class initialized using 'CodeIgniter\Session\Handlers\FileHandler' driver.
INFO - 2023-12-07 11:46:06 --> Session: Class initialized using 'CodeIgniter\Session\Handlers\FileHandler' driver.
INFO - 2023-12-07 11:46:19 --> Session: Class initialized using 'CodeIgniter\Session\Handlers\FileHandler' driver.
INFO - 2023-12-07 11:47:14 --> Session: Class initialized using 'CodeIgniter\Session\Handlers\FileHandler' driver.
INFO - 2023-12-07 11:56:20 --> Session: Class initialized using 'CodeIgniter\Session\Handlers\FileHandler' driver.
INFO - 2023-12-07 12:46:07 --> Session: Class initialized using 'CodeIgniter\Session\Handlers\FileHandler' driver.
INFO - 2023-12-07 12:54:29 --> Session: Class initialized using 'CodeIgniter\Session\Handlers\FileHandler' driver.
INFO - 2023-12-07 12:56:56 --> Session: Class initialized using 'CodeIgniter\Session\Handlers\FileHandler' driver.
INFO - 2023-12-07 13:01:00 --> Session: Class initialized using 'CodeIgniter\Session\Handlers\FileHandler' driver.
INFO - 2023-12-07 13:01:22 --> Session: Class initialized using 'CodeIgniter\Session\Handlers\FileHandler' driver.
ERROR - 2023-12-07 13:01:22 --> mysqli_sql_exception: You have an error in your SQL syntax; check the manual that corresponds to your MySQL server version for the right syntax to use near 's.lID=l.id and fID='1' ORDER BY l.sort, s.sort, s.code, s.name' at line 1 in D:\work\OSPanel\domains\mgu\system\Database\MySQLi\Connection.php:306
Stack trace:
#0 D:\work\OSPanel\domains\mgu\system\Database\MySQLi\Connection.php(306): mysqli->query()
#1 D:\work\OSPanel\domains\mgu\system\Database\BaseConnection.php(693): CodeIgniter\Database\MySQLi\Connection->execute()
#2 D:\work\OSPanel\domains\mgu\system\Database\BaseConnection.php(607): CodeIgniter\Database\BaseConnection->simpleQuery()
#3 D:\work\OSPanel\domains\mgu\app\Models\FacultyModel.php(14): CodeIgniter\Database\BaseConnection->query()
#4 D:\work\OSPanel\domains\mgu\app\Controllers\admin\Faculty.php(25): App\Models\FacultyModel->getList()
#5 D:\work\OSPanel\domains\mgu\system\CodeIgniter.php(942): App\Controllers\admin\Faculty->list()
#6 D:\work\OSPanel\domains\mgu\system\CodeIgniter.php(502): CodeIgniter\CodeIgniter->runController()
#7 D:\work\OSPanel\domains\mgu\system\CodeIgniter.php(361): CodeIgniter\CodeIgniter->handleRequest()
#8 D:\work\OSPanel\domains\mgu\public\index.php(78): CodeIgniter\CodeIgniter->run()
#9 {main}
CRITICAL - 2023-12-07 13:01:22 --> You have an error in your SQL syntax; check the manual that corresponds to your MySQL server version for the right syntax to use near 's.lID=l.id and fID='1' ORDER BY l.sort, s.sort, s.code, s.name' at line 1
in SYSTEMPATH\Database\BaseConnection.php on line 647.
 1 APPPATH\Models\FacultyModel.php(14): CodeIgniter\Database\BaseConnection->query()
 2 APPPATH\Controllers\admin\Faculty.php(25): App\Models\FacultyModel->getList()
 3 SYSTEMPATH\CodeIgniter.php(942): App\Controllers\admin\Faculty->list()
 4 SYSTEMPATH\CodeIgniter.php(502): CodeIgniter\CodeIgniter->runController()
 5 SYSTEMPATH\CodeIgniter.php(361): CodeIgniter\CodeIgniter->handleRequest()
 6 FCPATH\index.php(78): CodeIgniter\CodeIgniter->run()
INFO - 2023-12-07 13:01:37 --> Session: Class initialized using 'CodeIgniter\Session\Handlers\FileHandler' driver.
ERROR - 2023-12-07 13:01:37 --> mysqli_sql_exception: You have an error in your SQL syntax; check the manual that corresponds to your MySQL server version for the right syntax to use near 's.lID=l.id and fID='1' ORDER BY l.sort, s.sort, s.code, s.name' at line 1 in D:\work\OSPanel\domains\mgu\system\Database\MySQLi\Connection.php:306
Stack trace:
#0 D:\work\OSPanel\domains\mgu\system\Database\MySQLi\Connection.php(306): mysqli->query()
#1 D:\work\OSPanel\domains\mgu\system\Database\BaseConnection.php(693): CodeIgniter\Database\MySQLi\Connection->execute()
#2 D:\work\OSPanel\domains\mgu\system\Database\BaseConnection.php(607): CodeIgniter\Database\BaseConnection->simpleQuery()
#3 D:\work\OSPanel\domains\mgu\app\Models\FacultyModel.php(14): CodeIgniter\Database\BaseConnection->query()
#4 D:\work\OSPanel\domains\mgu\app\Controllers\admin\Faculty.php(25): App\Models\FacultyModel->getList()
#5 D:\work\OSPanel\domains\mgu\system\CodeIgniter.php(942): App\Controllers\admin\Faculty->list()
#6 D:\work\OSPanel\domains\mgu\system\CodeIgniter.php(502): CodeIgniter\CodeIgniter->runController()
#7 D:\work\OSPanel\domains\mgu\system\CodeIgniter.php(361): CodeIgniter\CodeIgniter->handleRequest()
#8 D:\work\OSPanel\domains\mgu\public\index.php(78): CodeIgniter\CodeIgniter->run()
#9 {main}
CRITICAL - 2023-12-07 13:01:37 --> You have an error in your SQL syntax; check the manual that corresponds to your MySQL server version for the right syntax to use near 's.lID=l.id and fID='1' ORDER BY l.sort, s.sort, s.code, s.name' at line 1
in SYSTEMPATH\Database\BaseConnection.php on line 647.
 1 APPPATH\Models\FacultyModel.php(14): CodeIgniter\Database\BaseConnection->query()
 2 APPPATH\Controllers\admin\Faculty.php(25): App\Models\FacultyModel->getList()
 3 SYSTEMPATH\CodeIgniter.php(942): App\Controllers\admin\Faculty->list()
 4 SYSTEMPATH\CodeIgniter.php(502): CodeIgniter\CodeIgniter->runController()
 5 SYSTEMPATH\CodeIgniter.php(361): CodeIgniter\CodeIgniter->handleRequest()
 6 FCPATH\index.php(78): CodeIgniter\CodeIgniter->run()
INFO - 2023-12-07 13:05:10 --> Session: Class initialized using 'CodeIgniter\Session\Handlers\FileHandler' driver.
ERROR - 2023-12-07 13:05:10 --> mysqli_sql_exception: You have an error in your SQL syntax; check the manual that corresponds to your MySQL server version for the right syntax to use near 'ON s.lID=l.id and fID='1' ORDER BY l.sort, s.sort, s.code, s.name' at line 1 in D:\work\OSPanel\domains\mgu\system\Database\MySQLi\Connection.php:306
Stack trace:
#0 D:\work\OSPanel\domains\mgu\system\Database\MySQLi\Connection.php(306): mysqli->query()
#1 D:\work\OSPanel\domains\mgu\system\Database\BaseConnection.php(693): CodeIgniter\Database\MySQLi\Connection->execute()
#2 D:\work\OSPanel\domains\mgu\system\Database\BaseConnection.php(607): CodeIgniter\Database\BaseConnection->simpleQuery()
#3 D:\work\OSPanel\domains\mgu\app\Models\FacultyModel.php(14): CodeIgniter\Database\BaseConnection->query()
#4 D:\work\OSPanel\domains\mgu\app\Controllers\admin\Faculty.php(25): App\Models\FacultyModel->getList()
#5 D:\work\OSPanel\domains\mgu\system\CodeIgniter.php(942): App\Controllers\admin\Faculty->list()
#6 D:\work\OSPanel\domains\mgu\system\CodeIgniter.php(502): CodeIgniter\CodeIgniter->runController()
#7 D:\work\OSPanel\domains\mgu\system\CodeIgniter.php(361): CodeIgniter\CodeIgniter->handleRequest()
#8 D:\work\OSPanel\domains\mgu\public\index.php(78): CodeIgniter\CodeIgniter->run()
#9 {main}
CRITICAL - 2023-12-07 13:05:10 --> You have an error in your SQL syntax; check the manual that corresponds to your MySQL server version for the right syntax to use near 'ON s.lID=l.id and fID='1' ORDER BY l.sort, s.sort, s.code, s.name' at line 1
in SYSTEMPATH\Database\BaseConnection.php on line 647.
 1 APPPATH\Models\FacultyModel.php(14): CodeIgniter\Database\BaseConnection->query()
 2 APPPATH\Controllers\admin\Faculty.php(25): App\Models\FacultyModel->getList()
 3 SYSTEMPATH\CodeIgniter.php(942): App\Controllers\admin\Faculty->list()
 4 SYSTEMPATH\CodeIgniter.php(502): CodeIgniter\CodeIgniter->runController()
 5 SYSTEMPATH\CodeIgniter.php(361): CodeIgniter\CodeIgniter->handleRequest()
 6 FCPATH\index.php(78): CodeIgniter\CodeIgniter->run()
INFO - 2023-12-07 13:05:30 --> Session: Class initialized using 'CodeIgniter\Session\Handlers\FileHandler' driver.
INFO - 2023-12-07 13:06:05 --> Session: Class initialized using 'CodeIgniter\Session\Handlers\FileHandler' driver.
INFO - 2023-12-07 13:12:32 --> Session: Class initialized using 'CodeIgniter\Session\Handlers\FileHandler' driver.
ERROR - 2023-12-07 13:12:32 --> mysqli_sql_exception: Unknown column 'l.status' in 'where clause' in D:\work\OSPanel\domains\mgu\system\Database\MySQLi\Connection.php:306
Stack trace:
#0 D:\work\OSPanel\domains\mgu\system\Database\MySQLi\Connection.php(306): mysqli->query()
#1 D:\work\OSPanel\domains\mgu\system\Database\BaseConnection.php(693): CodeIgniter\Database\MySQLi\Connection->execute()
#2 D:\work\OSPanel\domains\mgu\system\Database\BaseConnection.php(607): CodeIgniter\Database\BaseConnection->simpleQuery()
#3 D:\work\OSPanel\domains\mgu\app\Models\FacultyModel.php(16): CodeIgniter\Database\BaseConnection->query()
#4 D:\work\OSPanel\domains\mgu\app\Controllers\admin\Faculty.php(25): App\Models\FacultyModel->getList()
#5 D:\work\OSPanel\domains\mgu\system\CodeIgniter.php(942): App\Controllers\admin\Faculty->list()
#6 D:\work\OSPanel\domains\mgu\system\CodeIgniter.php(502): CodeIgniter\CodeIgniter->runController()
#7 D:\work\OSPanel\domains\mgu\system\CodeIgniter.php(361): CodeIgniter\CodeIgniter->handleRequest()
#8 D:\work\OSPanel\domains\mgu\public\index.php(78): CodeIgniter\CodeIgniter->run()
#9 {main}
CRITICAL - 2023-12-07 13:12:32 --> Unknown column 'l.status' in 'where clause'
in SYSTEMPATH\Database\BaseConnection.php on line 647.
 1 APPPATH\Models\FacultyModel.php(16): CodeIgniter\Database\BaseConnection->query()
 2 APPPATH\Controllers\admin\Faculty.php(25): App\Models\FacultyModel->getList()
 3 SYSTEMPATH\CodeIgniter.php(942): App\Controllers\admin\Faculty->list()
 4 SYSTEMPATH\CodeIgniter.php(502): CodeIgniter\CodeIgniter->runController()
 5 SYSTEMPATH\CodeIgniter.php(361): CodeIgniter\CodeIgniter->handleRequest()
 6 FCPATH\index.php(78): CodeIgniter\CodeIgniter->run()
INFO - 2023-12-07 13:13:02 --> Session: Class initialized using 'CodeIgniter\Session\Handlers\FileHandler' driver.
ERROR - 2023-12-07 13:13:02 --> mysqli_sql_exception: Unknown column 'l.status' in 'where clause' in D:\work\OSPanel\domains\mgu\system\Database\MySQLi\Connection.php:306
Stack trace:
#0 D:\work\OSPanel\domains\mgu\system\Database\MySQLi\Connection.php(306): mysqli->query()
#1 D:\work\OSPanel\domains\mgu\system\Database\BaseConnection.php(693): CodeIgniter\Database\MySQLi\Connection->execute()
#2 D:\work\OSPanel\domains\mgu\system\Database\BaseConnection.php(607): CodeIgniter\Database\BaseConnection->simpleQuery()
#3 D:\work\OSPanel\domains\mgu\app\Models\FacultyModel.php(16): CodeIgniter\Database\BaseConnection->query()
#4 D:\work\OSPanel\domains\mgu\app\Controllers\admin\Faculty.php(25): App\Models\FacultyModel->getList()
#5 D:\work\OSPanel\domains\mgu\system\CodeIgniter.php(942): App\Controllers\admin\Faculty->list()
#6 D:\work\OSPanel\domains\mgu\system\CodeIgniter.php(502): CodeIgniter\CodeIgniter->runController()
#7 D:\work\OSPanel\domains\mgu\system\CodeIgniter.php(361): CodeIgniter\CodeIgniter->handleRequest()
#8 D:\work\OSPanel\domains\mgu\public\index.php(78): CodeIgniter\CodeIgniter->run()
#9 {main}
CRITICAL - 2023-12-07 13:13:02 --> Unknown column 'l.status' in 'where clause'
in SYSTEMPATH\Database\BaseConnection.php on line 647.
 1 APPPATH\Models\FacultyModel.php(16): CodeIgniter\Database\BaseConnection->query()
 2 APPPATH\Controllers\admin\Faculty.php(25): App\Models\FacultyModel->getList()
 3 SYSTEMPATH\CodeIgniter.php(942): App\Controllers\admin\Faculty->list()
 4 SYSTEMPATH\CodeIgniter.php(502): CodeIgniter\CodeIgniter->runController()
 5 SYSTEMPATH\CodeIgniter.php(361): CodeIgniter\CodeIgniter->handleRequest()
 6 FCPATH\index.php(78): CodeIgniter\CodeIgniter->run()
INFO - 2023-12-07 13:13:10 --> Session: Class initialized using 'CodeIgniter\Session\Handlers\FileHandler' driver.
INFO - 2023-12-07 13:13:17 --> Session: Class initialized using 'CodeIgniter\Session\Handlers\FileHandler' driver.
ERROR - 2023-12-07 13:13:17 --> mysqli_sql_exception: Unknown column 'l.status' in 'where clause' in D:\work\OSPanel\domains\mgu\system\Database\MySQLi\Connection.php:306
Stack trace:
#0 D:\work\OSPanel\domains\mgu\system\Database\MySQLi\Connection.php(306): mysqli->query()
#1 D:\work\OSPanel\domains\mgu\system\Database\BaseConnection.php(693): CodeIgniter\Database\MySQLi\Connection->execute()
#2 D:\work\OSPanel\domains\mgu\system\Database\BaseConnection.php(607): CodeIgniter\Database\BaseConnection->simpleQuery()
#3 D:\work\OSPanel\domains\mgu\app\Models\FacultyModel.php(16): CodeIgniter\Database\BaseConnection->query()
#4 D:\work\OSPanel\domains\mgu\app\Controllers\admin\Faculty.php(25): App\Models\FacultyModel->getList()
#5 D:\work\OSPanel\domains\mgu\system\CodeIgniter.php(942): App\Controllers\admin\Faculty->list()
#6 D:\work\OSPanel\domains\mgu\system\CodeIgniter.php(502): CodeIgniter\CodeIgniter->runController()
#7 D:\work\OSPanel\domains\mgu\system\CodeIgniter.php(361): CodeIgniter\CodeIgniter->handleRequest()
#8 D:\work\OSPanel\domains\mgu\public\index.php(78): CodeIgniter\CodeIgniter->run()
#9 {main}
CRITICAL - 2023-12-07 13:13:17 --> Unknown column 'l.status' in 'where clause'
in SYSTEMPATH\Database\BaseConnection.php on line 647.
 1 APPPATH\Models\FacultyModel.php(16): CodeIgniter\Database\BaseConnection->query()
 2 APPPATH\Controllers\admin\Faculty.php(25): App\Models\FacultyModel->getList()
 3 SYSTEMPATH\CodeIgniter.php(942): App\Controllers\admin\Faculty->list()
 4 SYSTEMPATH\CodeIgniter.php(502): CodeIgniter\CodeIgniter->runController()
 5 SYSTEMPATH\CodeIgniter.php(361): CodeIgniter\CodeIgniter->handleRequest()
 6 FCPATH\index.php(78): CodeIgniter\CodeIgniter->run()
INFO - 2023-12-07 13:13:29 --> Session: Class initialized using 'CodeIgniter\Session\Handlers\FileHandler' driver.
INFO - 2023-12-07 13:16:49 --> Session: Class initialized using 'CodeIgniter\Session\Handlers\FileHandler' driver.
CRITICAL - 2023-12-07 13:16:49 --> Creating default object from empty value
in APPPATH\Models\FacultyModel.php on line 20.
 1 APPPATH\Models\FacultyModel.php(20): CodeIgniter\Debug\Exceptions->errorHandler()
 2 APPPATH\Controllers\admin\Faculty.php(25): App\Models\FacultyModel->getList()
 3 SYSTEMPATH\CodeIgniter.php(942): App\Controllers\admin\Faculty->list()
 4 SYSTEMPATH\CodeIgniter.php(502): CodeIgniter\CodeIgniter->runController()
 5 SYSTEMPATH\CodeIgniter.php(361): CodeIgniter\CodeIgniter->handleRequest()
 6 FCPATH\index.php(78): CodeIgniter\CodeIgniter->run()
INFO - 2023-12-07 13:17:16 --> Session: Class initialized using 'CodeIgniter\Session\Handlers\FileHandler' driver.
CRITICAL - 2023-12-07 13:17:16 --> Creating default object from empty value
in APPPATH\Models\FacultyModel.php on line 20.
 1 APPPATH\Models\FacultyModel.php(20): CodeIgniter\Debug\Exceptions->errorHandler()
 2 APPPATH\Controllers\admin\Faculty.php(25): App\Models\FacultyModel->getList()
 3 SYSTEMPATH\CodeIgniter.php(942): App\Controllers\admin\Faculty->list()
 4 SYSTEMPATH\CodeIgniter.php(502): CodeIgniter\CodeIgniter->runController()
 5 SYSTEMPATH\CodeIgniter.php(361): CodeIgniter\CodeIgniter->handleRequest()
 6 FCPATH\index.php(78): CodeIgniter\CodeIgniter->run()
INFO - 2023-12-07 13:17:28 --> Session: Class initialized using 'CodeIgniter\Session\Handlers\FileHandler' driver.
CRITICAL - 2023-12-07 13:17:28 --> Undefined property: stdClass::$lid
in APPPATH\Models\FacultyModel.php on line 20.
 1 APPPATH\Models\FacultyModel.php(20): CodeIgniter\Debug\Exceptions->errorHandler()
 2 APPPATH\Controllers\admin\Faculty.php(25): App\Models\FacultyModel->getList()
 3 SYSTEMPATH\CodeIgniter.php(942): App\Controllers\admin\Faculty->list()
 4 SYSTEMPATH\CodeIgniter.php(502): CodeIgniter\CodeIgniter->runController()
 5 SYSTEMPATH\CodeIgniter.php(361): CodeIgniter\CodeIgniter->handleRequest()
 6 FCPATH\index.php(78): CodeIgniter\CodeIgniter->run()
INFO - 2023-12-07 13:18:00 --> Session: Class initialized using 'CodeIgniter\Session\Handlers\FileHandler' driver.
INFO - 2023-12-07 13:18:11 --> Session: Class initialized using 'CodeIgniter\Session\Handlers\FileHandler' driver.
INFO - 2023-12-07 13:18:22 --> Session: Class initialized using 'CodeIgniter\Session\Handlers\FileHandler' driver.
INFO - 2023-12-07 13:18:44 --> Session: Class initialized using 'CodeIgniter\Session\Handlers\FileHandler' driver.
INFO - 2023-12-07 13:18:53 --> Session: Class initialized using 'CodeIgniter\Session\Handlers\FileHandler' driver.
CRITICAL - 2023-12-07 13:18:53 --> Creating default object from empty value
in APPPATH\Models\FacultyModel.php on line 20.
 1 APPPATH\Models\FacultyModel.php(20): CodeIgniter\Debug\Exceptions->errorHandler()
 2 APPPATH\Controllers\admin\Faculty.php(25): App\Models\FacultyModel->getList()
 3 SYSTEMPATH\CodeIgniter.php(942): App\Controllers\admin\Faculty->list()
 4 SYSTEMPATH\CodeIgniter.php(502): CodeIgniter\CodeIgniter->runController()
 5 SYSTEMPATH\CodeIgniter.php(361): CodeIgniter\CodeIgniter->handleRequest()
 6 FCPATH\index.php(78): CodeIgniter\CodeIgniter->run()
INFO - 2023-12-07 13:19:01 --> Session: Class initialized using 'CodeIgniter\Session\Handlers\FileHandler' driver.
CRITICAL - 2023-12-07 13:19:01 --> Creating default object from empty value
in APPPATH\Models\FacultyModel.php on line 20.
 1 APPPATH\Models\FacultyModel.php(20): CodeIgniter\Debug\Exceptions->errorHandler()
 2 APPPATH\Controllers\admin\Faculty.php(25): App\Models\FacultyModel->getList()
 3 SYSTEMPATH\CodeIgniter.php(942): App\Controllers\admin\Faculty->list()
 4 SYSTEMPATH\CodeIgniter.php(502): CodeIgniter\CodeIgniter->runController()
 5 SYSTEMPATH\CodeIgniter.php(361): CodeIgniter\CodeIgniter->handleRequest()
 6 FCPATH\index.php(78): CodeIgniter\CodeIgniter->run()
INFO - 2023-12-07 13:19:54 --> Session: Class initialized using 'CodeIgniter\Session\Handlers\FileHandler' driver.
INFO - 2023-12-07 13:21:20 --> Session: Class initialized using 'CodeIgniter\Session\Handlers\FileHandler' driver.
INFO - 2023-12-07 13:21:52 --> Session: Class initialized using 'CodeIgniter\Session\Handlers\FileHandler' driver.
INFO - 2023-12-07 13:22:30 --> Session: Class initialized using 'CodeIgniter\Session\Handlers\FileHandler' driver.
