CRITICAL - 2023-11-27 08:38:23 --> Use of undefined constant IndexTreeModel - assumed 'IndexTreeModel' (this will throw an Error in a future version of PHP)
in APPPATH\Controllers\IndexTree.php on line 9.
 1 APPPATH\Controllers\IndexTree.php(9): CodeIgniter\Debug\Exceptions->errorHandler(2, 'Use of undefined constant IndexTreeModel - assumed \'IndexTreeModel\' (this will throw an Error in a future version of PHP)', 'D:\\work\\XAMPP\\htdocs\\sites\\mgu\\app\\Controllers\\IndexTree.php', 9, [])
 2 SYSTEMPATH\CodeIgniter.php(942): App\Controllers\IndexTree->index()
 3 SYSTEMPATH\CodeIgniter.php(502): CodeIgniter\CodeIgniter->runController(Object(App\Controllers\IndexTree))
 4 SYSTEMPATH\CodeIgniter.php(361): CodeIgniter\CodeIgniter->handleRequest(null, Object(Config\Cache), false)
 5 FCPATH\index.php(78): CodeIgniter\CodeIgniter->run()
ERROR - 2023-11-27 08:38:34 --> mysqli_sql_exception: Table 'mgu.indextree' doesn't exist in D:\work\XAMPP\htdocs\sites\mgu\system\Database\MySQLi\Connection.php:306
Stack trace:
#0 D:\work\XAMPP\htdocs\sites\mgu\system\Database\MySQLi\Connection.php(306): mysqli->query('SELECT * FROM I...', 0)
#1 D:\work\XAMPP\htdocs\sites\mgu\system\Database\BaseConnection.php(693): CodeIgniter\Database\MySQLi\Connection->execute('SELECT * FROM I...')
#2 D:\work\XAMPP\htdocs\sites\mgu\system\Database\BaseConnection.php(607): CodeIgniter\Database\BaseConnection->simpleQuery('SELECT * FROM I...')
#3 D:\work\XAMPP\htdocs\sites\mgu\app\Models\IndexTreeModel.php(11): CodeIgniter\Database\BaseConnection->query('SELECT * FROM I...')
#4 D:\work\XAMPP\htdocs\sites\mgu\app\Controllers\IndexTree.php(10): App\Models\IndexTreeModel->getIndexTree()
#5 D:\work\XAMPP\htdocs\sites\mgu\system\CodeIgniter.php(942): App\Controllers\IndexTree->index()
#6 D:\work\XAMPP\htdocs\sites\mgu\system\CodeIgniter.php(502): CodeIgniter\CodeIgniter->runController(Object(App\Controllers\IndexTree))
#7 D:\work\XAMPP\htdocs\sites\mgu\system\CodeIgniter.php(361): CodeIgniter\CodeIgniter->handleRequest(NULL, Object(Config\Cache), false)
#8 D:\work\XAMPP\htdocs\sites\mgu\public\index.php(78): CodeIgniter\CodeIgniter->run()
#9 {main}
CRITICAL - 2023-11-27 08:38:34 --> Table 'mgu.indextree' doesn't exist
in SYSTEMPATH\Database\BaseConnection.php on line 647.
 1 APPPATH\Models\IndexTreeModel.php(11): CodeIgniter\Database\BaseConnection->query('SELECT * FROM IndexTree')
 2 APPPATH\Controllers\IndexTree.php(10): App\Models\IndexTreeModel->getIndexTree()
 3 SYSTEMPATH\CodeIgniter.php(942): App\Controllers\IndexTree->index()
 4 SYSTEMPATH\CodeIgniter.php(502): CodeIgniter\CodeIgniter->runController(Object(App\Controllers\IndexTree))
 5 SYSTEMPATH\CodeIgniter.php(361): CodeIgniter\CodeIgniter->handleRequest(null, Object(Config\Cache), false)
 6 FCPATH\index.php(78): CodeIgniter\CodeIgniter->run()
CRITICAL - 2023-11-27 08:38:50 --> Call to a member function getIndexTree() on null
in APPPATH\Controllers\IndexTree.php on line 10.
 1 SYSTEMPATH\CodeIgniter.php(942): App\Controllers\IndexTree->index()
 2 SYSTEMPATH\CodeIgniter.php(502): CodeIgniter\CodeIgniter->runController(Object(App\Controllers\IndexTree))
 3 SYSTEMPATH\CodeIgniter.php(361): CodeIgniter\CodeIgniter->handleRequest(null, Object(Config\Cache), false)
 4 FCPATH\index.php(78): CodeIgniter\CodeIgniter->run()
CRITICAL - 2023-11-27 08:39:28 --> Call to a member function getIndexTree() on null
in APPPATH\Controllers\IndexTree.php on line 10.
 1 SYSTEMPATH\CodeIgniter.php(942): App\Controllers\IndexTree->index()
 2 SYSTEMPATH\CodeIgniter.php(502): CodeIgniter\CodeIgniter->runController(Object(App\Controllers\IndexTree))
 3 SYSTEMPATH\CodeIgniter.php(361): CodeIgniter\CodeIgniter->handleRequest(null, Object(Config\Cache), false)
 4 FCPATH\index.php(78): CodeIgniter\CodeIgniter->run()
CRITICAL - 2023-11-27 08:41:56 --> Call to a member function getIndexTree() on null
in APPPATH\Controllers\IndexTree.php on line 10.
 1 SYSTEMPATH\CodeIgniter.php(942): App\Controllers\IndexTree->index()
 2 SYSTEMPATH\CodeIgniter.php(502): CodeIgniter\CodeIgniter->runController(Object(App\Controllers\IndexTree))
 3 SYSTEMPATH\CodeIgniter.php(361): CodeIgniter\CodeIgniter->handleRequest(null, Object(Config\Cache), false)
 4 FCPATH\index.php(78): CodeIgniter\CodeIgniter->run()
CRITICAL - 2023-11-27 08:47:25 --> Call to a member function findAll() on array
in APPPATH\Models\IndexTreeModel.php on line 11.
 1 APPPATH\Controllers\IndexTree.php(10): App\Models\IndexTreeModel->getList()
 2 SYSTEMPATH\CodeIgniter.php(942): App\Controllers\IndexTree->index()
 3 SYSTEMPATH\CodeIgniter.php(502): CodeIgniter\CodeIgniter->runController(Object(App\Controllers\IndexTree))
 4 SYSTEMPATH\CodeIgniter.php(361): CodeIgniter\CodeIgniter->handleRequest(null, Object(Config\Cache), false)
 5 FCPATH\index.php(78): CodeIgniter\CodeIgniter->run()
CRITICAL - 2023-11-27 08:49:32 --> Undefined variable: header
in APPPATH\Views\template\header.php on line 5.
 1 APPPATH\Views\template\header.php(5): CodeIgniter\Debug\Exceptions->errorHandler(8, 'Undefined variable: header', 'D:\\work\\XAMPP\\htdocs\\sites\\mgu\\app\\Views\\template\\header.php', 5, [...])
 2 SYSTEMPATH\View\View.php(228): include('D:\\work\\XAMPP\\htdocs\\sites\\mgu\\app\\Views\\template\\header.php')
 3 SYSTEMPATH\View\View.php(231): CodeIgniter\View\View->CodeIgniter\View\{closure}()
 4 SYSTEMPATH\Common.php(1190): CodeIgniter\View\View->render('template/header', [], true)
 5 APPPATH\Controllers\IndexTree.php(13): view('template/header', [...])
 6 SYSTEMPATH\CodeIgniter.php(942): App\Controllers\IndexTree->index()
 7 SYSTEMPATH\CodeIgniter.php(502): CodeIgniter\CodeIgniter->runController(Object(App\Controllers\IndexTree))
 8 SYSTEMPATH\CodeIgniter.php(361): CodeIgniter\CodeIgniter->handleRequest(null, Object(Config\Cache), false)
 9 FCPATH\index.php(78): CodeIgniter\CodeIgniter->run()
CRITICAL - 2023-11-27 08:49:46 --> Undefined variable: header
in APPPATH\Views\template\header.php on line 5.
 1 APPPATH\Views\template\header.php(5): CodeIgniter\Debug\Exceptions->errorHandler(8, 'Undefined variable: header', 'D:\\work\\XAMPP\\htdocs\\sites\\mgu\\app\\Views\\template\\header.php', 5, [...])
 2 SYSTEMPATH\View\View.php(228): include('D:\\work\\XAMPP\\htdocs\\sites\\mgu\\app\\Views\\template\\header.php')
 3 SYSTEMPATH\View\View.php(231): CodeIgniter\View\View->CodeIgniter\View\{closure}()
 4 SYSTEMPATH\Common.php(1190): CodeIgniter\View\View->render('template/header', [], true)
 5 APPPATH\Controllers\IndexTree.php(12): view('template/header', [...])
 6 SYSTEMPATH\CodeIgniter.php(942): App\Controllers\IndexTree->index()
 7 SYSTEMPATH\CodeIgniter.php(502): CodeIgniter\CodeIgniter->runController(Object(App\Controllers\IndexTree))
 8 SYSTEMPATH\CodeIgniter.php(361): CodeIgniter\CodeIgniter->handleRequest(null, Object(Config\Cache), false)
 9 FCPATH\index.php(78): CodeIgniter\CodeIgniter->run()
CRITICAL - 2023-11-27 08:58:22 --> syntax error, unexpected end of file
in APPPATH\Views\admin\indexTree.php on line 19.
 1 SYSTEMPATH\View\View.php(231): CodeIgniter\View\View->CodeIgniter\View\{closure}()
 2 SYSTEMPATH\Common.php(1190): CodeIgniter\View\View->render('admin/indexTree', [], true)
 3 APPPATH\Controllers\IndexTree.php(12): view('admin/indexTree')
 4 SYSTEMPATH\CodeIgniter.php(942): App\Controllers\IndexTree->index()
 5 SYSTEMPATH\CodeIgniter.php(502): CodeIgniter\CodeIgniter->runController(Object(App\Controllers\IndexTree))
 6 SYSTEMPATH\CodeIgniter.php(361): CodeIgniter\CodeIgniter->handleRequest(null, Object(Config\Cache), false)
 7 FCPATH\index.php(78): CodeIgniter\CodeIgniter->run()
CRITICAL - 2023-11-27 08:59:40 --> syntax error, unexpected end of file
in APPPATH\Views\admin\indexTree.php on line 19.
 1 SYSTEMPATH\View\View.php(231): CodeIgniter\View\View->CodeIgniter\View\{closure}()
 2 SYSTEMPATH\Common.php(1190): CodeIgniter\View\View->render('admin/indexTree', [], true)
 3 APPPATH\Controllers\IndexTree.php(12): view('admin/indexTree')
 4 SYSTEMPATH\CodeIgniter.php(942): App\Controllers\IndexTree->index()
 5 SYSTEMPATH\CodeIgniter.php(502): CodeIgniter\CodeIgniter->runController(Object(App\Controllers\IndexTree))
 6 SYSTEMPATH\CodeIgniter.php(361): CodeIgniter\CodeIgniter->handleRequest(null, Object(Config\Cache), false)
 7 FCPATH\index.php(78): CodeIgniter\CodeIgniter->run()
CRITICAL - 2023-11-27 09:02:34 --> Undefined property: stdClass::$name
in APPPATH\Views\admin\indexTree.php on line 14.
 1 APPPATH\Views\admin\indexTree.php(14): CodeIgniter\Debug\Exceptions->errorHandler(8, 'Undefined property: stdClass::$name', 'D:\\work\\XAMPP\\htdocs\\sites\\mgu\\app\\Views\\admin\\indexTree.php', 14, [...])
 2 SYSTEMPATH\View\View.php(228): include('D:\\work\\XAMPP\\htdocs\\sites\\mgu\\app\\Views\\admin\\indexTree.php')
 3 SYSTEMPATH\View\View.php(231): CodeIgniter\View\View->CodeIgniter\View\{closure}()
 4 SYSTEMPATH\Common.php(1190): CodeIgniter\View\View->render('admin/indexTree', [], true)
 5 APPPATH\Controllers\IndexTree.php(12): view('admin/indexTree')
 6 SYSTEMPATH\CodeIgniter.php(942): App\Controllers\IndexTree->index()
 7 SYSTEMPATH\CodeIgniter.php(502): CodeIgniter\CodeIgniter->runController(Object(App\Controllers\IndexTree))
 8 SYSTEMPATH\CodeIgniter.php(361): CodeIgniter\CodeIgniter->handleRequest(null, Object(Config\Cache), false)
 9 FCPATH\index.php(78): CodeIgniter\CodeIgniter->run()
CRITICAL - 2023-11-27 09:09:05 --> syntax error, unexpected ':', expecting '('
in APPPATH\Views\admin\indexTree.php on line 14.
 1 SYSTEMPATH\View\View.php(231): CodeIgniter\View\View->CodeIgniter\View\{closure}()
 2 SYSTEMPATH\Common.php(1190): CodeIgniter\View\View->render('admin/indexTree', [], true)
 3 APPPATH\Controllers\IndexTree.php(12): view('admin/indexTree')
 4 SYSTEMPATH\CodeIgniter.php(942): App\Controllers\IndexTree->index()
 5 SYSTEMPATH\CodeIgniter.php(502): CodeIgniter\CodeIgniter->runController(Object(App\Controllers\IndexTree))
 6 SYSTEMPATH\CodeIgniter.php(361): CodeIgniter\CodeIgniter->handleRequest(null, Object(Config\Cache), false)
 7 FCPATH\index.php(78): CodeIgniter\CodeIgniter->run()
CRITICAL - 2023-11-27 09:09:26 --> syntax error, unexpected '?>
', expecting '('
in APPPATH\Views\admin\indexTree.php on line 14.
 1 SYSTEMPATH\View\View.php(231): CodeIgniter\View\View->CodeIgniter\View\{closure}()
 2 SYSTEMPATH\Common.php(1190): CodeIgniter\View\View->render('admin/indexTree', [], true)
 3 APPPATH\Controllers\IndexTree.php(12): view('admin/indexTree')
 4 SYSTEMPATH\CodeIgniter.php(942): App\Controllers\IndexTree->index()
 5 SYSTEMPATH\CodeIgniter.php(502): CodeIgniter\CodeIgniter->runController(Object(App\Controllers\IndexTree))
 6 SYSTEMPATH\CodeIgniter.php(361): CodeIgniter\CodeIgniter->handleRequest(null, Object(Config\Cache), false)
 7 FCPATH\index.php(78): CodeIgniter\CodeIgniter->run()
CRITICAL - 2023-11-27 09:25:52 --> syntax error, unexpected ';', expecting ')'
in APPPATH\Controllers\IndexTree.php on line 13.
 1 SYSTEMPATH\Autoloader\Autoloader.php(291): CodeIgniter\Autoloader\Autoloader->includeFile('D:\\work\\XAMPP\\htdocs\\sites\\mgu\\app\\Controllers\\IndexTree.php')
 2 SYSTEMPATH\Autoloader\Autoloader.php(269): CodeIgniter\Autoloader\Autoloader->loadInNamespace('App\\Controllers\\IndexTree')
 3 [internal function]: CodeIgniter\Autoloader\Autoloader->loadClass('App\\Controllers\\IndexTree')
 4 [internal function]: spl_autoload_call('App\\Controllers\\IndexTree')
 5 SYSTEMPATH\CodeIgniter.php(900): class_exists('\\App\\Controllers\\IndexTree', true)
 6 SYSTEMPATH\CodeIgniter.php(489): CodeIgniter\CodeIgniter->startController()
 7 SYSTEMPATH\CodeIgniter.php(361): CodeIgniter\CodeIgniter->handleRequest(null, Object(Config\Cache), false)
 8 FCPATH\index.php(78): CodeIgniter\CodeIgniter->run()
CRITICAL - 2023-11-27 09:38:35 --> Trying to get property '1' of non-object
in APPPATH\Views\admin\indexTree.php on line 31.
 1 APPPATH\Views\admin\indexTree.php(31): CodeIgniter\Debug\Exceptions->errorHandler(8, 'Trying to get property \'1\' of non-object', 'D:\\work\\XAMPP\\htdocs\\sites\\mgu\\app\\Views\\admin\\indexTree.php', 31, [...])
 2 SYSTEMPATH\View\View.php(228): include('D:\\work\\XAMPP\\htdocs\\sites\\mgu\\app\\Views\\admin\\indexTree.php')
 3 SYSTEMPATH\View\View.php(231): CodeIgniter\View\View->CodeIgniter\View\{closure}()
 4 SYSTEMPATH\Common.php(1190): CodeIgniter\View\View->render('admin/indexTree', [], true)
 5 APPPATH\Controllers\IndexTree.php(14): view('admin/indexTree')
 6 SYSTEMPATH\CodeIgniter.php(942): App\Controllers\IndexTree->index()
 7 SYSTEMPATH\CodeIgniter.php(502): CodeIgniter\CodeIgniter->runController(Object(App\Controllers\IndexTree))
 8 SYSTEMPATH\CodeIgniter.php(361): CodeIgniter\CodeIgniter->handleRequest(null, Object(Config\Cache), false)
 9 FCPATH\index.php(78): CodeIgniter\CodeIgniter->run()
CRITICAL - 2023-11-27 09:39:50 --> Trying to get property 'ID' of non-object
in APPPATH\Views\admin\indexTree.php on line 31.
 1 APPPATH\Views\admin\indexTree.php(31): CodeIgniter\Debug\Exceptions->errorHandler(8, 'Trying to get property \'ID\' of non-object', 'D:\\work\\XAMPP\\htdocs\\sites\\mgu\\app\\Views\\admin\\indexTree.php', 31, [...])
 2 SYSTEMPATH\View\View.php(228): include('D:\\work\\XAMPP\\htdocs\\sites\\mgu\\app\\Views\\admin\\indexTree.php')
 3 SYSTEMPATH\View\View.php(231): CodeIgniter\View\View->CodeIgniter\View\{closure}()
 4 SYSTEMPATH\Common.php(1190): CodeIgniter\View\View->render('admin/indexTree', [], true)
 5 APPPATH\Controllers\IndexTree.php(14): view('admin/indexTree')
 6 SYSTEMPATH\CodeIgniter.php(942): App\Controllers\IndexTree->index()
 7 SYSTEMPATH\CodeIgniter.php(502): CodeIgniter\CodeIgniter->runController(Object(App\Controllers\IndexTree))
 8 SYSTEMPATH\CodeIgniter.php(361): CodeIgniter\CodeIgniter->handleRequest(null, Object(Config\Cache), false)
 9 FCPATH\index.php(78): CodeIgniter\CodeIgniter->run()
CRITICAL - 2023-11-27 09:40:34 --> Call to undefined method CodeIgniter\Database\MySQLi\Result::FetchAll()
in APPPATH\Models\IndexTreeModel.php on line 16.
 1 APPPATH\Controllers\IndexTree.php(12): App\Models\IndexTreeModel->getCompetenciesList()
 2 SYSTEMPATH\CodeIgniter.php(942): App\Controllers\IndexTree->index()
 3 SYSTEMPATH\CodeIgniter.php(502): CodeIgniter\CodeIgniter->runController(Object(App\Controllers\IndexTree))
 4 SYSTEMPATH\CodeIgniter.php(361): CodeIgniter\CodeIgniter->handleRequest(null, Object(Config\Cache), false)
 5 FCPATH\index.php(78): CodeIgniter\CodeIgniter->run()
CRITICAL - 2023-11-27 09:40:45 --> Call to undefined method CodeIgniter\Database\MySQLi\Result::fetchAll()
in APPPATH\Models\IndexTreeModel.php on line 16.
 1 APPPATH\Controllers\IndexTree.php(12): App\Models\IndexTreeModel->getCompetenciesList()
 2 SYSTEMPATH\CodeIgniter.php(942): App\Controllers\IndexTree->index()
 3 SYSTEMPATH\CodeIgniter.php(502): CodeIgniter\CodeIgniter->runController(Object(App\Controllers\IndexTree))
 4 SYSTEMPATH\CodeIgniter.php(361): CodeIgniter\CodeIgniter->handleRequest(null, Object(Config\Cache), false)
 5 FCPATH\index.php(78): CodeIgniter\CodeIgniter->run()
CRITICAL - 2023-11-27 09:41:05 --> Call to undefined method CodeIgniter\Database\MySQLi\Result::findAll()
in APPPATH\Models\IndexTreeModel.php on line 16.
 1 APPPATH\Controllers\IndexTree.php(12): App\Models\IndexTreeModel->getCompetenciesList()
 2 SYSTEMPATH\CodeIgniter.php(942): App\Controllers\IndexTree->index()
 3 SYSTEMPATH\CodeIgniter.php(502): CodeIgniter\CodeIgniter->runController(Object(App\Controllers\IndexTree))
 4 SYSTEMPATH\CodeIgniter.php(361): CodeIgniter\CodeIgniter->handleRequest(null, Object(Config\Cache), false)
 5 FCPATH\index.php(78): CodeIgniter\CodeIgniter->run()
CRITICAL - 2023-11-27 09:43:21 --> Call to undefined method CodeIgniter\Database\MySQLi\Result::result_array()
in APPPATH\Models\IndexTreeModel.php on line 16.
 1 APPPATH\Controllers\IndexTree.php(12): App\Models\IndexTreeModel->getCompetenciesList()
 2 SYSTEMPATH\CodeIgniter.php(942): App\Controllers\IndexTree->index()
 3 SYSTEMPATH\CodeIgniter.php(502): CodeIgniter\CodeIgniter->runController(Object(App\Controllers\IndexTree))
 4 SYSTEMPATH\CodeIgniter.php(361): CodeIgniter\CodeIgniter->handleRequest(null, Object(Config\Cache), false)
 5 FCPATH\index.php(78): CodeIgniter\CodeIgniter->run()
CRITICAL - 2023-11-27 09:44:27 --> Array to string conversion
in APPPATH\Views\admin\indexTree.php on line 31.
 1 APPPATH\Views\admin\indexTree.php(31): CodeIgniter\Debug\Exceptions->errorHandler(8, 'Array to string conversion', 'D:\\work\\XAMPP\\htdocs\\sites\\mgu\\app\\Views\\admin\\indexTree.php', 31, [...])
 2 SYSTEMPATH\View\View.php(228): include('D:\\work\\XAMPP\\htdocs\\sites\\mgu\\app\\Views\\admin\\indexTree.php')
 3 SYSTEMPATH\View\View.php(231): CodeIgniter\View\View->CodeIgniter\View\{closure}()
 4 SYSTEMPATH\Common.php(1190): CodeIgniter\View\View->render('admin/indexTree', [], true)
 5 APPPATH\Controllers\IndexTree.php(14): view('admin/indexTree')
 6 SYSTEMPATH\CodeIgniter.php(942): App\Controllers\IndexTree->index()
 7 SYSTEMPATH\CodeIgniter.php(502): CodeIgniter\CodeIgniter->runController(Object(App\Controllers\IndexTree))
 8 SYSTEMPATH\CodeIgniter.php(361): CodeIgniter\CodeIgniter->handleRequest(null, Object(Config\Cache), false)
 9 FCPATH\index.php(78): CodeIgniter\CodeIgniter->run()
CRITICAL - 2023-11-27 09:45:18 --> syntax error, unexpected 'print_r' (T_STRING), expecting ';' or ','
in APPPATH\Views\admin\indexTree.php on line 5.
 1 SYSTEMPATH\View\View.php(231): CodeIgniter\View\View->CodeIgniter\View\{closure}()
 2 SYSTEMPATH\Common.php(1190): CodeIgniter\View\View->render('admin/indexTree', [], true)
 3 APPPATH\Controllers\IndexTree.php(14): view('admin/indexTree')
 4 SYSTEMPATH\CodeIgniter.php(942): App\Controllers\IndexTree->index()
 5 SYSTEMPATH\CodeIgniter.php(502): CodeIgniter\CodeIgniter->runController(Object(App\Controllers\IndexTree))
 6 SYSTEMPATH\CodeIgniter.php(361): CodeIgniter\CodeIgniter->handleRequest(null, Object(Config\Cache), false)
 7 FCPATH\index.php(78): CodeIgniter\CodeIgniter->run()
CRITICAL - 2023-11-27 09:45:37 --> Undefined index: CODE
in APPPATH\Views\admin\indexTree.php on line 4.
 1 APPPATH\Views\admin\indexTree.php(4): CodeIgniter\Debug\Exceptions->errorHandler(8, 'Undefined index: CODE', 'D:\\work\\XAMPP\\htdocs\\sites\\mgu\\app\\Views\\admin\\indexTree.php', 4, [...])
 2 SYSTEMPATH\View\View.php(228): include('D:\\work\\XAMPP\\htdocs\\sites\\mgu\\app\\Views\\admin\\indexTree.php')
 3 SYSTEMPATH\View\View.php(231): CodeIgniter\View\View->CodeIgniter\View\{closure}()
 4 SYSTEMPATH\Common.php(1190): CodeIgniter\View\View->render('admin/indexTree', [], true)
 5 APPPATH\Controllers\IndexTree.php(14): view('admin/indexTree')
 6 SYSTEMPATH\CodeIgniter.php(942): App\Controllers\IndexTree->index()
 7 SYSTEMPATH\CodeIgniter.php(502): CodeIgniter\CodeIgniter->runController(Object(App\Controllers\IndexTree))
 8 SYSTEMPATH\CodeIgniter.php(361): CodeIgniter\CodeIgniter->handleRequest(null, Object(Config\Cache), false)
 9 FCPATH\index.php(78): CodeIgniter\CodeIgniter->run()
CRITICAL - 2023-11-27 09:46:27 --> Call to undefined method CodeIgniter\Database\MySQLi\Result::rowData()
in APPPATH\Models\IndexTreeModel.php on line 16.
 1 APPPATH\Controllers\IndexTree.php(12): App\Models\IndexTreeModel->getCompetenciesList()
 2 SYSTEMPATH\CodeIgniter.php(942): App\Controllers\IndexTree->index()
 3 SYSTEMPATH\CodeIgniter.php(502): CodeIgniter\CodeIgniter->runController(Object(App\Controllers\IndexTree))
 4 SYSTEMPATH\CodeIgniter.php(361): CodeIgniter\CodeIgniter->handleRequest(null, Object(Config\Cache), false)
 5 FCPATH\index.php(78): CodeIgniter\CodeIgniter->run()
CRITICAL - 2023-11-27 10:58:58 --> Cannot use object of type stdClass as array
in APPPATH\Views\admin\indexTree.php on line 4.
 1 SYSTEMPATH\View\View.php(228): include()
 2 SYSTEMPATH\View\View.php(231): CodeIgniter\View\View->CodeIgniter\View\{closure}()
 3 SYSTEMPATH\Common.php(1190): CodeIgniter\View\View->render('admin/indexTree', [], true)
 4 APPPATH\Controllers\IndexTree.php(14): view('admin/indexTree')
 5 SYSTEMPATH\CodeIgniter.php(942): App\Controllers\IndexTree->index()
 6 SYSTEMPATH\CodeIgniter.php(502): CodeIgniter\CodeIgniter->runController(Object(App\Controllers\IndexTree))
 7 SYSTEMPATH\CodeIgniter.php(361): CodeIgniter\CodeIgniter->handleRequest(null, Object(Config\Cache), false)
 8 FCPATH\index.php(78): CodeIgniter\CodeIgniter->run()
CRITICAL - 2023-11-27 10:59:10 --> Object of class stdClass could not be converted to string
in APPPATH\Views\admin\indexTree.php on line 4.
 1 SYSTEMPATH\View\View.php(228): include()
 2 SYSTEMPATH\View\View.php(231): CodeIgniter\View\View->CodeIgniter\View\{closure}()
 3 SYSTEMPATH\Common.php(1190): CodeIgniter\View\View->render('admin/indexTree', [], true)
 4 APPPATH\Controllers\IndexTree.php(14): view('admin/indexTree')
 5 SYSTEMPATH\CodeIgniter.php(942): App\Controllers\IndexTree->index()
 6 SYSTEMPATH\CodeIgniter.php(502): CodeIgniter\CodeIgniter->runController(Object(App\Controllers\IndexTree))
 7 SYSTEMPATH\CodeIgniter.php(361): CodeIgniter\CodeIgniter->handleRequest(null, Object(Config\Cache), false)
 8 FCPATH\index.php(78): CodeIgniter\CodeIgniter->run()
CRITICAL - 2023-11-27 10:59:46 --> Array to string conversion
in APPPATH\Views\admin\indexTree.php on line 4.
 1 APPPATH\Views\admin\indexTree.php(4): CodeIgniter\Debug\Exceptions->errorHandler(8, 'Array to string conversion', 'D:\\work\\XAMPP\\htdocs\\sites\\mgu\\app\\Views\\admin\\indexTree.php', 4, [...])
 2 SYSTEMPATH\View\View.php(228): include('D:\\work\\XAMPP\\htdocs\\sites\\mgu\\app\\Views\\admin\\indexTree.php')
 3 SYSTEMPATH\View\View.php(231): CodeIgniter\View\View->CodeIgniter\View\{closure}()
 4 SYSTEMPATH\Common.php(1190): CodeIgniter\View\View->render('admin/indexTree', [], true)
 5 APPPATH\Controllers\IndexTree.php(14): view('admin/indexTree')
 6 SYSTEMPATH\CodeIgniter.php(942): App\Controllers\IndexTree->index()
 7 SYSTEMPATH\CodeIgniter.php(502): CodeIgniter\CodeIgniter->runController(Object(App\Controllers\IndexTree))
 8 SYSTEMPATH\CodeIgniter.php(361): CodeIgniter\CodeIgniter->handleRequest(null, Object(Config\Cache), false)
 9 FCPATH\index.php(78): CodeIgniter\CodeIgniter->run()
CRITICAL - 2023-11-27 11:00:10 --> Undefined index: CODE
in APPPATH\Views\admin\indexTree.php on line 4.
 1 APPPATH\Views\admin\indexTree.php(4): CodeIgniter\Debug\Exceptions->errorHandler(8, 'Undefined index: CODE', 'D:\\work\\XAMPP\\htdocs\\sites\\mgu\\app\\Views\\admin\\indexTree.php', 4, [...])
 2 SYSTEMPATH\View\View.php(228): include('D:\\work\\XAMPP\\htdocs\\sites\\mgu\\app\\Views\\admin\\indexTree.php')
 3 SYSTEMPATH\View\View.php(231): CodeIgniter\View\View->CodeIgniter\View\{closure}()
 4 SYSTEMPATH\Common.php(1190): CodeIgniter\View\View->render('admin/indexTree', [], true)
 5 APPPATH\Controllers\IndexTree.php(14): view('admin/indexTree')
 6 SYSTEMPATH\CodeIgniter.php(942): App\Controllers\IndexTree->index()
 7 SYSTEMPATH\CodeIgniter.php(502): CodeIgniter\CodeIgniter->runController(Object(App\Controllers\IndexTree))
 8 SYSTEMPATH\CodeIgniter.php(361): CodeIgniter\CodeIgniter->handleRequest(null, Object(Config\Cache), false)
 9 FCPATH\index.php(78): CodeIgniter\CodeIgniter->run()
CRITICAL - 2023-11-27 11:00:49 --> Call to undefined method CodeIgniter\Database\MySQLi\Result::findAll()
in APPPATH\Models\IndexTreeModel.php on line 16.
 1 APPPATH\Controllers\IndexTree.php(12): App\Models\IndexTreeModel->getCompetenciesList()
 2 SYSTEMPATH\CodeIgniter.php(942): App\Controllers\IndexTree->index()
 3 SYSTEMPATH\CodeIgniter.php(502): CodeIgniter\CodeIgniter->runController(Object(App\Controllers\IndexTree))
 4 SYSTEMPATH\CodeIgniter.php(361): CodeIgniter\CodeIgniter->handleRequest(null, Object(Config\Cache), false)
 5 FCPATH\index.php(78): CodeIgniter\CodeIgniter->run()
CRITICAL - 2023-11-27 11:01:01 --> Call to undefined method CodeIgniter\Database\MySQLi\Result::first()
in APPPATH\Models\IndexTreeModel.php on line 16.
 1 APPPATH\Controllers\IndexTree.php(12): App\Models\IndexTreeModel->getCompetenciesList()
 2 SYSTEMPATH\CodeIgniter.php(942): App\Controllers\IndexTree->index()
 3 SYSTEMPATH\CodeIgniter.php(502): CodeIgniter\CodeIgniter->runController(Object(App\Controllers\IndexTree))
 4 SYSTEMPATH\CodeIgniter.php(361): CodeIgniter\CodeIgniter->handleRequest(null, Object(Config\Cache), false)
 5 FCPATH\index.php(78): CodeIgniter\CodeIgniter->run()
CRITICAL - 2023-11-27 11:01:14 --> Cannot use object of type stdClass as array
in APPPATH\Views\admin\indexTree.php on line 4.
 1 SYSTEMPATH\View\View.php(228): include()
 2 SYSTEMPATH\View\View.php(231): CodeIgniter\View\View->CodeIgniter\View\{closure}()
 3 SYSTEMPATH\Common.php(1190): CodeIgniter\View\View->render('admin/indexTree', [], true)
 4 APPPATH\Controllers\IndexTree.php(14): view('admin/indexTree')
 5 SYSTEMPATH\CodeIgniter.php(942): App\Controllers\IndexTree->index()
 6 SYSTEMPATH\CodeIgniter.php(502): CodeIgniter\CodeIgniter->runController(Object(App\Controllers\IndexTree))
 7 SYSTEMPATH\CodeIgniter.php(361): CodeIgniter\CodeIgniter->handleRequest(null, Object(Config\Cache), false)
 8 FCPATH\index.php(78): CodeIgniter\CodeIgniter->run()
CRITICAL - 2023-11-27 11:13:40 --> Call to undefined method CodeIgniter\Database\MySQLi\Result::getRows()
in APPPATH\Models\IndexTreeModel.php on line 16.
 1 APPPATH\Controllers\IndexTree.php(12): App\Models\IndexTreeModel->getCompetenciesList()
 2 SYSTEMPATH\CodeIgniter.php(942): App\Controllers\IndexTree->index()
 3 SYSTEMPATH\CodeIgniter.php(502): CodeIgniter\CodeIgniter->runController(Object(App\Controllers\IndexTree))
 4 SYSTEMPATH\CodeIgniter.php(361): CodeIgniter\CodeIgniter->handleRequest(null, Object(Config\Cache), false)
 5 FCPATH\index.php(78): CodeIgniter\CodeIgniter->run()
CRITICAL - 2023-11-27 11:34:07 --> mysqli_fetch_assoc() expects parameter 1 to be mysqli_result, object given
in APPPATH\Models\IndexTreeModel.php on line 16.
 1 [internal function]: CodeIgniter\Debug\Exceptions->errorHandler(2, 'mysqli_fetch_assoc() expects parameter 1 to be mysqli_result, object given', 'D:\\work\\XAMPP\\htdocs\\sites\\mgu\\app\\Models\\IndexTreeModel.php', 16, [...])
 2 APPPATH\Models\IndexTreeModel.php(16): mysqli_fetch_assoc(Object(CodeIgniter\Database\MySQLi\Result))
 3 APPPATH\Controllers\IndexTree.php(12): App\Models\IndexTreeModel->getCompetenciesList()
 4 SYSTEMPATH\CodeIgniter.php(942): App\Controllers\IndexTree->index()
 5 SYSTEMPATH\CodeIgniter.php(502): CodeIgniter\CodeIgniter->runController(Object(App\Controllers\IndexTree))
 6 SYSTEMPATH\CodeIgniter.php(361): CodeIgniter\CodeIgniter->handleRequest(null, Object(Config\Cache), false)
 7 FCPATH\index.php(78): CodeIgniter\CodeIgniter->run()
CRITICAL - 2023-11-27 11:45:32 --> Undefined variable: array
in APPPATH\Models\generalModel.php on line 15.
 1 APPPATH\Models\generalModel.php(15): CodeIgniter\Debug\Exceptions->errorHandler(8, 'Undefined variable: array', 'D:\\work\\XAMPP\\htdocs\\sites\\mgu\\app\\Models\\generalModel.php', 15, [...])
 2 APPPATH\Controllers\IndexTree.php(15): App\Models\GeneralModel->AssocSqlResult(null)
 3 SYSTEMPATH\CodeIgniter.php(942): App\Controllers\IndexTree->index()
 4 SYSTEMPATH\CodeIgniter.php(502): CodeIgniter\CodeIgniter->runController(Object(App\Controllers\IndexTree))
 5 SYSTEMPATH\CodeIgniter.php(361): CodeIgniter\CodeIgniter->handleRequest(null, Object(Config\Cache), false)
 6 FCPATH\index.php(78): CodeIgniter\CodeIgniter->run()
CRITICAL - 2023-11-27 11:47:26 --> Only variables should be passed by reference
in APPPATH\Controllers\IndexTree.php on line 14.
 1 APPPATH\Controllers\IndexTree.php(14): CodeIgniter\Debug\Exceptions->errorHandler(8, 'Only variables should be passed by reference', 'D:\\work\\XAMPP\\htdocs\\sites\\mgu\\app\\Controllers\\IndexTree.php', 14, [...])
 2 SYSTEMPATH\CodeIgniter.php(942): App\Controllers\IndexTree->index()
 3 SYSTEMPATH\CodeIgniter.php(502): CodeIgniter\CodeIgniter->runController(Object(App\Controllers\IndexTree))
 4 SYSTEMPATH\CodeIgniter.php(361): CodeIgniter\CodeIgniter->handleRequest(null, Object(Config\Cache), false)
 5 FCPATH\index.php(78): CodeIgniter\CodeIgniter->run()
CRITICAL - 2023-11-27 11:51:14 --> Trying to access array offset on value of type int
in APPPATH\Views\admin\viewIndexTree.php on line 28.
 1 APPPATH\Views\admin\viewIndexTree.php(28): CodeIgniter\Debug\Exceptions->errorHandler(8, 'Trying to access array offset on value of type int', 'D:\\work\\XAMPP\\htdocs\\sites\\mgu\\app\\Views\\admin\\viewIndexTree.php', 28, [...])
 2 SYSTEMPATH\View\View.php(228): include('D:\\work\\XAMPP\\htdocs\\sites\\mgu\\app\\Views\\admin\\viewIndexTree.php')
 3 SYSTEMPATH\View\View.php(231): CodeIgniter\View\View->CodeIgniter\View\{closure}()
 4 SYSTEMPATH\Common.php(1190): CodeIgniter\View\View->render('admin/viewIndexTree', [], true)
 5 APPPATH\Controllers\IndexTree.php(14): view('admin/viewIndexTree')
 6 SYSTEMPATH\CodeIgniter.php(942): App\Controllers\IndexTree->index()
 7 SYSTEMPATH\CodeIgniter.php(502): CodeIgniter\CodeIgniter->runController(Object(App\Controllers\IndexTree))
 8 SYSTEMPATH\CodeIgniter.php(361): CodeIgniter\CodeIgniter->handleRequest(null, Object(Config\Cache), false)
 9 FCPATH\index.php(78): CodeIgniter\CodeIgniter->run()
CRITICAL - 2023-11-27 11:51:39 --> Trying to access array offset on value of type int
in APPPATH\Views\admin\viewIndexTree.php on line 28.
 1 APPPATH\Views\admin\viewIndexTree.php(28): CodeIgniter\Debug\Exceptions->errorHandler(8, 'Trying to access array offset on value of type int', 'D:\\work\\XAMPP\\htdocs\\sites\\mgu\\app\\Views\\admin\\viewIndexTree.php', 28, [...])
 2 SYSTEMPATH\View\View.php(228): include('D:\\work\\XAMPP\\htdocs\\sites\\mgu\\app\\Views\\admin\\viewIndexTree.php')
 3 SYSTEMPATH\View\View.php(231): CodeIgniter\View\View->CodeIgniter\View\{closure}()
 4 SYSTEMPATH\Common.php(1190): CodeIgniter\View\View->render('admin/viewIndexTree', [], true)
 5 APPPATH\Controllers\IndexTree.php(14): view('admin/viewIndexTree')
 6 SYSTEMPATH\CodeIgniter.php(942): App\Controllers\IndexTree->index()
 7 SYSTEMPATH\CodeIgniter.php(502): CodeIgniter\CodeIgniter->runController(Object(App\Controllers\IndexTree))
 8 SYSTEMPATH\CodeIgniter.php(361): CodeIgniter\CodeIgniter->handleRequest(null, Object(Config\Cache), false)
 9 FCPATH\index.php(78): CodeIgniter\CodeIgniter->run()
CRITICAL - 2023-11-27 11:51:46 --> Trying to get property 'ID' of non-object
in APPPATH\Views\admin\viewIndexTree.php on line 28.
 1 APPPATH\Views\admin\viewIndexTree.php(28): CodeIgniter\Debug\Exceptions->errorHandler(8, 'Trying to get property \'ID\' of non-object', 'D:\\work\\XAMPP\\htdocs\\sites\\mgu\\app\\Views\\admin\\viewIndexTree.php', 28, [...])
 2 SYSTEMPATH\View\View.php(228): include('D:\\work\\XAMPP\\htdocs\\sites\\mgu\\app\\Views\\admin\\viewIndexTree.php')
 3 SYSTEMPATH\View\View.php(231): CodeIgniter\View\View->CodeIgniter\View\{closure}()
 4 SYSTEMPATH\Common.php(1190): CodeIgniter\View\View->render('admin/viewIndexTree', [], true)
 5 APPPATH\Controllers\IndexTree.php(14): view('admin/viewIndexTree')
 6 SYSTEMPATH\CodeIgniter.php(942): App\Controllers\IndexTree->index()
 7 SYSTEMPATH\CodeIgniter.php(502): CodeIgniter\CodeIgniter->runController(Object(App\Controllers\IndexTree))
 8 SYSTEMPATH\CodeIgniter.php(361): CodeIgniter\CodeIgniter->handleRequest(null, Object(Config\Cache), false)
 9 FCPATH\index.php(78): CodeIgniter\CodeIgniter->run()
CRITICAL - 2023-11-27 11:53:00 --> Array to string conversion
in APPPATH\Views\admin\viewIndexTree.php on line 27.
 1 APPPATH\Views\admin\viewIndexTree.php(27): CodeIgniter\Debug\Exceptions->errorHandler(8, 'Array to string conversion', 'D:\\work\\XAMPP\\htdocs\\sites\\mgu\\app\\Views\\admin\\viewIndexTree.php', 27, [...])
 2 SYSTEMPATH\View\View.php(228): include('D:\\work\\XAMPP\\htdocs\\sites\\mgu\\app\\Views\\admin\\viewIndexTree.php')
 3 SYSTEMPATH\View\View.php(231): CodeIgniter\View\View->CodeIgniter\View\{closure}()
 4 SYSTEMPATH\Common.php(1190): CodeIgniter\View\View->render('admin/viewIndexTree', [], true)
 5 APPPATH\Controllers\IndexTree.php(14): view('admin/viewIndexTree')
 6 SYSTEMPATH\CodeIgniter.php(942): App\Controllers\IndexTree->index()
 7 SYSTEMPATH\CodeIgniter.php(502): CodeIgniter\CodeIgniter->runController(Object(App\Controllers\IndexTree))
 8 SYSTEMPATH\CodeIgniter.php(361): CodeIgniter\CodeIgniter->handleRequest(null, Object(Config\Cache), false)
 9 FCPATH\index.php(78): CodeIgniter\CodeIgniter->run()
CRITICAL - 2023-11-27 11:53:57 --> Trying to access array offset on value of type int
in APPPATH\Views\admin\viewIndexTree.php on line 28.
 1 APPPATH\Views\admin\viewIndexTree.php(28): CodeIgniter\Debug\Exceptions->errorHandler(8, 'Trying to access array offset on value of type int', 'D:\\work\\XAMPP\\htdocs\\sites\\mgu\\app\\Views\\admin\\viewIndexTree.php', 28, [...])
 2 SYSTEMPATH\View\View.php(228): include('D:\\work\\XAMPP\\htdocs\\sites\\mgu\\app\\Views\\admin\\viewIndexTree.php')
 3 SYSTEMPATH\View\View.php(231): CodeIgniter\View\View->CodeIgniter\View\{closure}()
 4 SYSTEMPATH\Common.php(1190): CodeIgniter\View\View->render('admin/viewIndexTree', [], true)
 5 APPPATH\Controllers\IndexTree.php(14): view('admin/viewIndexTree')
 6 SYSTEMPATH\CodeIgniter.php(942): App\Controllers\IndexTree->index()
 7 SYSTEMPATH\CodeIgniter.php(502): CodeIgniter\CodeIgniter->runController(Object(App\Controllers\IndexTree))
 8 SYSTEMPATH\CodeIgniter.php(361): CodeIgniter\CodeIgniter->handleRequest(null, Object(Config\Cache), false)
 9 FCPATH\index.php(78): CodeIgniter\CodeIgniter->run()
CRITICAL - 2023-11-27 12:05:35 --> Cannot use object of type stdClass as array
in APPPATH\Views\admin\viewIndexTree.php on line 6.
 1 SYSTEMPATH\View\View.php(228): include()
 2 SYSTEMPATH\View\View.php(231): CodeIgniter\View\View->CodeIgniter\View\{closure}()
 3 SYSTEMPATH\Common.php(1190): CodeIgniter\View\View->render('admin/viewIndexTree', [], true)
 4 APPPATH\Controllers\IndexTree.php(14): view('admin/viewIndexTree')
 5 SYSTEMPATH\CodeIgniter.php(942): App\Controllers\IndexTree->index()
 6 SYSTEMPATH\CodeIgniter.php(502): CodeIgniter\CodeIgniter->runController(Object(App\Controllers\IndexTree))
 7 SYSTEMPATH\CodeIgniter.php(361): CodeIgniter\CodeIgniter->handleRequest(null, Object(Config\Cache), false)
 8 FCPATH\index.php(78): CodeIgniter\CodeIgniter->run()
CRITICAL - 2023-11-27 12:05:51 --> Cannot use object of type stdClass as array
in APPPATH\Views\admin\viewIndexTree.php on line 6.
 1 SYSTEMPATH\View\View.php(228): include()
 2 SYSTEMPATH\View\View.php(231): CodeIgniter\View\View->CodeIgniter\View\{closure}()
 3 SYSTEMPATH\Common.php(1190): CodeIgniter\View\View->render('admin/viewIndexTree', [], true)
 4 APPPATH\Controllers\IndexTree.php(14): view('admin/viewIndexTree')
 5 SYSTEMPATH\CodeIgniter.php(942): App\Controllers\IndexTree->index()
 6 SYSTEMPATH\CodeIgniter.php(502): CodeIgniter\CodeIgniter->runController(Object(App\Controllers\IndexTree))
 7 SYSTEMPATH\CodeIgniter.php(361): CodeIgniter\CodeIgniter->handleRequest(null, Object(Config\Cache), false)
 8 FCPATH\index.php(78): CodeIgniter\CodeIgniter->run()
CRITICAL - 2023-11-27 12:06:08 --> Cannot use object of type stdClass as array
in APPPATH\Views\admin\viewIndexTree.php on line 6.
 1 SYSTEMPATH\View\View.php(228): include()
 2 SYSTEMPATH\View\View.php(231): CodeIgniter\View\View->CodeIgniter\View\{closure}()
 3 SYSTEMPATH\Common.php(1190): CodeIgniter\View\View->render('admin/viewIndexTree', [], true)
 4 APPPATH\Controllers\IndexTree.php(14): view('admin/viewIndexTree')
 5 SYSTEMPATH\CodeIgniter.php(942): App\Controllers\IndexTree->index()
 6 SYSTEMPATH\CodeIgniter.php(502): CodeIgniter\CodeIgniter->runController(Object(App\Controllers\IndexTree))
 7 SYSTEMPATH\CodeIgniter.php(361): CodeIgniter\CodeIgniter->handleRequest(null, Object(Config\Cache), false)
 8 FCPATH\index.php(78): CodeIgniter\CodeIgniter->run()
CRITICAL - 2023-11-27 12:06:47 --> Undefined property: stdClass::$fullCode
in APPPATH\Views\admin\viewIndexTree.php on line 6.
 1 APPPATH\Views\admin\viewIndexTree.php(6): CodeIgniter\Debug\Exceptions->errorHandler(8, 'Undefined property: stdClass::$fullCode', 'D:\\work\\XAMPP\\htdocs\\sites\\mgu\\app\\Views\\admin\\viewIndexTree.php', 6, [...])
 2 SYSTEMPATH\View\View.php(228): include('D:\\work\\XAMPP\\htdocs\\sites\\mgu\\app\\Views\\admin\\viewIndexTree.php')
 3 SYSTEMPATH\View\View.php(231): CodeIgniter\View\View->CodeIgniter\View\{closure}()
 4 SYSTEMPATH\Common.php(1190): CodeIgniter\View\View->render('admin/viewIndexTree', [], true)
 5 APPPATH\Controllers\IndexTree.php(14): view('admin/viewIndexTree')
 6 SYSTEMPATH\CodeIgniter.php(942): App\Controllers\IndexTree->index()
 7 SYSTEMPATH\CodeIgniter.php(502): CodeIgniter\CodeIgniter->runController(Object(App\Controllers\IndexTree))
 8 SYSTEMPATH\CodeIgniter.php(361): CodeIgniter\CodeIgniter->handleRequest(null, Object(Config\Cache), false)
 9 FCPATH\index.php(78): CodeIgniter\CodeIgniter->run()
CRITICAL - 2023-11-27 12:07:10 --> Undefined property: stdClass::$fullCode
in APPPATH\Views\admin\viewIndexTree.php on line 6.
 1 APPPATH\Views\admin\viewIndexTree.php(6): CodeIgniter\Debug\Exceptions->errorHandler(8, 'Undefined property: stdClass::$fullCode', 'D:\\work\\XAMPP\\htdocs\\sites\\mgu\\app\\Views\\admin\\viewIndexTree.php', 6, [...])
 2 SYSTEMPATH\View\View.php(228): include('D:\\work\\XAMPP\\htdocs\\sites\\mgu\\app\\Views\\admin\\viewIndexTree.php')
 3 SYSTEMPATH\View\View.php(231): CodeIgniter\View\View->CodeIgniter\View\{closure}()
 4 SYSTEMPATH\Common.php(1190): CodeIgniter\View\View->render('admin/viewIndexTree', [], true)
 5 APPPATH\Controllers\IndexTree.php(14): view('admin/viewIndexTree')
 6 SYSTEMPATH\CodeIgniter.php(942): App\Controllers\IndexTree->index()
 7 SYSTEMPATH\CodeIgniter.php(502): CodeIgniter\CodeIgniter->runController(Object(App\Controllers\IndexTree))
 8 SYSTEMPATH\CodeIgniter.php(361): CodeIgniter\CodeIgniter->handleRequest(null, Object(Config\Cache), false)
 9 FCPATH\index.php(78): CodeIgniter\CodeIgniter->run()
CRITICAL - 2023-11-27 12:11:58 --> syntax error, unexpected end of file
in APPPATH\Views\admin\viewIndexTree.php on line 71.
 1 SYSTEMPATH\View\View.php(231): CodeIgniter\View\View->CodeIgniter\View\{closure}()
 2 SYSTEMPATH\Common.php(1190): CodeIgniter\View\View->render('admin/viewIndexTree', [], true)
 3 APPPATH\Controllers\IndexTree.php(14): view('admin/viewIndexTree')
 4 SYSTEMPATH\CodeIgniter.php(942): App\Controllers\IndexTree->index()
 5 SYSTEMPATH\CodeIgniter.php(502): CodeIgniter\CodeIgniter->runController(Object(App\Controllers\IndexTree))
 6 SYSTEMPATH\CodeIgniter.php(361): CodeIgniter\CodeIgniter->handleRequest(null, Object(Config\Cache), false)
 7 FCPATH\index.php(78): CodeIgniter\CodeIgniter->run()
CRITICAL - 2023-11-27 12:12:08 --> syntax error, unexpected end of file
in APPPATH\Views\admin\viewIndexTree.php on line 71.
 1 SYSTEMPATH\View\View.php(231): CodeIgniter\View\View->CodeIgniter\View\{closure}()
 2 SYSTEMPATH\Common.php(1190): CodeIgniter\View\View->render('admin/viewIndexTree', [], true)
 3 APPPATH\Controllers\IndexTree.php(14): view('admin/viewIndexTree')
 4 SYSTEMPATH\CodeIgniter.php(942): App\Controllers\IndexTree->index()
 5 SYSTEMPATH\CodeIgniter.php(502): CodeIgniter\CodeIgniter->runController(Object(App\Controllers\IndexTree))
 6 SYSTEMPATH\CodeIgniter.php(361): CodeIgniter\CodeIgniter->handleRequest(null, Object(Config\Cache), false)
 7 FCPATH\index.php(78): CodeIgniter\CodeIgniter->run()
CRITICAL - 2023-11-27 12:12:15 --> syntax error, unexpected end of file
in APPPATH\Views\admin\viewIndexTree.php on line 71.
 1 SYSTEMPATH\View\View.php(231): CodeIgniter\View\View->CodeIgniter\View\{closure}()
 2 SYSTEMPATH\Common.php(1190): CodeIgniter\View\View->render('admin/viewIndexTree', [], true)
 3 APPPATH\Controllers\IndexTree.php(14): view('admin/viewIndexTree')
 4 SYSTEMPATH\CodeIgniter.php(942): App\Controllers\IndexTree->index()
 5 SYSTEMPATH\CodeIgniter.php(502): CodeIgniter\CodeIgniter->runController(Object(App\Controllers\IndexTree))
 6 SYSTEMPATH\CodeIgniter.php(361): CodeIgniter\CodeIgniter->handleRequest(null, Object(Config\Cache), false)
 7 FCPATH\index.php(78): CodeIgniter\CodeIgniter->run()
CRITICAL - 2023-11-27 12:12:29 --> syntax error, unexpected end of file
in APPPATH\Views\admin\viewIndexTree.php on line 70.
 1 SYSTEMPATH\View\View.php(231): CodeIgniter\View\View->CodeIgniter\View\{closure}()
 2 SYSTEMPATH\Common.php(1190): CodeIgniter\View\View->render('admin/viewIndexTree', [], true)
 3 APPPATH\Controllers\IndexTree.php(14): view('admin/viewIndexTree')
 4 SYSTEMPATH\CodeIgniter.php(942): App\Controllers\IndexTree->index()
 5 SYSTEMPATH\CodeIgniter.php(502): CodeIgniter\CodeIgniter->runController(Object(App\Controllers\IndexTree))
 6 SYSTEMPATH\CodeIgniter.php(361): CodeIgniter\CodeIgniter->handleRequest(null, Object(Config\Cache), false)
 7 FCPATH\index.php(78): CodeIgniter\CodeIgniter->run()
CRITICAL - 2023-11-27 12:12:39 --> syntax error, unexpected end of file
in APPPATH\Views\admin\viewIndexTree.php on line 69.
 1 SYSTEMPATH\View\View.php(231): CodeIgniter\View\View->CodeIgniter\View\{closure}()
 2 SYSTEMPATH\Common.php(1190): CodeIgniter\View\View->render('admin/viewIndexTree', [], true)
 3 APPPATH\Controllers\IndexTree.php(14): view('admin/viewIndexTree')
 4 SYSTEMPATH\CodeIgniter.php(942): App\Controllers\IndexTree->index()
 5 SYSTEMPATH\CodeIgniter.php(502): CodeIgniter\CodeIgniter->runController(Object(App\Controllers\IndexTree))
 6 SYSTEMPATH\CodeIgniter.php(361): CodeIgniter\CodeIgniter->handleRequest(null, Object(Config\Cache), false)
 7 FCPATH\index.php(78): CodeIgniter\CodeIgniter->run()
CRITICAL - 2023-11-27 12:13:09 --> syntax error, unexpected end of file
in APPPATH\Views\admin\viewIndexTree.php on line 70.
 1 SYSTEMPATH\View\View.php(231): CodeIgniter\View\View->CodeIgniter\View\{closure}()
 2 SYSTEMPATH\Common.php(1190): CodeIgniter\View\View->render('admin/viewIndexTree', [], true)
 3 APPPATH\Controllers\IndexTree.php(14): view('admin/viewIndexTree')
 4 SYSTEMPATH\CodeIgniter.php(942): App\Controllers\IndexTree->index()
 5 SYSTEMPATH\CodeIgniter.php(502): CodeIgniter\CodeIgniter->runController(Object(App\Controllers\IndexTree))
 6 SYSTEMPATH\CodeIgniter.php(361): CodeIgniter\CodeIgniter->handleRequest(null, Object(Config\Cache), false)
 7 FCPATH\index.php(78): CodeIgniter\CodeIgniter->run()
CRITICAL - 2023-11-27 12:13:13 --> syntax error, unexpected end of file
in APPPATH\Views\admin\viewIndexTree.php on line 69.
 1 SYSTEMPATH\View\View.php(231): CodeIgniter\View\View->CodeIgniter\View\{closure}()
 2 SYSTEMPATH\Common.php(1190): CodeIgniter\View\View->render('admin/viewIndexTree', [], true)
 3 APPPATH\Controllers\IndexTree.php(14): view('admin/viewIndexTree')
 4 SYSTEMPATH\CodeIgniter.php(942): App\Controllers\IndexTree->index()
 5 SYSTEMPATH\CodeIgniter.php(502): CodeIgniter\CodeIgniter->runController(Object(App\Controllers\IndexTree))
 6 SYSTEMPATH\CodeIgniter.php(361): CodeIgniter\CodeIgniter->handleRequest(null, Object(Config\Cache), false)
 7 FCPATH\index.php(78): CodeIgniter\CodeIgniter->run()
CRITICAL - 2023-11-27 13:01:58 --> Call to undefined function App\Controllers\form_open_multipart()
in APPPATH\Controllers\IndexTree.php on line 14.
 1 SYSTEMPATH\CodeIgniter.php(942): App\Controllers\IndexTree->index()
 2 SYSTEMPATH\CodeIgniter.php(502): CodeIgniter\CodeIgniter->runController(Object(App\Controllers\IndexTree))
 3 SYSTEMPATH\CodeIgniter.php(361): CodeIgniter\CodeIgniter->handleRequest(null, Object(Config\Cache), false)
 4 FCPATH\index.php(78): CodeIgniter\CodeIgniter->run()
CRITICAL - 2023-11-27 13:04:08 --> Call to undefined function App\Controllers\form_open()
in APPPATH\Controllers\IndexTree.php on line 13.
 1 SYSTEMPATH\CodeIgniter.php(942): App\Controllers\IndexTree->index()
 2 SYSTEMPATH\CodeIgniter.php(502): CodeIgniter\CodeIgniter->runController(Object(App\Controllers\IndexTree))
 3 SYSTEMPATH\CodeIgniter.php(361): CodeIgniter\CodeIgniter->handleRequest(null, Object(Config\Cache), false)
 4 FCPATH\index.php(78): CodeIgniter\CodeIgniter->run()
CRITICAL - 2023-11-27 13:04:12 --> Call to undefined function App\Controllers\form_open()
in APPPATH\Controllers\IndexTree.php on line 13.
 1 SYSTEMPATH\CodeIgniter.php(942): App\Controllers\IndexTree->index()
 2 SYSTEMPATH\CodeIgniter.php(502): CodeIgniter\CodeIgniter->runController(Object(App\Controllers\IndexTree))
 3 SYSTEMPATH\CodeIgniter.php(361): CodeIgniter\CodeIgniter->handleRequest(null, Object(Config\Cache), false)
 4 FCPATH\index.php(78): CodeIgniter\CodeIgniter->run()
CRITICAL - 2023-11-27 13:04:58 --> Call to undefined function form_open()
in APPPATH\Views\admin\viewIndexTree.php on line 2.
 1 SYSTEMPATH\View\View.php(228): include()
 2 SYSTEMPATH\View\View.php(231): CodeIgniter\View\View->CodeIgniter\View\{closure}()
 3 SYSTEMPATH\Common.php(1190): CodeIgniter\View\View->render('admin/viewIndexTree', [], true)
 4 APPPATH\Controllers\IndexTree.php(13): view('admin/viewIndexTree')
 5 SYSTEMPATH\CodeIgniter.php(942): App\Controllers\IndexTree->index()
 6 SYSTEMPATH\CodeIgniter.php(502): CodeIgniter\CodeIgniter->runController(Object(App\Controllers\IndexTree))
 7 SYSTEMPATH\CodeIgniter.php(361): CodeIgniter\CodeIgniter->handleRequest(null, Object(Config\Cache), false)
 8 FCPATH\index.php(78): CodeIgniter\CodeIgniter->run()
CRITICAL - 2023-11-27 13:12:47 --> Undefined variable: HTTP_RAW_POST_DATA
in APPPATH\Controllers\IndexTree.php on line 13.
 1 APPPATH\Controllers\IndexTree.php(13): CodeIgniter\Debug\Exceptions->errorHandler(8, 'Undefined variable: HTTP_RAW_POST_DATA', 'D:\\work\\XAMPP\\htdocs\\sites\\mgu\\app\\Controllers\\IndexTree.php', 13, [...])
 2 SYSTEMPATH\CodeIgniter.php(942): App\Controllers\IndexTree->index()
 3 SYSTEMPATH\CodeIgniter.php(502): CodeIgniter\CodeIgniter->runController(Object(App\Controllers\IndexTree))
 4 SYSTEMPATH\CodeIgniter.php(361): CodeIgniter\CodeIgniter->handleRequest(null, Object(Config\Cache), false)
 5 FCPATH\index.php(78): CodeIgniter\CodeIgniter->run()
CRITICAL - 2023-11-27 13:13:02 --> Use of undefined constant HTTP_POST_VARS - assumed 'HTTP_POST_VARS' (this will throw an Error in a future version of PHP)
in APPPATH\Controllers\IndexTree.php on line 13.
 1 APPPATH\Controllers\IndexTree.php(13): CodeIgniter\Debug\Exceptions->errorHandler(2, 'Use of undefined constant HTTP_POST_VARS - assumed \'HTTP_POST_VARS\' (this will throw an Error in a future version of PHP)', 'D:\\work\\XAMPP\\htdocs\\sites\\mgu\\app\\Controllers\\IndexTree.php', 13, [...])
 2 SYSTEMPATH\CodeIgniter.php(942): App\Controllers\IndexTree->index()
 3 SYSTEMPATH\CodeIgniter.php(502): CodeIgniter\CodeIgniter->runController(Object(App\Controllers\IndexTree))
 4 SYSTEMPATH\CodeIgniter.php(361): CodeIgniter\CodeIgniter->handleRequest(null, Object(Config\Cache), false)
 5 FCPATH\index.php(78): CodeIgniter\CodeIgniter->run()
CRITICAL - 2023-11-27 13:15:14 --> Use of undefined constant HTTP_POST_VARS - assumed 'HTTP_POST_VARS' (this will throw an Error in a future version of PHP)
in APPPATH\Controllers\IndexTree.php on line 14.
 1 APPPATH\Controllers\IndexTree.php(14): CodeIgniter\Debug\Exceptions->errorHandler(2, 'Use of undefined constant HTTP_POST_VARS - assumed \'HTTP_POST_VARS\' (this will throw an Error in a future version of PHP)', 'D:\\work\\XAMPP\\htdocs\\sites\\mgu\\app\\Controllers\\IndexTree.php', 14, [...])
 2 SYSTEMPATH\CodeIgniter.php(942): App\Controllers\IndexTree->index()
 3 SYSTEMPATH\CodeIgniter.php(502): CodeIgniter\CodeIgniter->runController(Object(App\Controllers\IndexTree))
 4 SYSTEMPATH\CodeIgniter.php(361): CodeIgniter\CodeIgniter->handleRequest(null, Object(Config\Cache), false)
 5 FCPATH\index.php(78): CodeIgniter\CodeIgniter->run()
CRITICAL - 2023-11-27 13:20:30 --> Call to undefined method App\Controllers\IndexTree::getVar()
in APPPATH\Controllers\IndexTree.php on line 18.
 1 SYSTEMPATH\CodeIgniter.php(942): App\Controllers\IndexTree->addIndexTree()
 2 SYSTEMPATH\CodeIgniter.php(502): CodeIgniter\CodeIgniter->runController(Object(App\Controllers\IndexTree))
 3 SYSTEMPATH\CodeIgniter.php(361): CodeIgniter\CodeIgniter->handleRequest(null, Object(Config\Cache), false)
 4 FCPATH\index.php(78): CodeIgniter\CodeIgniter->run()
CRITICAL - 2023-11-27 13:21:08 --> Call to undefined method App\Controllers\IndexTree::getVar()
in APPPATH\Controllers\IndexTree.php on line 19.
 1 SYSTEMPATH\CodeIgniter.php(942): App\Controllers\IndexTree->addIndexTree()
 2 SYSTEMPATH\CodeIgniter.php(502): CodeIgniter\CodeIgniter->runController(Object(App\Controllers\IndexTree))
 3 SYSTEMPATH\CodeIgniter.php(361): CodeIgniter\CodeIgniter->handleRequest(null, Object(Config\Cache), false)
 4 FCPATH\index.php(78): CodeIgniter\CodeIgniter->run()
