CRITICAL - 2023-11-24 06:30:46 --> Undefined property: App\Controllers\Test::$load
in APPPATH\Controllers\test.php on line 7.
 1 APPPATH\Controllers\test.php(7): CodeIgniter\Debug\Exceptions->errorHandler(8, 'Undefined property: App\\Controllers\\Test::$load', 'D:\\work\\XAMPP\\htdocs\\sites\\mgu\\app\\Controllers\\test.php', 7, [])
 2 SYSTEMPATH\CodeIgniter.php(942): App\Controllers\Test->index()
 3 SYSTEMPATH\CodeIgniter.php(502): CodeIgniter\CodeIgniter->runController(Object(App\Controllers\Test))
 4 SYSTEMPATH\CodeIgniter.php(361): CodeIgniter\CodeIgniter->handleRequest(null, Object(Config\Cache), false)
 5 FCPATH\index.php(78): CodeIgniter\CodeIgniter->run()
CRITICAL - 2023-11-24 06:31:13 --> Undefined variable: c
in APPPATH\Views\test.php on line 4.
 1 APPPATH\Views\test.php(4): CodeIgniter\Debug\Exceptions->errorHandler(8, 'Undefined variable: c', 'D:\\work\\XAMPP\\htdocs\\sites\\mgu\\app\\Views\\test.php', 4, [])
 2 SYSTEMPATH\View\View.php(228): include('D:\\work\\XAMPP\\htdocs\\sites\\mgu\\app\\Views\\test.php')
 3 SYSTEMPATH\View\View.php(231): CodeIgniter\View\View->CodeIgniter\View\{closure}()
 4 SYSTEMPATH\Common.php(1190): CodeIgniter\View\View->render('test', [], true)
 5 APPPATH\Controllers\test.php(8): view('test', [])
 6 SYSTEMPATH\CodeIgniter.php(942): App\Controllers\Test->index()
 7 SYSTEMPATH\CodeIgniter.php(502): CodeIgniter\CodeIgniter->runController(Object(App\Controllers\Test))
 8 SYSTEMPATH\CodeIgniter.php(361): CodeIgniter\CodeIgniter->handleRequest(null, Object(Config\Cache), false)
 9 FCPATH\index.php(78): CodeIgniter\CodeIgniter->run()
CRITICAL - 2023-11-24 06:31:51 --> Undefined variable: test
in APPPATH\Views\test.php on line 4.
 1 APPPATH\Views\test.php(4): CodeIgniter\Debug\Exceptions->errorHandler(8, 'Undefined variable: test', 'D:\\work\\XAMPP\\htdocs\\sites\\mgu\\app\\Views\\test.php', 4, [])
 2 SYSTEMPATH\View\View.php(228): include('D:\\work\\XAMPP\\htdocs\\sites\\mgu\\app\\Views\\test.php')
 3 SYSTEMPATH\View\View.php(231): CodeIgniter\View\View->CodeIgniter\View\{closure}()
 4 SYSTEMPATH\Common.php(1190): CodeIgniter\View\View->render('test', [], true)
 5 APPPATH\Controllers\test.php(8): view('test', [])
 6 SYSTEMPATH\CodeIgniter.php(942): App\Controllers\Test->index()
 7 SYSTEMPATH\CodeIgniter.php(502): CodeIgniter\CodeIgniter->runController(Object(App\Controllers\Test))
 8 SYSTEMPATH\CodeIgniter.php(361): CodeIgniter\CodeIgniter->handleRequest(null, Object(Config\Cache), false)
 9 FCPATH\index.php(78): CodeIgniter\CodeIgniter->run()
CRITICAL - 2023-11-24 06:32:13 --> Undefined variable: test
in APPPATH\Views\test.php on line 4.
 1 APPPATH\Views\test.php(4): CodeIgniter\Debug\Exceptions->errorHandler(8, 'Undefined variable: test', 'D:\\work\\XAMPP\\htdocs\\sites\\mgu\\app\\Views\\test.php', 4, [])
 2 SYSTEMPATH\View\View.php(228): include('D:\\work\\XAMPP\\htdocs\\sites\\mgu\\app\\Views\\test.php')
 3 SYSTEMPATH\View\View.php(231): CodeIgniter\View\View->CodeIgniter\View\{closure}()
 4 SYSTEMPATH\Common.php(1190): CodeIgniter\View\View->render('test', [], true)
 5 APPPATH\Controllers\test.php(8): view('test', [])
 6 SYSTEMPATH\CodeIgniter.php(942): App\Controllers\Test->index()
 7 SYSTEMPATH\CodeIgniter.php(502): CodeIgniter\CodeIgniter->runController(Object(App\Controllers\Test))
 8 SYSTEMPATH\CodeIgniter.php(361): CodeIgniter\CodeIgniter->handleRequest(null, Object(Config\Cache), false)
 9 FCPATH\index.php(78): CodeIgniter\CodeIgniter->run()
CRITICAL - 2023-11-24 06:32:24 --> Call to undefined function is()
in APPPATH\Views\test.php on line 4.
 1 SYSTEMPATH\View\View.php(228): include()
 2 SYSTEMPATH\View\View.php(231): CodeIgniter\View\View->CodeIgniter\View\{closure}()
 3 SYSTEMPATH\Common.php(1190): CodeIgniter\View\View->render('test', [], true)
 4 APPPATH\Controllers\test.php(8): view('test', [])
 5 SYSTEMPATH\CodeIgniter.php(942): App\Controllers\Test->index()
 6 SYSTEMPATH\CodeIgniter.php(502): CodeIgniter\CodeIgniter->runController(Object(App\Controllers\Test))
 7 SYSTEMPATH\CodeIgniter.php(361): CodeIgniter\CodeIgniter->handleRequest(null, Object(Config\Cache), false)
 8 FCPATH\index.php(78): CodeIgniter\CodeIgniter->run()
CRITICAL - 2023-11-24 06:33:19 --> syntax error, unexpected 'foreach' (T_FOREACH)
in APPPATH\Views\test.php on line 5.
 1 SYSTEMPATH\View\View.php(231): CodeIgniter\View\View->CodeIgniter\View\{closure}()
 2 SYSTEMPATH\Common.php(1190): CodeIgniter\View\View->render('test', [], true)
 3 APPPATH\Controllers\test.php(8): view('test', [])
 4 SYSTEMPATH\CodeIgniter.php(942): App\Controllers\Test->index()
 5 SYSTEMPATH\CodeIgniter.php(502): CodeIgniter\CodeIgniter->runController(Object(App\Controllers\Test))
 6 SYSTEMPATH\CodeIgniter.php(361): CodeIgniter\CodeIgniter->handleRequest(null, Object(Config\Cache), false)
 7 FCPATH\index.php(78): CodeIgniter\CodeIgniter->run()
CRITICAL - 2023-11-24 06:34:36 --> Undefined variable: test
in APPPATH\Views\test.php on line 5.
 1 APPPATH\Views\test.php(5): CodeIgniter\Debug\Exceptions->errorHandler(8, 'Undefined variable: test', 'D:\\work\\XAMPP\\htdocs\\sites\\mgu\\app\\Views\\test.php', 5, [])
 2 SYSTEMPATH\View\View.php(228): include('D:\\work\\XAMPP\\htdocs\\sites\\mgu\\app\\Views\\test.php')
 3 SYSTEMPATH\View\View.php(231): CodeIgniter\View\View->CodeIgniter\View\{closure}()
 4 SYSTEMPATH\Common.php(1190): CodeIgniter\View\View->render('test', [], true)
 5 APPPATH\Controllers\test.php(8): view('test', [])
 6 SYSTEMPATH\CodeIgniter.php(942): App\Controllers\Test->index()
 7 SYSTEMPATH\CodeIgniter.php(502): CodeIgniter\CodeIgniter->runController(Object(App\Controllers\Test))
 8 SYSTEMPATH\CodeIgniter.php(361): CodeIgniter\CodeIgniter->handleRequest(null, Object(Config\Cache), false)
 9 FCPATH\index.php(78): CodeIgniter\CodeIgniter->run()
CRITICAL - 2023-11-24 07:40:23 --> Call to undefined function App\Controllers\vardump()
in APPPATH\Controllers\test.php on line 15.
 1 SYSTEMPATH\CodeIgniter.php(942): App\Controllers\Test->test1('sname_12', '3')
 2 SYSTEMPATH\CodeIgniter.php(502): CodeIgniter\CodeIgniter->runController(Object(App\Controllers\Test))
 3 SYSTEMPATH\CodeIgniter.php(361): CodeIgniter\CodeIgniter->handleRequest(null, Object(Config\Cache), false)
 4 FCPATH\index.php(78): CodeIgniter\CodeIgniter->run()
CRITICAL - 2023-11-24 07:41:56 --> Undefined property: App\Controllers\Test::$input
in APPPATH\Controllers\test.php on line 15.
 1 APPPATH\Controllers\test.php(15): CodeIgniter\Debug\Exceptions->errorHandler(8, 'Undefined property: App\\Controllers\\Test::$input', 'D:\\work\\XAMPP\\htdocs\\sites\\mgu\\app\\Controllers\\test.php', 15, [...])
 2 SYSTEMPATH\CodeIgniter.php(942): App\Controllers\Test->test1('sname_12', '3')
 3 SYSTEMPATH\CodeIgniter.php(502): CodeIgniter\CodeIgniter->runController(Object(App\Controllers\Test))
 4 SYSTEMPATH\CodeIgniter.php(361): CodeIgniter\CodeIgniter->handleRequest(null, Object(Config\Cache), false)
 5 FCPATH\index.php(78): CodeIgniter\CodeIgniter->run()
CRITICAL - 2023-11-24 07:44:53 --> syntax error, unexpected '->' (T_OBJECT_OPERATOR), expecting ';' or ','
in APPPATH\Controllers\test.php on line 15.
 1 SYSTEMPATH\Autoloader\Autoloader.php(291): CodeIgniter\Autoloader\Autoloader->includeFile('D:\\work\\XAMPP\\htdocs\\sites\\mgu\\app\\Controllers\\Test.php')
 2 SYSTEMPATH\Autoloader\Autoloader.php(269): CodeIgniter\Autoloader\Autoloader->loadInNamespace('App\\Controllers\\Test')
 3 [internal function]: CodeIgniter\Autoloader\Autoloader->loadClass('App\\Controllers\\Test')
 4 [internal function]: spl_autoload_call('App\\Controllers\\Test')
 5 SYSTEMPATH\CodeIgniter.php(900): class_exists('\\App\\Controllers\\Test', true)
 6 SYSTEMPATH\CodeIgniter.php(489): CodeIgniter\CodeIgniter->startController()
 7 SYSTEMPATH\CodeIgniter.php(361): CodeIgniter\CodeIgniter->handleRequest(null, Object(Config\Cache), false)
 8 FCPATH\index.php(78): CodeIgniter\CodeIgniter->run()
CRITICAL - 2023-11-24 07:47:51 --> syntax error, unexpected 'var' (T_VAR), expecting variable (T_VARIABLE)
in APPPATH\Controllers\test.php on line 5.
 1 SYSTEMPATH\Autoloader\Autoloader.php(291): CodeIgniter\Autoloader\Autoloader->includeFile('D:\\work\\XAMPP\\htdocs\\sites\\mgu\\app\\Controllers\\Test.php')
 2 SYSTEMPATH\Autoloader\Autoloader.php(269): CodeIgniter\Autoloader\Autoloader->loadInNamespace('App\\Controllers\\Test')
 3 [internal function]: CodeIgniter\Autoloader\Autoloader->loadClass('App\\Controllers\\Test')
 4 [internal function]: spl_autoload_call('App\\Controllers\\Test')
 5 SYSTEMPATH\CodeIgniter.php(900): class_exists('\\App\\Controllers\\Test', true)
 6 SYSTEMPATH\CodeIgniter.php(489): CodeIgniter\CodeIgniter->startController()
 7 SYSTEMPATH\CodeIgniter.php(361): CodeIgniter\CodeIgniter->handleRequest(null, Object(Config\Cache), false)
 8 FCPATH\index.php(78): CodeIgniter\CodeIgniter->run()
WARNING - 2023-11-24 08:34:14 --> [DEPRECATED] Methods with the same name as their class will not be constructors in a future version of PHP; Blog has a deprecated constructor in APPPATH\Controllers\blog.php on line 2.
 1 SYSTEMPATH\Autoloader\Autoloader.php(312): include_once()
 2 SYSTEMPATH\Autoloader\Autoloader.php(291): CodeIgniter\Autoloader\Autoloader->includeFile('D:\\work\\XAMPP\\htdocs\\sites\\mgu\\app\\Controllers\\blog.php')
 3 SYSTEMPATH\Autoloader\Autoloader.php(269): CodeIgniter\Autoloader\Autoloader->loadInNamespace('App\\Controllers\\blog')
 4 [internal function]: CodeIgniter\Autoloader\Autoloader->loadClass('App\\Controllers\\blog')
 5 [internal function]: spl_autoload_call('App\\Controllers\\blog')
 6 SYSTEMPATH\CodeIgniter.php(900): class_exists('\\App\\Controllers\\blog', true)
 7 SYSTEMPATH\CodeIgniter.php(489): CodeIgniter\CodeIgniter->startController()
 8 SYSTEMPATH\CodeIgniter.php(361): CodeIgniter\CodeIgniter->handleRequest(null, Object(Config\Cache), false)
 9 FCPATH\index.php(78): CodeIgniter\CodeIgniter->run()
CRITICAL - 2023-11-24 08:34:14 --> Class 'Controller' not found
in APPPATH\Controllers\blog.php on line 0.
 1 SYSTEMPATH\Autoloader\Autoloader.php(312): include_once()
 2 SYSTEMPATH\Autoloader\Autoloader.php(291): CodeIgniter\Autoloader\Autoloader->includeFile('D:\\work\\XAMPP\\htdocs\\sites\\mgu\\app\\Controllers\\blog.php')
 3 SYSTEMPATH\Autoloader\Autoloader.php(269): CodeIgniter\Autoloader\Autoloader->loadInNamespace('App\\Controllers\\blog')
 4 [internal function]: CodeIgniter\Autoloader\Autoloader->loadClass('App\\Controllers\\blog')
 5 [internal function]: spl_autoload_call('App\\Controllers\\blog')
 6 SYSTEMPATH\CodeIgniter.php(900): class_exists('\\App\\Controllers\\blog', true)
 7 SYSTEMPATH\CodeIgniter.php(489): CodeIgniter\CodeIgniter->startController()
 8 SYSTEMPATH\CodeIgniter.php(361): CodeIgniter\CodeIgniter->handleRequest(null, Object(Config\Cache), false)
 9 FCPATH\index.php(78): CodeIgniter\CodeIgniter->run()
WARNING - 2023-11-24 08:35:12 --> [DEPRECATED] Methods with the same name as their class will not be constructors in a future version of PHP; Blog has a deprecated constructor in APPPATH\Controllers\blog.php on line 2.
 1 SYSTEMPATH\Autoloader\Autoloader.php(312): include_once()
 2 SYSTEMPATH\Autoloader\Autoloader.php(291): CodeIgniter\Autoloader\Autoloader->includeFile('D:\\work\\XAMPP\\htdocs\\sites\\mgu\\app\\Controllers\\blog.php')
 3 SYSTEMPATH\Autoloader\Autoloader.php(269): CodeIgniter\Autoloader\Autoloader->loadInNamespace('App\\Controllers\\blog')
 4 [internal function]: CodeIgniter\Autoloader\Autoloader->loadClass('App\\Controllers\\blog')
 5 [internal function]: spl_autoload_call('App\\Controllers\\blog')
 6 SYSTEMPATH\CodeIgniter.php(900): class_exists('\\App\\Controllers\\blog', true)
 7 SYSTEMPATH\CodeIgniter.php(489): CodeIgniter\CodeIgniter->startController()
 8 SYSTEMPATH\CodeIgniter.php(361): CodeIgniter\CodeIgniter->handleRequest(null, Object(Config\Cache), false)
 9 FCPATH\index.php(78): CodeIgniter\CodeIgniter->run()
CRITICAL - 2023-11-24 08:35:12 --> Class 'Controller' not found
in APPPATH\Controllers\blog.php on line 0.
 1 SYSTEMPATH\Autoloader\Autoloader.php(312): include_once()
 2 SYSTEMPATH\Autoloader\Autoloader.php(291): CodeIgniter\Autoloader\Autoloader->includeFile('D:\\work\\XAMPP\\htdocs\\sites\\mgu\\app\\Controllers\\blog.php')
 3 SYSTEMPATH\Autoloader\Autoloader.php(269): CodeIgniter\Autoloader\Autoloader->loadInNamespace('App\\Controllers\\blog')
 4 [internal function]: CodeIgniter\Autoloader\Autoloader->loadClass('App\\Controllers\\blog')
 5 [internal function]: spl_autoload_call('App\\Controllers\\blog')
 6 SYSTEMPATH\CodeIgniter.php(900): class_exists('\\App\\Controllers\\blog', true)
 7 SYSTEMPATH\CodeIgniter.php(489): CodeIgniter\CodeIgniter->startController()
 8 SYSTEMPATH\CodeIgniter.php(361): CodeIgniter\CodeIgniter->handleRequest(null, Object(Config\Cache), false)
 9 FCPATH\index.php(78): CodeIgniter\CodeIgniter->run()
CRITICAL - 2023-11-24 08:36:32 --> Class 'App\Controllers\Controller' not found
in APPPATH\Controllers\blog.php on line 4.
 1 SYSTEMPATH\Autoloader\Autoloader.php(312): include_once()
 2 SYSTEMPATH\Autoloader\Autoloader.php(291): CodeIgniter\Autoloader\Autoloader->includeFile('D:\\work\\XAMPP\\htdocs\\sites\\mgu\\app\\Controllers\\blog.php')
 3 SYSTEMPATH\Autoloader\Autoloader.php(269): CodeIgniter\Autoloader\Autoloader->loadInNamespace('App\\Controllers\\blog')
 4 [internal function]: CodeIgniter\Autoloader\Autoloader->loadClass('App\\Controllers\\blog')
 5 [internal function]: spl_autoload_call('App\\Controllers\\blog')
 6 SYSTEMPATH\CodeIgniter.php(900): class_exists('\\App\\Controllers\\blog', true)
 7 SYSTEMPATH\CodeIgniter.php(489): CodeIgniter\CodeIgniter->startController()
 8 SYSTEMPATH\CodeIgniter.php(361): CodeIgniter\CodeIgniter->handleRequest(null, Object(Config\Cache), false)
 9 FCPATH\index.php(78): CodeIgniter\CodeIgniter->run()
CRITICAL - 2023-11-24 08:36:38 --> Undefined property: App\Controllers\Blog::$MBlog
in APPPATH\Controllers\blog.php on line 11.
 1 APPPATH\Controllers\blog.php(11): CodeIgniter\Debug\Exceptions->errorHandler(8, 'Undefined property: App\\Controllers\\Blog::$MBlog', 'D:\\work\\XAMPP\\htdocs\\sites\\mgu\\app\\Controllers\\blog.php', 11, [...])
 2 SYSTEMPATH\CodeIgniter.php(942): App\Controllers\Blog->index()
 3 SYSTEMPATH\CodeIgniter.php(502): CodeIgniter\CodeIgniter->runController(Object(App\Controllers\Blog))
 4 SYSTEMPATH\CodeIgniter.php(361): CodeIgniter\CodeIgniter->handleRequest(null, Object(Config\Cache), false)
 5 FCPATH\index.php(78): CodeIgniter\CodeIgniter->run()
CRITICAL - 2023-11-24 08:36:52 --> Undefined property: App\Controllers\Blog::$load
in APPPATH\Controllers\blog.php on line 12.
 1 APPPATH\Controllers\blog.php(12): CodeIgniter\Debug\Exceptions->errorHandler(8, 'Undefined property: App\\Controllers\\Blog::$load', 'D:\\work\\XAMPP\\htdocs\\sites\\mgu\\app\\Controllers\\blog.php', 12, [...])
 2 SYSTEMPATH\CodeIgniter.php(942): App\Controllers\Blog->index()
 3 SYSTEMPATH\CodeIgniter.php(502): CodeIgniter\CodeIgniter->runController(Object(App\Controllers\Blog))
 4 SYSTEMPATH\CodeIgniter.php(361): CodeIgniter\CodeIgniter->handleRequest(null, Object(Config\Cache), false)
 5 FCPATH\index.php(78): CodeIgniter\CodeIgniter->run()
CRITICAL - 2023-11-24 08:37:52 --> Call to undefined method App\Controllers\BaseController::Controller()
in APPPATH\Controllers\blog.php on line 6.
 1 APPPATH\Controllers\blog.php(10): App\Controllers\Blog->Blog()
 2 SYSTEMPATH\CodeIgniter.php(942): App\Controllers\Blog->index()
 3 SYSTEMPATH\CodeIgniter.php(502): CodeIgniter\CodeIgniter->runController(Object(App\Controllers\Blog))
 4 SYSTEMPATH\CodeIgniter.php(361): CodeIgniter\CodeIgniter->handleRequest(null, Object(Config\Cache), false)
 5 FCPATH\index.php(78): CodeIgniter\CodeIgniter->run()
CRITICAL - 2023-11-24 08:38:01 --> Call to undefined function App\Controllers\Blog()
in APPPATH\Controllers\blog.php on line 10.
 1 SYSTEMPATH\CodeIgniter.php(942): App\Controllers\Blog->index()
 2 SYSTEMPATH\CodeIgniter.php(502): CodeIgniter\CodeIgniter->runController(Object(App\Controllers\Blog))
 3 SYSTEMPATH\CodeIgniter.php(361): CodeIgniter\CodeIgniter->handleRequest(null, Object(Config\Cache), false)
 4 FCPATH\index.php(78): CodeIgniter\CodeIgniter->run()
CRITICAL - 2023-11-24 08:38:08 --> Call to undefined method App\Controllers\BaseController::Controller()
in APPPATH\Controllers\blog.php on line 6.
 1 APPPATH\Controllers\blog.php(10): App\Controllers\Blog->Blog()
 2 SYSTEMPATH\CodeIgniter.php(942): App\Controllers\Blog->index()
 3 SYSTEMPATH\CodeIgniter.php(502): CodeIgniter\CodeIgniter->runController(Object(App\Controllers\Blog))
 4 SYSTEMPATH\CodeIgniter.php(361): CodeIgniter\CodeIgniter->handleRequest(null, Object(Config\Cache), false)
 5 FCPATH\index.php(78): CodeIgniter\CodeIgniter->run()
CRITICAL - 2023-11-24 08:38:16 --> Call to undefined method App\Controllers\BaseController::BaseController()
in APPPATH\Controllers\blog.php on line 6.
 1 APPPATH\Controllers\blog.php(10): App\Controllers\Blog->Blog()
 2 SYSTEMPATH\CodeIgniter.php(942): App\Controllers\Blog->index()
 3 SYSTEMPATH\CodeIgniter.php(502): CodeIgniter\CodeIgniter->runController(Object(App\Controllers\Blog))
 4 SYSTEMPATH\CodeIgniter.php(361): CodeIgniter\CodeIgniter->handleRequest(null, Object(Config\Cache), false)
 5 FCPATH\index.php(78): CodeIgniter\CodeIgniter->run()
CRITICAL - 2023-11-24 08:38:28 --> Undefined property: App\Controllers\Blog::$load
in APPPATH\Controllers\blog.php on line 6.
 1 APPPATH\Controllers\blog.php(6): CodeIgniter\Debug\Exceptions->errorHandler(8, 'Undefined property: App\\Controllers\\Blog::$load', 'D:\\work\\XAMPP\\htdocs\\sites\\mgu\\app\\Controllers\\blog.php', 6, [])
 2 APPPATH\Controllers\blog.php(9): App\Controllers\Blog->Blog()
 3 SYSTEMPATH\CodeIgniter.php(942): App\Controllers\Blog->index()
 4 SYSTEMPATH\CodeIgniter.php(502): CodeIgniter\CodeIgniter->runController(Object(App\Controllers\Blog))
 5 SYSTEMPATH\CodeIgniter.php(361): CodeIgniter\CodeIgniter->handleRequest(null, Object(Config\Cache), false)
 6 FCPATH\index.php(78): CodeIgniter\CodeIgniter->run()
CRITICAL - 2023-11-24 08:47:32 --> Call to a member function getNews() on null
in APPPATH\Controllers\News.php on line 13.
 1 SYSTEMPATH\CodeIgniter.php(942): App\Controllers\News->index()
 2 SYSTEMPATH\CodeIgniter.php(502): CodeIgniter\CodeIgniter->runController(Object(App\Controllers\News))
 3 SYSTEMPATH\CodeIgniter.php(361): CodeIgniter\CodeIgniter->handleRequest(null, Object(Config\Cache), false)
 4 FCPATH\index.php(78): CodeIgniter\CodeIgniter->run()
ERROR - 2023-11-24 08:47:53 --> Error connecting to the database: mysqli_sql_exception: Access denied for user 'root'@'localhost' (using password: YES) in D:\work\XAMPP\htdocs\sites\mgu\system\Database\MySQLi\Connection.php:185
Stack trace:
#0 D:\work\XAMPP\htdocs\sites\mgu\system\Database\MySQLi\Connection.php(185): mysqli->real_connect('localhost', 'root', 'root', 'mgu', 3306, '', 0)
#1 D:\work\XAMPP\htdocs\sites\mgu\system\Database\BaseConnection.php(392): CodeIgniter\Database\MySQLi\Connection->connect(false)
#2 D:\work\XAMPP\htdocs\sites\mgu\system\Database\BaseConnection.php(575): CodeIgniter\Database\BaseConnection->initialize()
#3 D:\work\XAMPP\htdocs\sites\mgu\system\Database\BaseBuilder.php(1615): CodeIgniter\Database\BaseConnection->query('SELECT *\nFROM `...', Array, false)
#4 D:\work\XAMPP\htdocs\sites\mgu\system\Model.php(237): CodeIgniter\Database\BaseBuilder->get()
#5 D:\work\XAMPP\htdocs\sites\mgu\system\BaseModel.php(624): CodeIgniter\Model->doFindAll(0, 0)
#6 D:\work\XAMPP\htdocs\sites\mgu\app\Models\NewsModel.php(11): CodeIgniter\BaseModel->findAll()
#7 D:\work\XAMPP\htdocs\sites\mgu\app\Controllers\News.php(13): App\Models\NewsModel->getNews()
#8 D:\work\XAMPP\htdocs\sites\mgu\system\CodeIgniter.php(942): App\Controllers\News->index()
#9 D:\work\XAMPP\htdocs\sites\mgu\system\CodeIgniter.php(502): CodeIgniter\CodeIgniter->runController(Object(App\Controllers\News))
#10 D:\work\XAMPP\htdocs\sites\mgu\system\CodeIgniter.php(361): CodeIgniter\CodeIgniter->handleRequest(NULL, Object(Config\Cache), false)
#11 D:\work\XAMPP\htdocs\sites\mgu\public\index.php(78): CodeIgniter\CodeIgniter->run()
#12 {main}

Next CodeIgniter\Database\Exceptions\DatabaseException: Access denied for user '****'@'localhost' (using password: YES) in D:\work\XAMPP\htdocs\sites\mgu\system\Database\MySQLi\Connection.php:229
Stack trace:
#0 D:\work\XAMPP\htdocs\sites\mgu\system\Database\BaseConnection.php(392): CodeIgniter\Database\MySQLi\Connection->connect(false)
#1 D:\work\XAMPP\htdocs\sites\mgu\system\Database\BaseConnection.php(575): CodeIgniter\Database\BaseConnection->initialize()
#2 D:\work\XAMPP\htdocs\sites\mgu\system\Database\BaseBuilder.php(1615): CodeIgniter\Database\BaseConnection->query('SELECT *\nFROM `...', Array, false)
#3 D:\work\XAMPP\htdocs\sites\mgu\system\Model.php(237): CodeIgniter\Database\BaseBuilder->get()
#4 D:\work\XAMPP\htdocs\sites\mgu\system\BaseModel.php(624): CodeIgniter\Model->doFindAll(0, 0)
#5 D:\work\XAMPP\htdocs\sites\mgu\app\Models\NewsModel.php(11): CodeIgniter\BaseModel->findAll()
#6 D:\work\XAMPP\htdocs\sites\mgu\app\Controllers\News.php(13): App\Models\NewsModel->getNews()
#7 D:\work\XAMPP\htdocs\sites\mgu\system\CodeIgniter.php(942): App\Controllers\News->index()
#8 D:\work\XAMPP\htdocs\sites\mgu\system\CodeIgniter.php(502): CodeIgniter\CodeIgniter->runController(Object(App\Controllers\News))
#9 D:\work\XAMPP\htdocs\sites\mgu\system\CodeIgniter.php(361): CodeIgniter\CodeIgniter->handleRequest(NULL, Object(Config\Cache), false)
#10 D:\work\XAMPP\htdocs\sites\mgu\public\index.php(78): CodeIgniter\CodeIgniter->run()
#11 {main}
CRITICAL - 2023-11-24 08:47:53 --> Unable to connect to the database.
Main connection [MySQLi]: Access denied for user '****'@'localhost' (using password: YES)
in SYSTEMPATH\Database\BaseConnection.php on line 428.
 1 SYSTEMPATH\Database\BaseConnection.php(575): CodeIgniter\Database\BaseConnection->initialize()
 2 SYSTEMPATH\Database\BaseBuilder.php(1615): CodeIgniter\Database\BaseConnection->query('SELECT *
FROM `news`', [], false)
 3 SYSTEMPATH\Model.php(237): CodeIgniter\Database\BaseBuilder->get()
 4 SYSTEMPATH\BaseModel.php(624): CodeIgniter\Model->doFindAll(0, 0)
 5 APPPATH\Models\NewsModel.php(11): CodeIgniter\BaseModel->findAll()
 6 APPPATH\Controllers\News.php(13): App\Models\NewsModel->getNews()
 7 SYSTEMPATH\CodeIgniter.php(942): App\Controllers\News->index()
 8 SYSTEMPATH\CodeIgniter.php(502): CodeIgniter\CodeIgniter->runController(Object(App\Controllers\News))
 9 SYSTEMPATH\CodeIgniter.php(361): CodeIgniter\CodeIgniter->handleRequest(null, Object(Config\Cache), false)
10 FCPATH\index.php(78): CodeIgniter\CodeIgniter->run()
ERROR - 2023-11-24 08:49:02 --> Error connecting to the database: mysqli_sql_exception: Access denied for user 'root'@'localhost' (using password: YES) in D:\work\XAMPP\htdocs\sites\mgu\system\Database\MySQLi\Connection.php:185
Stack trace:
#0 D:\work\XAMPP\htdocs\sites\mgu\system\Database\MySQLi\Connection.php(185): mysqli->real_connect('localhost', 'root', 'root', 'mgu', 3306, '', 0)
#1 D:\work\XAMPP\htdocs\sites\mgu\system\Database\BaseConnection.php(392): CodeIgniter\Database\MySQLi\Connection->connect(false)
#2 D:\work\XAMPP\htdocs\sites\mgu\system\Database\BaseConnection.php(575): CodeIgniter\Database\BaseConnection->initialize()
#3 D:\work\XAMPP\htdocs\sites\mgu\system\Database\BaseBuilder.php(1615): CodeIgniter\Database\BaseConnection->query('SELECT *\nFROM `...', Array, false)
#4 D:\work\XAMPP\htdocs\sites\mgu\system\Model.php(237): CodeIgniter\Database\BaseBuilder->get()
#5 D:\work\XAMPP\htdocs\sites\mgu\system\BaseModel.php(624): CodeIgniter\Model->doFindAll(0, 0)
#6 D:\work\XAMPP\htdocs\sites\mgu\app\Models\NewsModel.php(11): CodeIgniter\BaseModel->findAll()
#7 D:\work\XAMPP\htdocs\sites\mgu\app\Controllers\News.php(13): App\Models\NewsModel->getNews()
#8 D:\work\XAMPP\htdocs\sites\mgu\system\CodeIgniter.php(942): App\Controllers\News->index()
#9 D:\work\XAMPP\htdocs\sites\mgu\system\CodeIgniter.php(502): CodeIgniter\CodeIgniter->runController(Object(App\Controllers\News))
#10 D:\work\XAMPP\htdocs\sites\mgu\system\CodeIgniter.php(361): CodeIgniter\CodeIgniter->handleRequest(NULL, Object(Config\Cache), false)
#11 D:\work\XAMPP\htdocs\sites\mgu\public\index.php(78): CodeIgniter\CodeIgniter->run()
#12 {main}

Next CodeIgniter\Database\Exceptions\DatabaseException: Access denied for user '****'@'localhost' (using password: YES) in D:\work\XAMPP\htdocs\sites\mgu\system\Database\MySQLi\Connection.php:229
Stack trace:
#0 D:\work\XAMPP\htdocs\sites\mgu\system\Database\BaseConnection.php(392): CodeIgniter\Database\MySQLi\Connection->connect(false)
#1 D:\work\XAMPP\htdocs\sites\mgu\system\Database\BaseConnection.php(575): CodeIgniter\Database\BaseConnection->initialize()
#2 D:\work\XAMPP\htdocs\sites\mgu\system\Database\BaseBuilder.php(1615): CodeIgniter\Database\BaseConnection->query('SELECT *\nFROM `...', Array, false)
#3 D:\work\XAMPP\htdocs\sites\mgu\system\Model.php(237): CodeIgniter\Database\BaseBuilder->get()
#4 D:\work\XAMPP\htdocs\sites\mgu\system\BaseModel.php(624): CodeIgniter\Model->doFindAll(0, 0)
#5 D:\work\XAMPP\htdocs\sites\mgu\app\Models\NewsModel.php(11): CodeIgniter\BaseModel->findAll()
#6 D:\work\XAMPP\htdocs\sites\mgu\app\Controllers\News.php(13): App\Models\NewsModel->getNews()
#7 D:\work\XAMPP\htdocs\sites\mgu\system\CodeIgniter.php(942): App\Controllers\News->index()
#8 D:\work\XAMPP\htdocs\sites\mgu\system\CodeIgniter.php(502): CodeIgniter\CodeIgniter->runController(Object(App\Controllers\News))
#9 D:\work\XAMPP\htdocs\sites\mgu\system\CodeIgniter.php(361): CodeIgniter\CodeIgniter->handleRequest(NULL, Object(Config\Cache), false)
#10 D:\work\XAMPP\htdocs\sites\mgu\public\index.php(78): CodeIgniter\CodeIgniter->run()
#11 {main}
CRITICAL - 2023-11-24 08:49:02 --> Unable to connect to the database.
Main connection [MySQLi]: Access denied for user '****'@'localhost' (using password: YES)
in SYSTEMPATH\Database\BaseConnection.php on line 428.
 1 SYSTEMPATH\Database\BaseConnection.php(575): CodeIgniter\Database\BaseConnection->initialize()
 2 SYSTEMPATH\Database\BaseBuilder.php(1615): CodeIgniter\Database\BaseConnection->query('SELECT *
FROM `news`', [], false)
 3 SYSTEMPATH\Model.php(237): CodeIgniter\Database\BaseBuilder->get()
 4 SYSTEMPATH\BaseModel.php(624): CodeIgniter\Model->doFindAll(0, 0)
 5 APPPATH\Models\NewsModel.php(11): CodeIgniter\BaseModel->findAll()
 6 APPPATH\Controllers\News.php(13): App\Models\NewsModel->getNews()
 7 SYSTEMPATH\CodeIgniter.php(942): App\Controllers\News->index()
 8 SYSTEMPATH\CodeIgniter.php(502): CodeIgniter\CodeIgniter->runController(Object(App\Controllers\News))
 9 SYSTEMPATH\CodeIgniter.php(361): CodeIgniter\CodeIgniter->handleRequest(null, Object(Config\Cache), false)
10 FCPATH\index.php(78): CodeIgniter\CodeIgniter->run()
ERROR - 2023-11-24 08:49:44 --> Error connecting to the database: mysqli_sql_exception: Access denied for user 'root'@'localhost' (using password: YES) in D:\work\XAMPP\htdocs\sites\mgu\system\Database\MySQLi\Connection.php:185
Stack trace:
#0 D:\work\XAMPP\htdocs\sites\mgu\system\Database\MySQLi\Connection.php(185): mysqli->real_connect('localhost', 'root', 'root', 'mgu', 3306, '', 0)
#1 D:\work\XAMPP\htdocs\sites\mgu\system\Database\BaseConnection.php(392): CodeIgniter\Database\MySQLi\Connection->connect(false)
#2 D:\work\XAMPP\htdocs\sites\mgu\system\Database\BaseConnection.php(575): CodeIgniter\Database\BaseConnection->initialize()
#3 D:\work\XAMPP\htdocs\sites\mgu\system\Database\BaseBuilder.php(1615): CodeIgniter\Database\BaseConnection->query('SELECT *\nFROM `...', Array, false)
#4 D:\work\XAMPP\htdocs\sites\mgu\system\Model.php(237): CodeIgniter\Database\BaseBuilder->get()
#5 D:\work\XAMPP\htdocs\sites\mgu\system\BaseModel.php(624): CodeIgniter\Model->doFindAll(0, 0)
#6 D:\work\XAMPP\htdocs\sites\mgu\app\Models\NewsModel.php(11): CodeIgniter\BaseModel->findAll()
#7 D:\work\XAMPP\htdocs\sites\mgu\app\Controllers\News.php(13): App\Models\NewsModel->getNews()
#8 D:\work\XAMPP\htdocs\sites\mgu\system\CodeIgniter.php(942): App\Controllers\News->index()
#9 D:\work\XAMPP\htdocs\sites\mgu\system\CodeIgniter.php(502): CodeIgniter\CodeIgniter->runController(Object(App\Controllers\News))
#10 D:\work\XAMPP\htdocs\sites\mgu\system\CodeIgniter.php(361): CodeIgniter\CodeIgniter->handleRequest(NULL, Object(Config\Cache), false)
#11 D:\work\XAMPP\htdocs\sites\mgu\public\index.php(78): CodeIgniter\CodeIgniter->run()
#12 {main}

Next CodeIgniter\Database\Exceptions\DatabaseException: Access denied for user '****'@'localhost' (using password: YES) in D:\work\XAMPP\htdocs\sites\mgu\system\Database\MySQLi\Connection.php:229
Stack trace:
#0 D:\work\XAMPP\htdocs\sites\mgu\system\Database\BaseConnection.php(392): CodeIgniter\Database\MySQLi\Connection->connect(false)
#1 D:\work\XAMPP\htdocs\sites\mgu\system\Database\BaseConnection.php(575): CodeIgniter\Database\BaseConnection->initialize()
#2 D:\work\XAMPP\htdocs\sites\mgu\system\Database\BaseBuilder.php(1615): CodeIgniter\Database\BaseConnection->query('SELECT *\nFROM `...', Array, false)
#3 D:\work\XAMPP\htdocs\sites\mgu\system\Model.php(237): CodeIgniter\Database\BaseBuilder->get()
#4 D:\work\XAMPP\htdocs\sites\mgu\system\BaseModel.php(624): CodeIgniter\Model->doFindAll(0, 0)
#5 D:\work\XAMPP\htdocs\sites\mgu\app\Models\NewsModel.php(11): CodeIgniter\BaseModel->findAll()
#6 D:\work\XAMPP\htdocs\sites\mgu\app\Controllers\News.php(13): App\Models\NewsModel->getNews()
#7 D:\work\XAMPP\htdocs\sites\mgu\system\CodeIgniter.php(942): App\Controllers\News->index()
#8 D:\work\XAMPP\htdocs\sites\mgu\system\CodeIgniter.php(502): CodeIgniter\CodeIgniter->runController(Object(App\Controllers\News))
#9 D:\work\XAMPP\htdocs\sites\mgu\system\CodeIgniter.php(361): CodeIgniter\CodeIgniter->handleRequest(NULL, Object(Config\Cache), false)
#10 D:\work\XAMPP\htdocs\sites\mgu\public\index.php(78): CodeIgniter\CodeIgniter->run()
#11 {main}
CRITICAL - 2023-11-24 08:49:44 --> Unable to connect to the database.
Main connection [MySQLi]: Access denied for user '****'@'localhost' (using password: YES)
in SYSTEMPATH\Database\BaseConnection.php on line 428.
 1 SYSTEMPATH\Database\BaseConnection.php(575): CodeIgniter\Database\BaseConnection->initialize()
 2 SYSTEMPATH\Database\BaseBuilder.php(1615): CodeIgniter\Database\BaseConnection->query('SELECT *
FROM `news`', [], false)
 3 SYSTEMPATH\Model.php(237): CodeIgniter\Database\BaseBuilder->get()
 4 SYSTEMPATH\BaseModel.php(624): CodeIgniter\Model->doFindAll(0, 0)
 5 APPPATH\Models\NewsModel.php(11): CodeIgniter\BaseModel->findAll()
 6 APPPATH\Controllers\News.php(13): App\Models\NewsModel->getNews()
 7 SYSTEMPATH\CodeIgniter.php(942): App\Controllers\News->index()
 8 SYSTEMPATH\CodeIgniter.php(502): CodeIgniter\CodeIgniter->runController(Object(App\Controllers\News))
 9 SYSTEMPATH\CodeIgniter.php(361): CodeIgniter\CodeIgniter->handleRequest(null, Object(Config\Cache), false)
10 FCPATH\index.php(78): CodeIgniter\CodeIgniter->run()
ERROR - 2023-11-24 08:49:45 --> Error connecting to the database: mysqli_sql_exception: Access denied for user 'root'@'localhost' (using password: YES) in D:\work\XAMPP\htdocs\sites\mgu\system\Database\MySQLi\Connection.php:185
Stack trace:
#0 D:\work\XAMPP\htdocs\sites\mgu\system\Database\MySQLi\Connection.php(185): mysqli->real_connect('localhost', 'root', 'root', 'mgu', 3306, '', 0)
#1 D:\work\XAMPP\htdocs\sites\mgu\system\Database\BaseConnection.php(392): CodeIgniter\Database\MySQLi\Connection->connect(false)
#2 D:\work\XAMPP\htdocs\sites\mgu\system\Database\BaseConnection.php(575): CodeIgniter\Database\BaseConnection->initialize()
#3 D:\work\XAMPP\htdocs\sites\mgu\system\Database\BaseBuilder.php(1615): CodeIgniter\Database\BaseConnection->query('SELECT *\nFROM `...', Array, false)
#4 D:\work\XAMPP\htdocs\sites\mgu\system\Model.php(237): CodeIgniter\Database\BaseBuilder->get()
#5 D:\work\XAMPP\htdocs\sites\mgu\system\BaseModel.php(624): CodeIgniter\Model->doFindAll(0, 0)
#6 D:\work\XAMPP\htdocs\sites\mgu\app\Models\NewsModel.php(11): CodeIgniter\BaseModel->findAll()
#7 D:\work\XAMPP\htdocs\sites\mgu\app\Controllers\News.php(13): App\Models\NewsModel->getNews()
#8 D:\work\XAMPP\htdocs\sites\mgu\system\CodeIgniter.php(942): App\Controllers\News->index()
#9 D:\work\XAMPP\htdocs\sites\mgu\system\CodeIgniter.php(502): CodeIgniter\CodeIgniter->runController(Object(App\Controllers\News))
#10 D:\work\XAMPP\htdocs\sites\mgu\system\CodeIgniter.php(361): CodeIgniter\CodeIgniter->handleRequest(NULL, Object(Config\Cache), false)
#11 D:\work\XAMPP\htdocs\sites\mgu\public\index.php(78): CodeIgniter\CodeIgniter->run()
#12 {main}

Next CodeIgniter\Database\Exceptions\DatabaseException: Access denied for user '****'@'localhost' (using password: YES) in D:\work\XAMPP\htdocs\sites\mgu\system\Database\MySQLi\Connection.php:229
Stack trace:
#0 D:\work\XAMPP\htdocs\sites\mgu\system\Database\BaseConnection.php(392): CodeIgniter\Database\MySQLi\Connection->connect(false)
#1 D:\work\XAMPP\htdocs\sites\mgu\system\Database\BaseConnection.php(575): CodeIgniter\Database\BaseConnection->initialize()
#2 D:\work\XAMPP\htdocs\sites\mgu\system\Database\BaseBuilder.php(1615): CodeIgniter\Database\BaseConnection->query('SELECT *\nFROM `...', Array, false)
#3 D:\work\XAMPP\htdocs\sites\mgu\system\Model.php(237): CodeIgniter\Database\BaseBuilder->get()
#4 D:\work\XAMPP\htdocs\sites\mgu\system\BaseModel.php(624): CodeIgniter\Model->doFindAll(0, 0)
#5 D:\work\XAMPP\htdocs\sites\mgu\app\Models\NewsModel.php(11): CodeIgniter\BaseModel->findAll()
#6 D:\work\XAMPP\htdocs\sites\mgu\app\Controllers\News.php(13): App\Models\NewsModel->getNews()
#7 D:\work\XAMPP\htdocs\sites\mgu\system\CodeIgniter.php(942): App\Controllers\News->index()
#8 D:\work\XAMPP\htdocs\sites\mgu\system\CodeIgniter.php(502): CodeIgniter\CodeIgniter->runController(Object(App\Controllers\News))
#9 D:\work\XAMPP\htdocs\sites\mgu\system\CodeIgniter.php(361): CodeIgniter\CodeIgniter->handleRequest(NULL, Object(Config\Cache), false)
#10 D:\work\XAMPP\htdocs\sites\mgu\public\index.php(78): CodeIgniter\CodeIgniter->run()
#11 {main}
CRITICAL - 2023-11-24 08:49:45 --> Unable to connect to the database.
Main connection [MySQLi]: Access denied for user '****'@'localhost' (using password: YES)
in SYSTEMPATH\Database\BaseConnection.php on line 428.
 1 SYSTEMPATH\Database\BaseConnection.php(575): CodeIgniter\Database\BaseConnection->initialize()
 2 SYSTEMPATH\Database\BaseBuilder.php(1615): CodeIgniter\Database\BaseConnection->query('SELECT *
FROM `news`', [], false)
 3 SYSTEMPATH\Model.php(237): CodeIgniter\Database\BaseBuilder->get()
 4 SYSTEMPATH\BaseModel.php(624): CodeIgniter\Model->doFindAll(0, 0)
 5 APPPATH\Models\NewsModel.php(11): CodeIgniter\BaseModel->findAll()
 6 APPPATH\Controllers\News.php(13): App\Models\NewsModel->getNews()
 7 SYSTEMPATH\CodeIgniter.php(942): App\Controllers\News->index()
 8 SYSTEMPATH\CodeIgniter.php(502): CodeIgniter\CodeIgniter->runController(Object(App\Controllers\News))
 9 SYSTEMPATH\CodeIgniter.php(361): CodeIgniter\CodeIgniter->handleRequest(null, Object(Config\Cache), false)
10 FCPATH\index.php(78): CodeIgniter\CodeIgniter->run()
ERROR - 2023-11-24 08:49:45 --> Error connecting to the database: mysqli_sql_exception: Access denied for user 'root'@'localhost' (using password: YES) in D:\work\XAMPP\htdocs\sites\mgu\system\Database\MySQLi\Connection.php:185
Stack trace:
#0 D:\work\XAMPP\htdocs\sites\mgu\system\Database\MySQLi\Connection.php(185): mysqli->real_connect('localhost', 'root', 'root', 'mgu', 3306, '', 0)
#1 D:\work\XAMPP\htdocs\sites\mgu\system\Database\BaseConnection.php(392): CodeIgniter\Database\MySQLi\Connection->connect(false)
#2 D:\work\XAMPP\htdocs\sites\mgu\system\Database\BaseConnection.php(575): CodeIgniter\Database\BaseConnection->initialize()
#3 D:\work\XAMPP\htdocs\sites\mgu\system\Database\BaseBuilder.php(1615): CodeIgniter\Database\BaseConnection->query('SELECT *\nFROM `...', Array, false)
#4 D:\work\XAMPP\htdocs\sites\mgu\system\Model.php(237): CodeIgniter\Database\BaseBuilder->get()
#5 D:\work\XAMPP\htdocs\sites\mgu\system\BaseModel.php(624): CodeIgniter\Model->doFindAll(0, 0)
#6 D:\work\XAMPP\htdocs\sites\mgu\app\Models\NewsModel.php(11): CodeIgniter\BaseModel->findAll()
#7 D:\work\XAMPP\htdocs\sites\mgu\app\Controllers\News.php(13): App\Models\NewsModel->getNews()
#8 D:\work\XAMPP\htdocs\sites\mgu\system\CodeIgniter.php(942): App\Controllers\News->index()
#9 D:\work\XAMPP\htdocs\sites\mgu\system\CodeIgniter.php(502): CodeIgniter\CodeIgniter->runController(Object(App\Controllers\News))
#10 D:\work\XAMPP\htdocs\sites\mgu\system\CodeIgniter.php(361): CodeIgniter\CodeIgniter->handleRequest(NULL, Object(Config\Cache), false)
#11 D:\work\XAMPP\htdocs\sites\mgu\public\index.php(78): CodeIgniter\CodeIgniter->run()
#12 {main}

Next CodeIgniter\Database\Exceptions\DatabaseException: Access denied for user '****'@'localhost' (using password: YES) in D:\work\XAMPP\htdocs\sites\mgu\system\Database\MySQLi\Connection.php:229
Stack trace:
#0 D:\work\XAMPP\htdocs\sites\mgu\system\Database\BaseConnection.php(392): CodeIgniter\Database\MySQLi\Connection->connect(false)
#1 D:\work\XAMPP\htdocs\sites\mgu\system\Database\BaseConnection.php(575): CodeIgniter\Database\BaseConnection->initialize()
#2 D:\work\XAMPP\htdocs\sites\mgu\system\Database\BaseBuilder.php(1615): CodeIgniter\Database\BaseConnection->query('SELECT *\nFROM `...', Array, false)
#3 D:\work\XAMPP\htdocs\sites\mgu\system\Model.php(237): CodeIgniter\Database\BaseBuilder->get()
#4 D:\work\XAMPP\htdocs\sites\mgu\system\BaseModel.php(624): CodeIgniter\Model->doFindAll(0, 0)
#5 D:\work\XAMPP\htdocs\sites\mgu\app\Models\NewsModel.php(11): CodeIgniter\BaseModel->findAll()
#6 D:\work\XAMPP\htdocs\sites\mgu\app\Controllers\News.php(13): App\Models\NewsModel->getNews()
#7 D:\work\XAMPP\htdocs\sites\mgu\system\CodeIgniter.php(942): App\Controllers\News->index()
#8 D:\work\XAMPP\htdocs\sites\mgu\system\CodeIgniter.php(502): CodeIgniter\CodeIgniter->runController(Object(App\Controllers\News))
#9 D:\work\XAMPP\htdocs\sites\mgu\system\CodeIgniter.php(361): CodeIgniter\CodeIgniter->handleRequest(NULL, Object(Config\Cache), false)
#10 D:\work\XAMPP\htdocs\sites\mgu\public\index.php(78): CodeIgniter\CodeIgniter->run()
#11 {main}
CRITICAL - 2023-11-24 08:49:45 --> Unable to connect to the database.
Main connection [MySQLi]: Access denied for user '****'@'localhost' (using password: YES)
in SYSTEMPATH\Database\BaseConnection.php on line 428.
 1 SYSTEMPATH\Database\BaseConnection.php(575): CodeIgniter\Database\BaseConnection->initialize()
 2 SYSTEMPATH\Database\BaseBuilder.php(1615): CodeIgniter\Database\BaseConnection->query('SELECT *
FROM `news`', [], false)
 3 SYSTEMPATH\Model.php(237): CodeIgniter\Database\BaseBuilder->get()
 4 SYSTEMPATH\BaseModel.php(624): CodeIgniter\Model->doFindAll(0, 0)
 5 APPPATH\Models\NewsModel.php(11): CodeIgniter\BaseModel->findAll()
 6 APPPATH\Controllers\News.php(13): App\Models\NewsModel->getNews()
 7 SYSTEMPATH\CodeIgniter.php(942): App\Controllers\News->index()
 8 SYSTEMPATH\CodeIgniter.php(502): CodeIgniter\CodeIgniter->runController(Object(App\Controllers\News))
 9 SYSTEMPATH\CodeIgniter.php(361): CodeIgniter\CodeIgniter->handleRequest(null, Object(Config\Cache), false)
10 FCPATH\index.php(78): CodeIgniter\CodeIgniter->run()
ERROR - 2023-11-24 08:49:45 --> Error connecting to the database: mysqli_sql_exception: Access denied for user 'root'@'localhost' (using password: YES) in D:\work\XAMPP\htdocs\sites\mgu\system\Database\MySQLi\Connection.php:185
Stack trace:
#0 D:\work\XAMPP\htdocs\sites\mgu\system\Database\MySQLi\Connection.php(185): mysqli->real_connect('localhost', 'root', 'root', 'mgu', 3306, '', 0)
#1 D:\work\XAMPP\htdocs\sites\mgu\system\Database\BaseConnection.php(392): CodeIgniter\Database\MySQLi\Connection->connect(false)
#2 D:\work\XAMPP\htdocs\sites\mgu\system\Database\BaseConnection.php(575): CodeIgniter\Database\BaseConnection->initialize()
#3 D:\work\XAMPP\htdocs\sites\mgu\system\Database\BaseBuilder.php(1615): CodeIgniter\Database\BaseConnection->query('SELECT *\nFROM `...', Array, false)
#4 D:\work\XAMPP\htdocs\sites\mgu\system\Model.php(237): CodeIgniter\Database\BaseBuilder->get()
#5 D:\work\XAMPP\htdocs\sites\mgu\system\BaseModel.php(624): CodeIgniter\Model->doFindAll(0, 0)
#6 D:\work\XAMPP\htdocs\sites\mgu\app\Models\NewsModel.php(11): CodeIgniter\BaseModel->findAll()
#7 D:\work\XAMPP\htdocs\sites\mgu\app\Controllers\News.php(13): App\Models\NewsModel->getNews()
#8 D:\work\XAMPP\htdocs\sites\mgu\system\CodeIgniter.php(942): App\Controllers\News->index()
#9 D:\work\XAMPP\htdocs\sites\mgu\system\CodeIgniter.php(502): CodeIgniter\CodeIgniter->runController(Object(App\Controllers\News))
#10 D:\work\XAMPP\htdocs\sites\mgu\system\CodeIgniter.php(361): CodeIgniter\CodeIgniter->handleRequest(NULL, Object(Config\Cache), false)
#11 D:\work\XAMPP\htdocs\sites\mgu\public\index.php(78): CodeIgniter\CodeIgniter->run()
#12 {main}

Next CodeIgniter\Database\Exceptions\DatabaseException: Access denied for user '****'@'localhost' (using password: YES) in D:\work\XAMPP\htdocs\sites\mgu\system\Database\MySQLi\Connection.php:229
Stack trace:
#0 D:\work\XAMPP\htdocs\sites\mgu\system\Database\BaseConnection.php(392): CodeIgniter\Database\MySQLi\Connection->connect(false)
#1 D:\work\XAMPP\htdocs\sites\mgu\system\Database\BaseConnection.php(575): CodeIgniter\Database\BaseConnection->initialize()
#2 D:\work\XAMPP\htdocs\sites\mgu\system\Database\BaseBuilder.php(1615): CodeIgniter\Database\BaseConnection->query('SELECT *\nFROM `...', Array, false)
#3 D:\work\XAMPP\htdocs\sites\mgu\system\Model.php(237): CodeIgniter\Database\BaseBuilder->get()
#4 D:\work\XAMPP\htdocs\sites\mgu\system\BaseModel.php(624): CodeIgniter\Model->doFindAll(0, 0)
#5 D:\work\XAMPP\htdocs\sites\mgu\app\Models\NewsModel.php(11): CodeIgniter\BaseModel->findAll()
#6 D:\work\XAMPP\htdocs\sites\mgu\app\Controllers\News.php(13): App\Models\NewsModel->getNews()
#7 D:\work\XAMPP\htdocs\sites\mgu\system\CodeIgniter.php(942): App\Controllers\News->index()
#8 D:\work\XAMPP\htdocs\sites\mgu\system\CodeIgniter.php(502): CodeIgniter\CodeIgniter->runController(Object(App\Controllers\News))
#9 D:\work\XAMPP\htdocs\sites\mgu\system\CodeIgniter.php(361): CodeIgniter\CodeIgniter->handleRequest(NULL, Object(Config\Cache), false)
#10 D:\work\XAMPP\htdocs\sites\mgu\public\index.php(78): CodeIgniter\CodeIgniter->run()
#11 {main}
CRITICAL - 2023-11-24 08:49:45 --> Unable to connect to the database.
Main connection [MySQLi]: Access denied for user '****'@'localhost' (using password: YES)
in SYSTEMPATH\Database\BaseConnection.php on line 428.
 1 SYSTEMPATH\Database\BaseConnection.php(575): CodeIgniter\Database\BaseConnection->initialize()
 2 SYSTEMPATH\Database\BaseBuilder.php(1615): CodeIgniter\Database\BaseConnection->query('SELECT *
FROM `news`', [], false)
 3 SYSTEMPATH\Model.php(237): CodeIgniter\Database\BaseBuilder->get()
 4 SYSTEMPATH\BaseModel.php(624): CodeIgniter\Model->doFindAll(0, 0)
 5 APPPATH\Models\NewsModel.php(11): CodeIgniter\BaseModel->findAll()
 6 APPPATH\Controllers\News.php(13): App\Models\NewsModel->getNews()
 7 SYSTEMPATH\CodeIgniter.php(942): App\Controllers\News->index()
 8 SYSTEMPATH\CodeIgniter.php(502): CodeIgniter\CodeIgniter->runController(Object(App\Controllers\News))
 9 SYSTEMPATH\CodeIgniter.php(361): CodeIgniter\CodeIgniter->handleRequest(null, Object(Config\Cache), false)
10 FCPATH\index.php(78): CodeIgniter\CodeIgniter->run()
CRITICAL - 2023-11-24 08:51:47 --> mysqli_connect(): (HY000/1045): Access denied for user 'root'@'localhost' (using password: YES)
in APPPATH\Controllers\News.php on line 17.
 1 [internal function]: CodeIgniter\Debug\Exceptions->errorHandler(2, 'mysqli_connect(): (HY000/1045): Access denied for user \'root\'@\'localhost\' (using password: YES)', 'D:\\work\\XAMPP\\htdocs\\sites\\mgu\\app\\Controllers\\News.php', 17, [])
 2 APPPATH\Controllers\News.php(17): mysqli_connect('localhost', 'root', 'root', 'mgu')
 3 SYSTEMPATH\CodeIgniter.php(942): App\Controllers\News->index()
 4 SYSTEMPATH\CodeIgniter.php(502): CodeIgniter\CodeIgniter->runController(Object(App\Controllers\News))
 5 SYSTEMPATH\CodeIgniter.php(361): CodeIgniter\CodeIgniter->handleRequest(null, Object(Config\Cache), false)
 6 FCPATH\index.php(78): CodeIgniter\CodeIgniter->run()
ERROR - 2023-11-24 08:52:29 --> Error connecting to the database: mysqli_sql_exception: Access denied for user 'root'@'localhost' (using password: YES) in D:\work\XAMPP\htdocs\sites\mgu\system\Database\MySQLi\Connection.php:185
Stack trace:
#0 D:\work\XAMPP\htdocs\sites\mgu\system\Database\MySQLi\Connection.php(185): mysqli->real_connect('localhost', 'root', 'root', 'mgu', 3306, '', 0)
#1 D:\work\XAMPP\htdocs\sites\mgu\system\Database\BaseConnection.php(392): CodeIgniter\Database\MySQLi\Connection->connect(false)
#2 D:\work\XAMPP\htdocs\sites\mgu\system\Database\BaseConnection.php(575): CodeIgniter\Database\BaseConnection->initialize()
#3 D:\work\XAMPP\htdocs\sites\mgu\system\Database\BaseBuilder.php(1615): CodeIgniter\Database\BaseConnection->query('SELECT *\nFROM `...', Array, false)
#4 D:\work\XAMPP\htdocs\sites\mgu\system\Model.php(237): CodeIgniter\Database\BaseBuilder->get()
#5 D:\work\XAMPP\htdocs\sites\mgu\system\BaseModel.php(624): CodeIgniter\Model->doFindAll(0, 0)
#6 D:\work\XAMPP\htdocs\sites\mgu\app\Models\NewsModel.php(11): CodeIgniter\BaseModel->findAll()
#7 D:\work\XAMPP\htdocs\sites\mgu\app\Controllers\News.php(13): App\Models\NewsModel->getNews()
#8 D:\work\XAMPP\htdocs\sites\mgu\system\CodeIgniter.php(942): App\Controllers\News->index()
#9 D:\work\XAMPP\htdocs\sites\mgu\system\CodeIgniter.php(502): CodeIgniter\CodeIgniter->runController(Object(App\Controllers\News))
#10 D:\work\XAMPP\htdocs\sites\mgu\system\CodeIgniter.php(361): CodeIgniter\CodeIgniter->handleRequest(NULL, Object(Config\Cache), false)
#11 D:\work\XAMPP\htdocs\sites\mgu\public\index.php(78): CodeIgniter\CodeIgniter->run()
#12 {main}

Next CodeIgniter\Database\Exceptions\DatabaseException: Access denied for user '****'@'localhost' (using password: YES) in D:\work\XAMPP\htdocs\sites\mgu\system\Database\MySQLi\Connection.php:229
Stack trace:
#0 D:\work\XAMPP\htdocs\sites\mgu\system\Database\BaseConnection.php(392): CodeIgniter\Database\MySQLi\Connection->connect(false)
#1 D:\work\XAMPP\htdocs\sites\mgu\system\Database\BaseConnection.php(575): CodeIgniter\Database\BaseConnection->initialize()
#2 D:\work\XAMPP\htdocs\sites\mgu\system\Database\BaseBuilder.php(1615): CodeIgniter\Database\BaseConnection->query('SELECT *\nFROM `...', Array, false)
#3 D:\work\XAMPP\htdocs\sites\mgu\system\Model.php(237): CodeIgniter\Database\BaseBuilder->get()
#4 D:\work\XAMPP\htdocs\sites\mgu\system\BaseModel.php(624): CodeIgniter\Model->doFindAll(0, 0)
#5 D:\work\XAMPP\htdocs\sites\mgu\app\Models\NewsModel.php(11): CodeIgniter\BaseModel->findAll()
#6 D:\work\XAMPP\htdocs\sites\mgu\app\Controllers\News.php(13): App\Models\NewsModel->getNews()
#7 D:\work\XAMPP\htdocs\sites\mgu\system\CodeIgniter.php(942): App\Controllers\News->index()
#8 D:\work\XAMPP\htdocs\sites\mgu\system\CodeIgniter.php(502): CodeIgniter\CodeIgniter->runController(Object(App\Controllers\News))
#9 D:\work\XAMPP\htdocs\sites\mgu\system\CodeIgniter.php(361): CodeIgniter\CodeIgniter->handleRequest(NULL, Object(Config\Cache), false)
#10 D:\work\XAMPP\htdocs\sites\mgu\public\index.php(78): CodeIgniter\CodeIgniter->run()
#11 {main}
CRITICAL - 2023-11-24 08:52:29 --> Unable to connect to the database.
Main connection [MySQLi]: Access denied for user '****'@'localhost' (using password: YES)
in SYSTEMPATH\Database\BaseConnection.php on line 428.
 1 SYSTEMPATH\Database\BaseConnection.php(575): CodeIgniter\Database\BaseConnection->initialize()
 2 SYSTEMPATH\Database\BaseBuilder.php(1615): CodeIgniter\Database\BaseConnection->query('SELECT *
FROM `news`', [], false)
 3 SYSTEMPATH\Model.php(237): CodeIgniter\Database\BaseBuilder->get()
 4 SYSTEMPATH\BaseModel.php(624): CodeIgniter\Model->doFindAll(0, 0)
 5 APPPATH\Models\NewsModel.php(11): CodeIgniter\BaseModel->findAll()
 6 APPPATH\Controllers\News.php(13): App\Models\NewsModel->getNews()
 7 SYSTEMPATH\CodeIgniter.php(942): App\Controllers\News->index()
 8 SYSTEMPATH\CodeIgniter.php(502): CodeIgniter\CodeIgniter->runController(Object(App\Controllers\News))
 9 SYSTEMPATH\CodeIgniter.php(361): CodeIgniter\CodeIgniter->handleRequest(null, Object(Config\Cache), false)
10 FCPATH\index.php(78): CodeIgniter\CodeIgniter->run()
ERROR - 2023-11-24 08:52:38 --> Error connecting to the database: mysqli_sql_exception: Access denied for user 'root'@'localhost' (using password: YES) in D:\work\XAMPP\htdocs\sites\mgu\system\Database\MySQLi\Connection.php:185
Stack trace:
#0 D:\work\XAMPP\htdocs\sites\mgu\system\Database\MySQLi\Connection.php(185): mysqli->real_connect('localhost', 'root', 'root', 'mgu', 3306, '', 0)
#1 D:\work\XAMPP\htdocs\sites\mgu\system\Database\BaseConnection.php(392): CodeIgniter\Database\MySQLi\Connection->connect(false)
#2 D:\work\XAMPP\htdocs\sites\mgu\system\Database\BaseConnection.php(575): CodeIgniter\Database\BaseConnection->initialize()
#3 D:\work\XAMPP\htdocs\sites\mgu\system\Database\BaseBuilder.php(1615): CodeIgniter\Database\BaseConnection->query('SELECT *\nFROM `...', Array, false)
#4 D:\work\XAMPP\htdocs\sites\mgu\system\Model.php(237): CodeIgniter\Database\BaseBuilder->get()
#5 D:\work\XAMPP\htdocs\sites\mgu\system\BaseModel.php(624): CodeIgniter\Model->doFindAll(0, 0)
#6 D:\work\XAMPP\htdocs\sites\mgu\app\Models\NewsModel.php(11): CodeIgniter\BaseModel->findAll()
#7 D:\work\XAMPP\htdocs\sites\mgu\app\Controllers\News.php(13): App\Models\NewsModel->getNews()
#8 D:\work\XAMPP\htdocs\sites\mgu\system\CodeIgniter.php(942): App\Controllers\News->index()
#9 D:\work\XAMPP\htdocs\sites\mgu\system\CodeIgniter.php(502): CodeIgniter\CodeIgniter->runController(Object(App\Controllers\News))
#10 D:\work\XAMPP\htdocs\sites\mgu\system\CodeIgniter.php(361): CodeIgniter\CodeIgniter->handleRequest(NULL, Object(Config\Cache), false)
#11 D:\work\XAMPP\htdocs\sites\mgu\public\index.php(78): CodeIgniter\CodeIgniter->run()
#12 {main}

Next CodeIgniter\Database\Exceptions\DatabaseException: Access denied for user '****'@'localhost' (using password: YES) in D:\work\XAMPP\htdocs\sites\mgu\system\Database\MySQLi\Connection.php:229
Stack trace:
#0 D:\work\XAMPP\htdocs\sites\mgu\system\Database\BaseConnection.php(392): CodeIgniter\Database\MySQLi\Connection->connect(false)
#1 D:\work\XAMPP\htdocs\sites\mgu\system\Database\BaseConnection.php(575): CodeIgniter\Database\BaseConnection->initialize()
#2 D:\work\XAMPP\htdocs\sites\mgu\system\Database\BaseBuilder.php(1615): CodeIgniter\Database\BaseConnection->query('SELECT *\nFROM `...', Array, false)
#3 D:\work\XAMPP\htdocs\sites\mgu\system\Model.php(237): CodeIgniter\Database\BaseBuilder->get()
#4 D:\work\XAMPP\htdocs\sites\mgu\system\BaseModel.php(624): CodeIgniter\Model->doFindAll(0, 0)
#5 D:\work\XAMPP\htdocs\sites\mgu\app\Models\NewsModel.php(11): CodeIgniter\BaseModel->findAll()
#6 D:\work\XAMPP\htdocs\sites\mgu\app\Controllers\News.php(13): App\Models\NewsModel->getNews()
#7 D:\work\XAMPP\htdocs\sites\mgu\system\CodeIgniter.php(942): App\Controllers\News->index()
#8 D:\work\XAMPP\htdocs\sites\mgu\system\CodeIgniter.php(502): CodeIgniter\CodeIgniter->runController(Object(App\Controllers\News))
#9 D:\work\XAMPP\htdocs\sites\mgu\system\CodeIgniter.php(361): CodeIgniter\CodeIgniter->handleRequest(NULL, Object(Config\Cache), false)
#10 D:\work\XAMPP\htdocs\sites\mgu\public\index.php(78): CodeIgniter\CodeIgniter->run()
#11 {main}
CRITICAL - 2023-11-24 08:52:38 --> Unable to connect to the database.
Main connection [MySQLi]: Access denied for user '****'@'localhost' (using password: YES)
in SYSTEMPATH\Database\BaseConnection.php on line 428.
 1 SYSTEMPATH\Database\BaseConnection.php(575): CodeIgniter\Database\BaseConnection->initialize()
 2 SYSTEMPATH\Database\BaseBuilder.php(1615): CodeIgniter\Database\BaseConnection->query('SELECT *
FROM `news`', [], false)
 3 SYSTEMPATH\Model.php(237): CodeIgniter\Database\BaseBuilder->get()
 4 SYSTEMPATH\BaseModel.php(624): CodeIgniter\Model->doFindAll(0, 0)
 5 APPPATH\Models\NewsModel.php(11): CodeIgniter\BaseModel->findAll()
 6 APPPATH\Controllers\News.php(13): App\Models\NewsModel->getNews()
 7 SYSTEMPATH\CodeIgniter.php(942): App\Controllers\News->index()
 8 SYSTEMPATH\CodeIgniter.php(502): CodeIgniter\CodeIgniter->runController(Object(App\Controllers\News))
 9 SYSTEMPATH\CodeIgniter.php(361): CodeIgniter\CodeIgniter->handleRequest(null, Object(Config\Cache), false)
10 FCPATH\index.php(78): CodeIgniter\CodeIgniter->run()
ERROR - 2023-11-24 08:53:30 --> Error connecting to the database: mysqli_sql_exception: Access denied for user 'root'@'localhost' (using password: YES) in D:\work\XAMPP\htdocs\sites\mgu\system\Database\MySQLi\Connection.php:185
Stack trace:
#0 D:\work\XAMPP\htdocs\sites\mgu\system\Database\MySQLi\Connection.php(185): mysqli->real_connect('localhost', 'root', 'root', 'mgu', 3306, '', 0)
#1 D:\work\XAMPP\htdocs\sites\mgu\system\Database\BaseConnection.php(392): CodeIgniter\Database\MySQLi\Connection->connect(false)
#2 D:\work\XAMPP\htdocs\sites\mgu\system\Database\BaseConnection.php(575): CodeIgniter\Database\BaseConnection->initialize()
#3 D:\work\XAMPP\htdocs\sites\mgu\system\Database\BaseBuilder.php(1615): CodeIgniter\Database\BaseConnection->query('SELECT *\nFROM `...', Array, false)
#4 D:\work\XAMPP\htdocs\sites\mgu\system\Model.php(237): CodeIgniter\Database\BaseBuilder->get()
#5 D:\work\XAMPP\htdocs\sites\mgu\system\BaseModel.php(624): CodeIgniter\Model->doFindAll(0, 0)
#6 D:\work\XAMPP\htdocs\sites\mgu\app\Models\NewsModel.php(11): CodeIgniter\BaseModel->findAll()
#7 D:\work\XAMPP\htdocs\sites\mgu\app\Controllers\News.php(13): App\Models\NewsModel->getNews()
#8 D:\work\XAMPP\htdocs\sites\mgu\system\CodeIgniter.php(942): App\Controllers\News->index()
#9 D:\work\XAMPP\htdocs\sites\mgu\system\CodeIgniter.php(502): CodeIgniter\CodeIgniter->runController(Object(App\Controllers\News))
#10 D:\work\XAMPP\htdocs\sites\mgu\system\CodeIgniter.php(361): CodeIgniter\CodeIgniter->handleRequest(NULL, Object(Config\Cache), false)
#11 D:\work\XAMPP\htdocs\sites\mgu\public\index.php(78): CodeIgniter\CodeIgniter->run()
#12 {main}

Next CodeIgniter\Database\Exceptions\DatabaseException: Access denied for user '****'@'localhost' (using password: YES) in D:\work\XAMPP\htdocs\sites\mgu\system\Database\MySQLi\Connection.php:229
Stack trace:
#0 D:\work\XAMPP\htdocs\sites\mgu\system\Database\BaseConnection.php(392): CodeIgniter\Database\MySQLi\Connection->connect(false)
#1 D:\work\XAMPP\htdocs\sites\mgu\system\Database\BaseConnection.php(575): CodeIgniter\Database\BaseConnection->initialize()
#2 D:\work\XAMPP\htdocs\sites\mgu\system\Database\BaseBuilder.php(1615): CodeIgniter\Database\BaseConnection->query('SELECT *\nFROM `...', Array, false)
#3 D:\work\XAMPP\htdocs\sites\mgu\system\Model.php(237): CodeIgniter\Database\BaseBuilder->get()
#4 D:\work\XAMPP\htdocs\sites\mgu\system\BaseModel.php(624): CodeIgniter\Model->doFindAll(0, 0)
#5 D:\work\XAMPP\htdocs\sites\mgu\app\Models\NewsModel.php(11): CodeIgniter\BaseModel->findAll()
#6 D:\work\XAMPP\htdocs\sites\mgu\app\Controllers\News.php(13): App\Models\NewsModel->getNews()
#7 D:\work\XAMPP\htdocs\sites\mgu\system\CodeIgniter.php(942): App\Controllers\News->index()
#8 D:\work\XAMPP\htdocs\sites\mgu\system\CodeIgniter.php(502): CodeIgniter\CodeIgniter->runController(Object(App\Controllers\News))
#9 D:\work\XAMPP\htdocs\sites\mgu\system\CodeIgniter.php(361): CodeIgniter\CodeIgniter->handleRequest(NULL, Object(Config\Cache), false)
#10 D:\work\XAMPP\htdocs\sites\mgu\public\index.php(78): CodeIgniter\CodeIgniter->run()
#11 {main}
CRITICAL - 2023-11-24 08:53:30 --> Unable to connect to the database.
Main connection [MySQLi]: Access denied for user '****'@'localhost' (using password: YES)
in SYSTEMPATH\Database\BaseConnection.php on line 428.
 1 SYSTEMPATH\Database\BaseConnection.php(575): CodeIgniter\Database\BaseConnection->initialize()
 2 SYSTEMPATH\Database\BaseBuilder.php(1615): CodeIgniter\Database\BaseConnection->query('SELECT *
FROM `news`', [], false)
 3 SYSTEMPATH\Model.php(237): CodeIgniter\Database\BaseBuilder->get()
 4 SYSTEMPATH\BaseModel.php(624): CodeIgniter\Model->doFindAll(0, 0)
 5 APPPATH\Models\NewsModel.php(11): CodeIgniter\BaseModel->findAll()
 6 APPPATH\Controllers\News.php(13): App\Models\NewsModel->getNews()
 7 SYSTEMPATH\CodeIgniter.php(942): App\Controllers\News->index()
 8 SYSTEMPATH\CodeIgniter.php(502): CodeIgniter\CodeIgniter->runController(Object(App\Controllers\News))
 9 SYSTEMPATH\CodeIgniter.php(361): CodeIgniter\CodeIgniter->handleRequest(null, Object(Config\Cache), false)
10 FCPATH\index.php(78): CodeIgniter\CodeIgniter->run()
CRITICAL - 2023-11-24 09:08:45 --> Undefined variable: data
in APPPATH\Controllers\News.php on line 14.
 1 APPPATH\Controllers\News.php(14): CodeIgniter\Debug\Exceptions->errorHandler(8, 'Undefined variable: data', 'D:\\work\\XAMPP\\htdocs\\sites\\mgu\\app\\Controllers\\News.php', 14, [])
 2 SYSTEMPATH\CodeIgniter.php(942): App\Controllers\News->index()
 3 SYSTEMPATH\CodeIgniter.php(502): CodeIgniter\CodeIgniter->runController(Object(App\Controllers\News))
 4 SYSTEMPATH\CodeIgniter.php(361): CodeIgniter\CodeIgniter->handleRequest(null, Object(Config\Cache), false)
 5 FCPATH\index.php(78): CodeIgniter\CodeIgniter->run()
ERROR - 2023-11-24 09:11:00 --> mysqli_sql_exception: Table 'mgu.yeras' doesn't exist in D:\work\XAMPP\htdocs\sites\mgu\system\Database\MySQLi\Connection.php:306
Stack trace:
#0 D:\work\XAMPP\htdocs\sites\mgu\system\Database\MySQLi\Connection.php(306): mysqli->query('SELECT * FROM y...', 0)
#1 D:\work\XAMPP\htdocs\sites\mgu\system\Database\BaseConnection.php(693): CodeIgniter\Database\MySQLi\Connection->execute('SELECT * FROM y...')
#2 D:\work\XAMPP\htdocs\sites\mgu\system\Database\BaseConnection.php(607): CodeIgniter\Database\BaseConnection->simpleQuery('SELECT * FROM y...')
#3 D:\work\XAMPP\htdocs\sites\mgu\app\Controllers\News.php(15): CodeIgniter\Database\BaseConnection->query('SELECT * FROM y...')
#4 D:\work\XAMPP\htdocs\sites\mgu\system\CodeIgniter.php(942): App\Controllers\News->index()
#5 D:\work\XAMPP\htdocs\sites\mgu\system\CodeIgniter.php(502): CodeIgniter\CodeIgniter->runController(Object(App\Controllers\News))
#6 D:\work\XAMPP\htdocs\sites\mgu\system\CodeIgniter.php(361): CodeIgniter\CodeIgniter->handleRequest(NULL, Object(Config\Cache), false)
#7 D:\work\XAMPP\htdocs\sites\mgu\public\index.php(78): CodeIgniter\CodeIgniter->run()
#8 {main}
CRITICAL - 2023-11-24 09:11:00 --> Table 'mgu.yeras' doesn't exist
in SYSTEMPATH\Database\BaseConnection.php on line 647.
 1 APPPATH\Controllers\News.php(15): CodeIgniter\Database\BaseConnection->query('SELECT * FROM yeras LIMIT 0, 1')
 2 SYSTEMPATH\CodeIgniter.php(942): App\Controllers\News->index()
 3 SYSTEMPATH\CodeIgniter.php(502): CodeIgniter\CodeIgniter->runController(Object(App\Controllers\News))
 4 SYSTEMPATH\CodeIgniter.php(361): CodeIgniter\CodeIgniter->handleRequest(null, Object(Config\Cache), false)
 5 FCPATH\index.php(78): CodeIgniter\CodeIgniter->run()
CRITICAL - 2023-11-24 09:18:33 --> Call to undefined method CodeIgniter\Database\MySQLi\Connection::result()
in APPPATH\Models\NewsModel.php on line 11.
 1 APPPATH\Controllers\News.php(13): App\Models\NewsModel->getNews()
 2 SYSTEMPATH\CodeIgniter.php(942): App\Controllers\News->index()
 3 SYSTEMPATH\CodeIgniter.php(502): CodeIgniter\CodeIgniter->runController(Object(App\Controllers\News))
 4 SYSTEMPATH\CodeIgniter.php(361): CodeIgniter\CodeIgniter->handleRequest(null, Object(Config\Cache), false)
 5 FCPATH\index.php(78): CodeIgniter\CodeIgniter->run()
CRITICAL - 2023-11-24 09:19:01 --> Call to undefined method CodeIgniter\Database\MySQLi\Connection::getResult()
in APPPATH\Models\NewsModel.php on line 11.
 1 APPPATH\Controllers\News.php(13): App\Models\NewsModel->getNews()
 2 SYSTEMPATH\CodeIgniter.php(942): App\Controllers\News->index()
 3 SYSTEMPATH\CodeIgniter.php(502): CodeIgniter\CodeIgniter->runController(Object(App\Controllers\News))
 4 SYSTEMPATH\CodeIgniter.php(361): CodeIgniter\CodeIgniter->handleRequest(null, Object(Config\Cache), false)
 5 FCPATH\index.php(78): CodeIgniter\CodeIgniter->run()
CRITICAL - 2023-11-24 09:19:20 --> Argument 1 passed to CodeIgniter\Database\BaseResult::getResult() must be of the type string, object given, called in D:\work\XAMPP\htdocs\sites\mgu\app\Models\NewsModel.php on line 11
in SYSTEMPATH\Database\BaseResult.php on line 104.
 1 APPPATH\Models\NewsModel.php(11): CodeIgniter\Database\BaseResult->getResult(Object(CodeIgniter\Database\MySQLi\Result))
 2 APPPATH\Controllers\News.php(13): App\Models\NewsModel->getNews()
 3 SYSTEMPATH\CodeIgniter.php(942): App\Controllers\News->index()
 4 SYSTEMPATH\CodeIgniter.php(502): CodeIgniter\CodeIgniter->runController(Object(App\Controllers\News))
 5 SYSTEMPATH\CodeIgniter.php(361): CodeIgniter\CodeIgniter->handleRequest(null, Object(Config\Cache), false)
 6 FCPATH\index.php(78): CodeIgniter\CodeIgniter->run()
CRITICAL - 2023-11-24 09:35:34 --> Call to undefined method App\Models\NewsModel::getResult
in SYSTEMPATH\Model.php on line 873.
 1 APPPATH\Models\NewsModel.php(11): CodeIgniter\Model->__call('getResult', [])
 2 APPPATH\Controllers\News.php(13): App\Models\NewsModel->getNews()
 3 SYSTEMPATH\CodeIgniter.php(942): App\Controllers\News->index()
 4 SYSTEMPATH\CodeIgniter.php(502): CodeIgniter\CodeIgniter->runController(Object(App\Controllers\News))
 5 SYSTEMPATH\CodeIgniter.php(361): CodeIgniter\CodeIgniter->handleRequest(null, Object(Config\Cache), false)
 6 FCPATH\index.php(78): CodeIgniter\CodeIgniter->run()
CRITICAL - 2023-11-24 09:37:31 --> Call to undefined method CodeIgniter\Database\MySQLi\Connection::where()
in APPPATH\Models\NewsModel.php on line 10.
 1 APPPATH\Controllers\News.php(13): App\Models\NewsModel->getNews()
 2 SYSTEMPATH\CodeIgniter.php(942): App\Controllers\News->index()
 3 SYSTEMPATH\CodeIgniter.php(502): CodeIgniter\CodeIgniter->runController(Object(App\Controllers\News))
 4 SYSTEMPATH\CodeIgniter.php(361): CodeIgniter\CodeIgniter->handleRequest(null, Object(Config\Cache), false)
 5 FCPATH\index.php(78): CodeIgniter\CodeIgniter->run()
CRITICAL - 2023-11-24 09:37:35 --> Call to undefined method CodeIgniter\Database\MySQLi\Connection::where()
in APPPATH\Models\NewsModel.php on line 10.
 1 APPPATH\Controllers\News.php(13): App\Models\NewsModel->getNews()
 2 SYSTEMPATH\CodeIgniter.php(942): App\Controllers\News->index()
 3 SYSTEMPATH\CodeIgniter.php(502): CodeIgniter\CodeIgniter->runController(Object(App\Controllers\News))
 4 SYSTEMPATH\CodeIgniter.php(361): CodeIgniter\CodeIgniter->handleRequest(null, Object(Config\Cache), false)
 5 FCPATH\index.php(78): CodeIgniter\CodeIgniter->run()
CRITICAL - 2023-11-24 10:37:35 --> Call to undefined function App\Controllers\set_value()
in APPPATH\Controllers\News.php on line 12.
 1 SYSTEMPATH\CodeIgniter.php(942): App\Controllers\News->index()
 2 SYSTEMPATH\CodeIgniter.php(502): CodeIgniter\CodeIgniter->runController(Object(App\Controllers\News))
 3 SYSTEMPATH\CodeIgniter.php(361): CodeIgniter\CodeIgniter->handleRequest(null, Object(Config\Cache), false)
 4 FCPATH\index.php(78): CodeIgniter\CodeIgniter->run()
CRITICAL - 2023-11-24 10:38:01 --> Call to undefined method App\Controllers\News::set_value()
in APPPATH\Controllers\News.php on line 12.
 1 SYSTEMPATH\CodeIgniter.php(942): App\Controllers\News->index()
 2 SYSTEMPATH\CodeIgniter.php(502): CodeIgniter\CodeIgniter->runController(Object(App\Controllers\News))
 3 SYSTEMPATH\CodeIgniter.php(361): CodeIgniter\CodeIgniter->handleRequest(null, Object(Config\Cache), false)
 4 FCPATH\index.php(78): CodeIgniter\CodeIgniter->run()
CRITICAL - 2023-11-24 11:05:15 --> Call to undefined method App\Controllers\News::assertCount()
in APPPATH\Controllers\News.php on line 17.
 1 SYSTEMPATH\CodeIgniter.php(942): App\Controllers\News->index()
 2 SYSTEMPATH\CodeIgniter.php(502): CodeIgniter\CodeIgniter->runController(Object(App\Controllers\News))
 3 SYSTEMPATH\CodeIgniter.php(361): CodeIgniter\CodeIgniter->handleRequest(null, Object(Config\Cache), false)
 4 FCPATH\index.php(78): CodeIgniter\CodeIgniter->run()
CRITICAL - 2023-11-24 11:08:00 --> Call to undefined method App\Models\NewsModel::order_by
in SYSTEMPATH\Model.php on line 873.
 1 APPPATH\Controllers\News.php(12): CodeIgniter\Model->__call('order_by', [...])
 2 SYSTEMPATH\CodeIgniter.php(942): App\Controllers\News->index()
 3 SYSTEMPATH\CodeIgniter.php(502): CodeIgniter\CodeIgniter->runController(Object(App\Controllers\News))
 4 SYSTEMPATH\CodeIgniter.php(361): CodeIgniter\CodeIgniter->handleRequest(null, Object(Config\Cache), false)
 5 FCPATH\index.php(78): CodeIgniter\CodeIgniter->run()
CRITICAL - 2023-11-24 11:08:10 --> Call to undefined method App\Models\NewsModel::order_by
in SYSTEMPATH\Model.php on line 873.
 1 APPPATH\Controllers\News.php(12): CodeIgniter\Model->__call('order_by', [...])
 2 SYSTEMPATH\CodeIgniter.php(942): App\Controllers\News->index()
 3 SYSTEMPATH\CodeIgniter.php(502): CodeIgniter\CodeIgniter->runController(Object(App\Controllers\News))
 4 SYSTEMPATH\CodeIgniter.php(361): CodeIgniter\CodeIgniter->handleRequest(null, Object(Config\Cache), false)
 5 FCPATH\index.php(78): CodeIgniter\CodeIgniter->run()
CRITICAL - 2023-11-24 11:08:46 --> Call to undefined method App\Models\NewsModel::order_by
in SYSTEMPATH\Model.php on line 873.
 1 APPPATH\Controllers\News.php(12): CodeIgniter\Model->__call('order_by', [...])
 2 SYSTEMPATH\CodeIgniter.php(942): App\Controllers\News->index()
 3 SYSTEMPATH\CodeIgniter.php(502): CodeIgniter\CodeIgniter->runController(Object(App\Controllers\News))
 4 SYSTEMPATH\CodeIgniter.php(361): CodeIgniter\CodeIgniter->handleRequest(null, Object(Config\Cache), false)
 5 FCPATH\index.php(78): CodeIgniter\CodeIgniter->run()
CRITICAL - 2023-11-24 11:11:33 --> Call to undefined method App\Models\NewsModel::order_by
in SYSTEMPATH\Model.php on line 873.
 1 APPPATH\Controllers\News.php(12): CodeIgniter\Model->__call('order_by', [...])
 2 SYSTEMPATH\CodeIgniter.php(942): App\Controllers\News->index()
 3 SYSTEMPATH\CodeIgniter.php(502): CodeIgniter\CodeIgniter->runController(Object(App\Controllers\News))
 4 SYSTEMPATH\CodeIgniter.php(361): CodeIgniter\CodeIgniter->handleRequest(null, Object(Config\Cache), false)
 5 FCPATH\index.php(78): CodeIgniter\CodeIgniter->run()
CRITICAL - 2023-11-24 11:11:40 --> Call to undefined method App\Models\NewsModel::order
in SYSTEMPATH\Model.php on line 873.
 1 APPPATH\Controllers\News.php(12): CodeIgniter\Model->__call('order', [...])
 2 SYSTEMPATH\CodeIgniter.php(942): App\Controllers\News->index()
 3 SYSTEMPATH\CodeIgniter.php(502): CodeIgniter\CodeIgniter->runController(Object(App\Controllers\News))
 4 SYSTEMPATH\CodeIgniter.php(361): CodeIgniter\CodeIgniter->handleRequest(null, Object(Config\Cache), false)
 5 FCPATH\index.php(78): CodeIgniter\CodeIgniter->run()
CRITICAL - 2023-11-24 11:11:49 --> Call to undefined method App\Models\NewsModel::order_by
in SYSTEMPATH\Model.php on line 873.
 1 APPPATH\Controllers\News.php(12): CodeIgniter\Model->__call('order_by', [...])
 2 SYSTEMPATH\CodeIgniter.php(942): App\Controllers\News->index()
 3 SYSTEMPATH\CodeIgniter.php(502): CodeIgniter\CodeIgniter->runController(Object(App\Controllers\News))
 4 SYSTEMPATH\CodeIgniter.php(361): CodeIgniter\CodeIgniter->handleRequest(null, Object(Config\Cache), false)
 5 FCPATH\index.php(78): CodeIgniter\CodeIgniter->run()
CRITICAL - 2023-11-24 11:12:16 --> Call to undefined method App\Models\NewsModel::order_by
in SYSTEMPATH\Model.php on line 873.
 1 APPPATH\Controllers\News.php(12): CodeIgniter\Model->__call('order_by', [...])
 2 SYSTEMPATH\CodeIgniter.php(942): App\Controllers\News->index()
 3 SYSTEMPATH\CodeIgniter.php(502): CodeIgniter\CodeIgniter->runController(Object(App\Controllers\News))
 4 SYSTEMPATH\CodeIgniter.php(361): CodeIgniter\CodeIgniter->handleRequest(null, Object(Config\Cache), false)
 5 FCPATH\index.php(78): CodeIgniter\CodeIgniter->run()
CRITICAL - 2023-11-24 11:12:21 --> Call to undefined method App\Models\NewsModel::order
in SYSTEMPATH\Model.php on line 873.
 1 APPPATH\Controllers\News.php(12): CodeIgniter\Model->__call('order', [...])
 2 SYSTEMPATH\CodeIgniter.php(942): App\Controllers\News->index()
 3 SYSTEMPATH\CodeIgniter.php(502): CodeIgniter\CodeIgniter->runController(Object(App\Controllers\News))
 4 SYSTEMPATH\CodeIgniter.php(361): CodeIgniter\CodeIgniter->handleRequest(null, Object(Config\Cache), false)
 5 FCPATH\index.php(78): CodeIgniter\CodeIgniter->run()
ERROR - 2023-11-24 11:35:05 --> mysqli_sql_exception: Table 'mgu.years' doesn't exist in D:\work\XAMPP\htdocs\sites\mgu\system\Database\MySQLi\Connection.php:306
Stack trace:
#0 D:\work\XAMPP\htdocs\sites\mgu\system\Database\MySQLi\Connection.php(306): mysqli->query('SELECT *\nFROM `...', 0)
#1 D:\work\XAMPP\htdocs\sites\mgu\system\Database\BaseConnection.php(693): CodeIgniter\Database\MySQLi\Connection->execute('SELECT *\nFROM `...')
#2 D:\work\XAMPP\htdocs\sites\mgu\system\Database\BaseConnection.php(607): CodeIgniter\Database\BaseConnection->simpleQuery('SELECT *\nFROM `...')
#3 D:\work\XAMPP\htdocs\sites\mgu\system\Database\BaseBuilder.php(1615): CodeIgniter\Database\BaseConnection->query('SELECT *\nFROM `...', Array, false)
#4 D:\work\XAMPP\htdocs\sites\mgu\system\Model.php(192): CodeIgniter\Database\BaseBuilder->get()
#5 D:\work\XAMPP\htdocs\sites\mgu\system\BaseModel.php(563): CodeIgniter\Model->doFind(false, Array)
#6 D:\work\XAMPP\htdocs\sites\mgu\app\Controllers\News.php(13): CodeIgniter\BaseModel->find(Array)
#7 D:\work\XAMPP\htdocs\sites\mgu\system\CodeIgniter.php(942): App\Controllers\News->index()
#8 D:\work\XAMPP\htdocs\sites\mgu\system\CodeIgniter.php(502): CodeIgniter\CodeIgniter->runController(Object(App\Controllers\News))
#9 D:\work\XAMPP\htdocs\sites\mgu\system\CodeIgniter.php(361): CodeIgniter\CodeIgniter->handleRequest(NULL, Object(Config\Cache), false)
#10 D:\work\XAMPP\htdocs\sites\mgu\public\index.php(78): CodeIgniter\CodeIgniter->run()
#11 {main}
CRITICAL - 2023-11-24 11:35:05 --> Table 'mgu.years' doesn't exist
in SYSTEMPATH\Database\BaseConnection.php on line 647.
 1 SYSTEMPATH\Database\BaseBuilder.php(1615): CodeIgniter\Database\BaseConnection->query('SELECT *
FROM `years`
WHERE `academic` LIKE :academic: ESCAPE \'!\'
AND `years`.`ID` IN :years.ID:', [...], false)
 2 SYSTEMPATH\Model.php(192): CodeIgniter\Database\BaseBuilder->get()
 3 SYSTEMPATH\BaseModel.php(563): CodeIgniter\Model->doFind(false, [...])
 4 APPPATH\Controllers\News.php(13): CodeIgniter\BaseModel->find([...])
 5 SYSTEMPATH\CodeIgniter.php(942): App\Controllers\News->index()
 6 SYSTEMPATH\CodeIgniter.php(502): CodeIgniter\CodeIgniter->runController(Object(App\Controllers\News))
 7 SYSTEMPATH\CodeIgniter.php(361): CodeIgniter\CodeIgniter->handleRequest(null, Object(Config\Cache), false)
 8 FCPATH\index.php(78): CodeIgniter\CodeIgniter->run()
CRITICAL - 2023-11-24 11:37:36 --> Call to undefined method App\Models\NewsModel::hash_password
in SYSTEMPATH\Model.php on line 873.
 1 APPPATH\Controllers\News.php(12): CodeIgniter\Model->__call('hash_password', [...])
 2 SYSTEMPATH\CodeIgniter.php(942): App\Controllers\News->index()
 3 SYSTEMPATH\CodeIgniter.php(502): CodeIgniter\CodeIgniter->runController(Object(App\Controllers\News))
 4 SYSTEMPATH\CodeIgniter.php(361): CodeIgniter\CodeIgniter->handleRequest(null, Object(Config\Cache), false)
 5 FCPATH\index.php(78): CodeIgniter\CodeIgniter->run()
CRITICAL - 2023-11-24 11:37:43 --> Undefined property: App\Controllers\News::$load
in APPPATH\Controllers\News.php on line 11.
 1 APPPATH\Controllers\News.php(11): CodeIgniter\Debug\Exceptions->errorHandler(8, 'Undefined property: App\\Controllers\\News::$load', 'D:\\work\\XAMPP\\htdocs\\sites\\mgu\\app\\Controllers\\News.php', 11, [...])
 2 SYSTEMPATH\CodeIgniter.php(942): App\Controllers\News->index()
 3 SYSTEMPATH\CodeIgniter.php(502): CodeIgniter\CodeIgniter->runController(Object(App\Controllers\News))
 4 SYSTEMPATH\CodeIgniter.php(361): CodeIgniter\CodeIgniter->handleRequest(null, Object(Config\Cache), false)
 5 FCPATH\index.php(78): CodeIgniter\CodeIgniter->run()
CRITICAL - 2023-11-24 11:37:52 --> Undefined property: App\Controllers\News::$load
in APPPATH\Controllers\News.php on line 11.
 1 APPPATH\Controllers\News.php(11): CodeIgniter\Debug\Exceptions->errorHandler(8, 'Undefined property: App\\Controllers\\News::$load', 'D:\\work\\XAMPP\\htdocs\\sites\\mgu\\app\\Controllers\\News.php', 11, [...])
 2 SYSTEMPATH\CodeIgniter.php(942): App\Controllers\News->index()
 3 SYSTEMPATH\CodeIgniter.php(502): CodeIgniter\CodeIgniter->runController(Object(App\Controllers\News))
 4 SYSTEMPATH\CodeIgniter.php(361): CodeIgniter\CodeIgniter->handleRequest(null, Object(Config\Cache), false)
 5 FCPATH\index.php(78): CodeIgniter\CodeIgniter->run()
CRITICAL - 2023-11-24 11:43:14 --> Undefined property: App\Controllers\News::$load
in APPPATH\Controllers\News.php on line 11.
 1 APPPATH\Controllers\News.php(11): CodeIgniter\Debug\Exceptions->errorHandler(8, 'Undefined property: App\\Controllers\\News::$load', 'D:\\work\\XAMPP\\htdocs\\sites\\mgu\\app\\Controllers\\News.php', 11, [...])
 2 SYSTEMPATH\CodeIgniter.php(942): App\Controllers\News->index()
 3 SYSTEMPATH\CodeIgniter.php(502): CodeIgniter\CodeIgniter->runController(Object(App\Controllers\News))
 4 SYSTEMPATH\CodeIgniter.php(361): CodeIgniter\CodeIgniter->handleRequest(null, Object(Config\Cache), false)
 5 FCPATH\index.php(78): CodeIgniter\CodeIgniter->run()
CRITICAL - 2023-11-24 11:43:21 --> Undefined property: App\Controllers\News::$load
in APPPATH\Controllers\News.php on line 11.
 1 APPPATH\Controllers\News.php(11): CodeIgniter\Debug\Exceptions->errorHandler(8, 'Undefined property: App\\Controllers\\News::$load', 'D:\\work\\XAMPP\\htdocs\\sites\\mgu\\app\\Controllers\\News.php', 11, [...])
 2 SYSTEMPATH\CodeIgniter.php(942): App\Controllers\News->index()
 3 SYSTEMPATH\CodeIgniter.php(502): CodeIgniter\CodeIgniter->runController(Object(App\Controllers\News))
 4 SYSTEMPATH\CodeIgniter.php(361): CodeIgniter\CodeIgniter->handleRequest(null, Object(Config\Cache), false)
 5 FCPATH\index.php(78): CodeIgniter\CodeIgniter->run()
CRITICAL - 2023-11-24 11:43:26 --> password_hash() expects at least 2 parameters, 1 given
in APPPATH\Controllers\News.php on line 12.
 1 [internal function]: CodeIgniter\Debug\Exceptions->errorHandler(2, 'password_hash() expects at least 2 parameters, 1 given', 'D:\\work\\XAMPP\\htdocs\\sites\\mgu\\app\\Controllers\\News.php', 12, [...])
 2 APPPATH\Controllers\News.php(12): password_hash(1)
 3 SYSTEMPATH\CodeIgniter.php(942): App\Controllers\News->index()
 4 SYSTEMPATH\CodeIgniter.php(502): CodeIgniter\CodeIgniter->runController(Object(App\Controllers\News))
 5 SYSTEMPATH\CodeIgniter.php(361): CodeIgniter\CodeIgniter->handleRequest(null, Object(Config\Cache), false)
 6 FCPATH\index.php(78): CodeIgniter\CodeIgniter->run()
CRITICAL - 2023-11-24 11:46:27 --> password_hash() expects at least 2 parameters, 1 given
in APPPATH\Controllers\News.php on line 12.
 1 [internal function]: CodeIgniter\Debug\Exceptions->errorHandler(2, 'password_hash() expects at least 2 parameters, 1 given', 'D:\\work\\XAMPP\\htdocs\\sites\\mgu\\app\\Controllers\\News.php', 12, [...])
 2 APPPATH\Controllers\News.php(12): password_hash('test')
 3 SYSTEMPATH\CodeIgniter.php(942): App\Controllers\News->index()
 4 SYSTEMPATH\CodeIgniter.php(502): CodeIgniter\CodeIgniter->runController(Object(App\Controllers\News))
 5 SYSTEMPATH\CodeIgniter.php(361): CodeIgniter\CodeIgniter->handleRequest(null, Object(Config\Cache), false)
 6 FCPATH\index.php(78): CodeIgniter\CodeIgniter->run()
CRITICAL - 2023-11-24 11:46:52 --> password_hash() expects at least 2 parameters, 1 given
in APPPATH\Controllers\News.php on line 12.
 1 [internal function]: CodeIgniter\Debug\Exceptions->errorHandler(2, 'password_hash() expects at least 2 parameters, 1 given', 'D:\\work\\XAMPP\\htdocs\\sites\\mgu\\app\\Controllers\\News.php', 12, [...])
 2 APPPATH\Controllers\News.php(12): password_hash('test')
 3 SYSTEMPATH\CodeIgniter.php(942): App\Controllers\News->index()
 4 SYSTEMPATH\CodeIgniter.php(502): CodeIgniter\CodeIgniter->runController(Object(App\Controllers\News))
 5 SYSTEMPATH\CodeIgniter.php(361): CodeIgniter\CodeIgniter->handleRequest(null, Object(Config\Cache), false)
 6 FCPATH\index.php(78): CodeIgniter\CodeIgniter->run()
CRITICAL - 2023-11-24 12:00:54 --> Invalid file: "user/signup.php"
in SYSTEMPATH\Exceptions\FrameworkException.php on line 39.
 1 SYSTEMPATH\View\View.php(216): CodeIgniter\Exceptions\FrameworkException::forInvalidFile('user/signup.php')
 2 SYSTEMPATH\Common.php(1190): CodeIgniter\View\View->render('user/signup', [], true)
 3 APPPATH\Controllers\user.php(15): view('user/signup')
 4 SYSTEMPATH\CodeIgniter.php(942): App\Controllers\User->SignUp()
 5 SYSTEMPATH\CodeIgniter.php(502): CodeIgniter\CodeIgniter->runController(Object(App\Controllers\User))
 6 SYSTEMPATH\CodeIgniter.php(361): CodeIgniter\CodeIgniter->handleRequest(null, Object(Config\Cache), false)
 7 FCPATH\index.php(78): CodeIgniter\CodeIgniter->run()
CRITICAL - 2023-11-24 12:18:38 --> Invalid file: "template/header.php"
in SYSTEMPATH\Exceptions\FrameworkException.php on line 39.
 1 SYSTEMPATH\View\View.php(216): CodeIgniter\Exceptions\FrameworkException::forInvalidFile('template/header.php')
 2 SYSTEMPATH\Common.php(1190): CodeIgniter\View\View->render('template/header', [], true)
 3 APPPATH\Controllers\user.php(15): view('template/header')
 4 SYSTEMPATH\CodeIgniter.php(942): App\Controllers\User->SignUp()
 5 SYSTEMPATH\CodeIgniter.php(502): CodeIgniter\CodeIgniter->runController(Object(App\Controllers\User))
 6 SYSTEMPATH\CodeIgniter.php(361): CodeIgniter\CodeIgniter->handleRequest(null, Object(Config\Cache), false)
 7 FCPATH\index.php(78): CodeIgniter\CodeIgniter->run()
CRITICAL - 2023-11-24 12:21:52 --> Undefined variable: header
in APPPATH\Views\template\header.php on line 5.
 1 APPPATH\Views\template\header.php(5): CodeIgniter\Debug\Exceptions->errorHandler(8, 'Undefined variable: header', 'D:\\work\\XAMPP\\htdocs\\sites\\mgu\\app\\Views\\template\\header.php', 5, [])
 2 SYSTEMPATH\View\View.php(228): include('D:\\work\\XAMPP\\htdocs\\sites\\mgu\\app\\Views\\template\\header.php')
 3 SYSTEMPATH\View\View.php(231): CodeIgniter\View\View->CodeIgniter\View\{closure}()
 4 SYSTEMPATH\Common.php(1190): CodeIgniter\View\View->render('template/header', [], true)
 5 APPPATH\Controllers\user.php(17): view('template/header')
 6 SYSTEMPATH\CodeIgniter.php(942): App\Controllers\User->SignUp()
 7 SYSTEMPATH\CodeIgniter.php(502): CodeIgniter\CodeIgniter->runController(Object(App\Controllers\User))
 8 SYSTEMPATH\CodeIgniter.php(361): CodeIgniter\CodeIgniter->handleRequest(null, Object(Config\Cache), false)
 9 FCPATH\index.php(78): CodeIgniter\CodeIgniter->run()
CRITICAL - 2023-11-24 12:29:38 --> Call to undefined function link_tag()
in APPPATH\Views\template\header.php on line 9.
 1 SYSTEMPATH\View\View.php(228): include()
 2 SYSTEMPATH\View\View.php(231): CodeIgniter\View\View->CodeIgniter\View\{closure}()
 3 SYSTEMPATH\Common.php(1190): CodeIgniter\View\View->render('template/header', [], true)
 4 APPPATH\Controllers\user.php(15): view('template/header', [...])
 5 SYSTEMPATH\CodeIgniter.php(942): App\Controllers\User->SignUp()
 6 SYSTEMPATH\CodeIgniter.php(502): CodeIgniter\CodeIgniter->runController(Object(App\Controllers\User))
 7 SYSTEMPATH\CodeIgniter.php(361): CodeIgniter\CodeIgniter->handleRequest(null, Object(Config\Cache), false)
 8 FCPATH\index.php(78): CodeIgniter\CodeIgniter->run()
CRITICAL - 2023-11-24 12:30:48 --> Call to undefined function link_tag()
in APPPATH\Views\template\header.php on line 10.
 1 SYSTEMPATH\View\View.php(228): include()
 2 SYSTEMPATH\View\View.php(231): CodeIgniter\View\View->CodeIgniter\View\{closure}()
 3 SYSTEMPATH\Common.php(1190): CodeIgniter\View\View->render('template/header', [], true)
 4 APPPATH\Controllers\user.php(15): view('template/header', [...])
 5 SYSTEMPATH\CodeIgniter.php(942): App\Controllers\User->SignUp()
 6 SYSTEMPATH\CodeIgniter.php(502): CodeIgniter\CodeIgniter->runController(Object(App\Controllers\User))
 7 SYSTEMPATH\CodeIgniter.php(361): CodeIgniter\CodeIgniter->handleRequest(null, Object(Config\Cache), false)
 8 FCPATH\index.php(78): CodeIgniter\CodeIgniter->run()
CRITICAL - 2023-11-24 12:36:01 --> Call to undefined function link_tag()
in APPPATH\Views\template\header.php on line 5.
 1 SYSTEMPATH\View\View.php(228): include()
 2 SYSTEMPATH\View\View.php(231): CodeIgniter\View\View->CodeIgniter\View\{closure}()
 3 SYSTEMPATH\Common.php(1190): CodeIgniter\View\View->render('template/header', [], true)
 4 APPPATH\Controllers\user.php(15): view('template/header', [...])
 5 SYSTEMPATH\CodeIgniter.php(942): App\Controllers\User->SignUp()
 6 SYSTEMPATH\CodeIgniter.php(502): CodeIgniter\CodeIgniter->runController(Object(App\Controllers\User))
 7 SYSTEMPATH\CodeIgniter.php(361): CodeIgniter\CodeIgniter->handleRequest(null, Object(Config\Cache), false)
 8 FCPATH\index.php(78): CodeIgniter\CodeIgniter->run()
CRITICAL - 2023-11-24 12:37:52 --> Call to undefined function link_tag()
in APPPATH\Views\template\header.php on line 5.
 1 SYSTEMPATH\View\View.php(228): include()
 2 SYSTEMPATH\View\View.php(231): CodeIgniter\View\View->CodeIgniter\View\{closure}()
 3 SYSTEMPATH\Common.php(1190): CodeIgniter\View\View->render('template/header', [], true)
 4 APPPATH\Controllers\user.php(15): view('template/header', [...])
 5 SYSTEMPATH\CodeIgniter.php(942): App\Controllers\User->SignUp()
 6 SYSTEMPATH\CodeIgniter.php(502): CodeIgniter\CodeIgniter->runController(Object(App\Controllers\User))
 7 SYSTEMPATH\CodeIgniter.php(361): CodeIgniter\CodeIgniter->handleRequest(null, Object(Config\Cache), false)
 8 FCPATH\index.php(78): CodeIgniter\CodeIgniter->run()
CRITICAL - 2023-11-24 12:42:59 --> Call to undefined function link_tag()
in APPPATH\Views\template\header.php on line 12.
 1 SYSTEMPATH\View\View.php(228): include()
 2 SYSTEMPATH\View\View.php(231): CodeIgniter\View\View->CodeIgniter\View\{closure}()
 3 SYSTEMPATH\Common.php(1190): CodeIgniter\View\View->render('template/header', [], true)
 4 APPPATH\Controllers\user.php(15): view('template/header', [...])
 5 SYSTEMPATH\CodeIgniter.php(942): App\Controllers\User->SignUp()
 6 SYSTEMPATH\CodeIgniter.php(502): CodeIgniter\CodeIgniter->runController(Object(App\Controllers\User))
 7 SYSTEMPATH\CodeIgniter.php(361): CodeIgniter\CodeIgniter->handleRequest(null, Object(Config\Cache), false)
 8 FCPATH\index.php(78): CodeIgniter\CodeIgniter->run()
CRITICAL - 2023-11-24 12:43:03 --> Call to undefined function link_tag()
in APPPATH\Views\template\header.php on line 12.
 1 SYSTEMPATH\View\View.php(228): include()
 2 SYSTEMPATH\View\View.php(231): CodeIgniter\View\View->CodeIgniter\View\{closure}()
 3 SYSTEMPATH\Common.php(1190): CodeIgniter\View\View->render('template/header', [], true)
 4 APPPATH\Controllers\user.php(15): view('template/header', [...])
 5 SYSTEMPATH\CodeIgniter.php(942): App\Controllers\User->SignUp()
 6 SYSTEMPATH\CodeIgniter.php(502): CodeIgniter\CodeIgniter->runController(Object(App\Controllers\User))
 7 SYSTEMPATH\CodeIgniter.php(361): CodeIgniter\CodeIgniter->handleRequest(null, Object(Config\Cache), false)
 8 FCPATH\index.php(78): CodeIgniter\CodeIgniter->run()
CRITICAL - 2023-11-24 12:44:27 --> Undefined property: App\Controllers\User::$load
in APPPATH\Controllers\user.php on line 13.
 1 APPPATH\Controllers\user.php(13): CodeIgniter\Debug\Exceptions->errorHandler(8, 'Undefined property: App\\Controllers\\User::$load', 'D:\\work\\XAMPP\\htdocs\\sites\\mgu\\app\\Controllers\\user.php', 13, [])
 2 SYSTEMPATH\CodeIgniter.php(942): App\Controllers\User->SignUp()
 3 SYSTEMPATH\CodeIgniter.php(502): CodeIgniter\CodeIgniter->runController(Object(App\Controllers\User))
 4 SYSTEMPATH\CodeIgniter.php(361): CodeIgniter\CodeIgniter->handleRequest(null, Object(Config\Cache), false)
 5 FCPATH\index.php(78): CodeIgniter\CodeIgniter->run()
CRITICAL - 2023-11-24 12:53:22 --> Undefined property: App\Controllers\User::$load
in APPPATH\Controllers\user.php on line 23.
 1 APPPATH\Controllers\user.php(23): CodeIgniter\Debug\Exceptions->errorHandler(8, 'Undefined property: App\\Controllers\\User::$load', 'D:\\work\\XAMPP\\htdocs\\sites\\mgu\\app\\Controllers\\user.php', 23, [])
 2 APPPATH\Controllers\user.php(13): App\Controllers\User->heading()
 3 SYSTEMPATH\CodeIgniter.php(942): App\Controllers\User->SignUp()
 4 SYSTEMPATH\CodeIgniter.php(502): CodeIgniter\CodeIgniter->runController(Object(App\Controllers\User))
 5 SYSTEMPATH\CodeIgniter.php(361): CodeIgniter\CodeIgniter->handleRequest(null, Object(Config\Cache), false)
 6 FCPATH\index.php(78): CodeIgniter\CodeIgniter->run()
CRITICAL - 2023-11-24 12:55:45 --> Call to undefined function App\Controllers\link_tag()
in APPPATH\Controllers\user.php on line 13.
 1 SYSTEMPATH\CodeIgniter.php(942): App\Controllers\User->SignUp()
 2 SYSTEMPATH\CodeIgniter.php(502): CodeIgniter\CodeIgniter->runController(Object(App\Controllers\User))
 3 SYSTEMPATH\CodeIgniter.php(361): CodeIgniter\CodeIgniter->handleRequest(null, Object(Config\Cache), false)
 4 FCPATH\index.php(78): CodeIgniter\CodeIgniter->run()
CRITICAL - 2023-11-24 12:55:53 --> Call to undefined function App\Controllers\link_tag()
in APPPATH\Controllers\user.php on line 13.
 1 SYSTEMPATH\CodeIgniter.php(942): App\Controllers\User->SignUp()
 2 SYSTEMPATH\CodeIgniter.php(502): CodeIgniter\CodeIgniter->runController(Object(App\Controllers\User))
 3 SYSTEMPATH\CodeIgniter.php(361): CodeIgniter\CodeIgniter->handleRequest(null, Object(Config\Cache), false)
 4 FCPATH\index.php(78): CodeIgniter\CodeIgniter->run()
CRITICAL - 2023-11-24 12:56:25 --> Call to undefined method App\Controllers\User::heading()
in APPPATH\Controllers\user.php on line 14.
 1 SYSTEMPATH\CodeIgniter.php(942): App\Controllers\User->SignUp()
 2 SYSTEMPATH\CodeIgniter.php(502): CodeIgniter\CodeIgniter->runController(Object(App\Controllers\User))
 3 SYSTEMPATH\CodeIgniter.php(361): CodeIgniter\CodeIgniter->handleRequest(null, Object(Config\Cache), false)
 4 FCPATH\index.php(78): CodeIgniter\CodeIgniter->run()
