CRITICAL - 2023-11-23 12:23:56 --> Cannot modify header information - headers already sent by (output started at D:\work\XAMPP\htdocs\sites\mgu\public\index.php:2)
in SYSTEMPATH\Debug\Toolbar.php on line 451.
 1 [internal function]: CodeIgniter\Debug\Exceptions->errorHandler(2, 'Cannot modify header information - headers already sent by (output started at D:\\work\\XAMPP\\htdocs\\sites\\mgu\\public\\index.php:2)', 'D:\\work\\XAMPP\\htdocs\\sites\\mgu\\system\\Debug\\Toolbar.php', 451, [...])
 2 SYSTEMPATH\Debug\Toolbar.php(451): header('Content-Type: application/javascript')
 3 APPPATH\Config\Events.php(47): CodeIgniter\Debug\Toolbar->respond()
 4 SYSTEMPATH\Events\Events.php(154): CodeIgniter\Events\Events::Config\{closure}()
 5 SYSTEMPATH\CodeIgniter.php(442): CodeIgniter\Events\Events::trigger('pre_system')
 6 SYSTEMPATH\CodeIgniter.php(361): CodeIgniter\CodeIgniter->handleRequest(null, Object(Config\Cache), false)
 7 FCPATH\index.php(79): CodeIgniter\CodeIgniter->run()
CRITICAL - 2023-11-23 12:27:12 --> Use of undefined constant CodeIgniter - assumed 'CodeIgniter' (this will throw an Error in a future version of PHP)
in APPPATH\Views\main.php on line 216.
 1 APPPATH\Views\main.php(216): CodeIgniter\Debug\Exceptions->errorHandler(2, 'Use of undefined constant CodeIgniter - assumed \'CodeIgniter\' (this will throw an Error in a future version of PHP)', 'D:\\work\\XAMPP\\htdocs\\sites\\mgu\\app\\Views\\main.php', 216, [])
 2 SYSTEMPATH\View\View.php(228): include('D:\\work\\XAMPP\\htdocs\\sites\\mgu\\app\\Views\\main.php')
 3 SYSTEMPATH\View\View.php(231): CodeIgniter\View\View->CodeIgniter\View\{closure}()
 4 SYSTEMPATH\Common.php(1190): CodeIgniter\View\View->render('main', [], true)
 5 APPPATH\Controllers\Home.php(9): view('main')
 6 SYSTEMPATH\CodeIgniter.php(942): App\Controllers\Home->index()
 7 SYSTEMPATH\CodeIgniter.php(502): CodeIgniter\CodeIgniter->runController(Object(App\Controllers\Home))
 8 SYSTEMPATH\CodeIgniter.php(361): CodeIgniter\CodeIgniter->handleRequest(null, Object(Config\Cache), false)
 9 FCPATH\index.php(78): CodeIgniter\CodeIgniter->run()
CRITICAL - 2023-11-23 12:38:43 --> Undefined variable: query_string
in APPPATH\Views\test.php on line 6.
 1 APPPATH\Views\test.php(6): CodeIgniter\Debug\Exceptions->errorHandler(8, 'Undefined variable: query_string', 'D:\\work\\XAMPP\\htdocs\\sites\\mgu\\app\\Views\\test.php', 6, [])
 2 SYSTEMPATH\View\View.php(228): include('D:\\work\\XAMPP\\htdocs\\sites\\mgu\\app\\Views\\test.php')
 3 SYSTEMPATH\View\View.php(231): CodeIgniter\View\View->CodeIgniter\View\{closure}()
 4 SYSTEMPATH\Common.php(1190): CodeIgniter\View\View->render('test', [], true)
 5 APPPATH\Controllers\test.php(7): view('test')
 6 SYSTEMPATH\CodeIgniter.php(942): App\Controllers\Test->index()
 7 SYSTEMPATH\CodeIgniter.php(502): CodeIgniter\CodeIgniter->runController(Object(App\Controllers\Test))
 8 SYSTEMPATH\CodeIgniter.php(361): CodeIgniter\CodeIgniter->handleRequest(null, Object(Config\Cache), false)
 9 FCPATH\index.php(78): CodeIgniter\CodeIgniter->run()
CRITICAL - 2023-11-23 12:42:00 --> Undefined variable: request
in APPPATH\Views\test.php on line 6.
 1 APPPATH\Views\test.php(6): CodeIgniter\Debug\Exceptions->errorHandler(8, 'Undefined variable: request', 'D:\\work\\XAMPP\\htdocs\\sites\\mgu\\app\\Views\\test.php', 6, [])
 2 SYSTEMPATH\View\View.php(228): include('D:\\work\\XAMPP\\htdocs\\sites\\mgu\\app\\Views\\test.php')
 3 SYSTEMPATH\View\View.php(231): CodeIgniter\View\View->CodeIgniter\View\{closure}()
 4 SYSTEMPATH\Common.php(1190): CodeIgniter\View\View->render('test', [], true)
 5 APPPATH\Controllers\test.php(7): view('test')
 6 SYSTEMPATH\CodeIgniter.php(942): App\Controllers\Test->index()
 7 SYSTEMPATH\CodeIgniter.php(502): CodeIgniter\CodeIgniter->runController(Object(App\Controllers\Test))
 8 SYSTEMPATH\CodeIgniter.php(361): CodeIgniter\CodeIgniter->handleRequest(null, Object(Config\Cache), false)
 9 FCPATH\index.php(78): CodeIgniter\CodeIgniter->run()
CRITICAL - 2023-11-23 12:42:15 --> Undefined variable: request
in APPPATH\Views\test.php on line 6.
 1 APPPATH\Views\test.php(6): CodeIgniter\Debug\Exceptions->errorHandler(8, 'Undefined variable: request', 'D:\\work\\XAMPP\\htdocs\\sites\\mgu\\app\\Views\\test.php', 6, [])
 2 SYSTEMPATH\View\View.php(228): include('D:\\work\\XAMPP\\htdocs\\sites\\mgu\\app\\Views\\test.php')
 3 SYSTEMPATH\View\View.php(231): CodeIgniter\View\View->CodeIgniter\View\{closure}()
 4 SYSTEMPATH\Common.php(1190): CodeIgniter\View\View->render('test', [], true)
 5 APPPATH\Controllers\test.php(7): view('test')
 6 SYSTEMPATH\CodeIgniter.php(942): App\Controllers\Test->index()
 7 SYSTEMPATH\CodeIgniter.php(502): CodeIgniter\CodeIgniter->runController(Object(App\Controllers\Test))
 8 SYSTEMPATH\CodeIgniter.php(361): CodeIgniter\CodeIgniter->handleRequest(null, Object(Config\Cache), false)
 9 FCPATH\index.php(78): CodeIgniter\CodeIgniter->run()
CRITICAL - 2023-11-23 12:42:43 --> Undefined variable: request
in APPPATH\Controllers\test.php on line 8.
 1 APPPATH\Controllers\test.php(8): CodeIgniter\Debug\Exceptions->errorHandler(8, 'Undefined variable: request', 'D:\\work\\XAMPP\\htdocs\\sites\\mgu\\app\\Controllers\\test.php', 8, [])
 2 SYSTEMPATH\CodeIgniter.php(942): App\Controllers\Test->index()
 3 SYSTEMPATH\CodeIgniter.php(502): CodeIgniter\CodeIgniter->runController(Object(App\Controllers\Test))
 4 SYSTEMPATH\CodeIgniter.php(361): CodeIgniter\CodeIgniter->handleRequest(null, Object(Config\Cache), false)
 5 FCPATH\index.php(78): CodeIgniter\CodeIgniter->run()
CRITICAL - 2023-11-23 12:44:25 --> Call to undefined method CodeIgniter\HTTP\IncomingRequest::_get()
in APPPATH\Controllers\test.php on line 8.
 1 SYSTEMPATH\CodeIgniter.php(942): App\Controllers\Test->index()
 2 SYSTEMPATH\CodeIgniter.php(502): CodeIgniter\CodeIgniter->runController(Object(App\Controllers\Test))
 3 SYSTEMPATH\CodeIgniter.php(361): CodeIgniter\CodeIgniter->handleRequest(null, Object(Config\Cache), false)
 4 FCPATH\index.php(78): CodeIgniter\CodeIgniter->run()
CRITICAL - 2023-11-23 12:45:16 --> Undefined property: CodeIgniter\HTTP\IncomingRequest::$QUERY_STRING
in APPPATH\Controllers\test.php on line 8.
 1 APPPATH\Controllers\test.php(8): CodeIgniter\Debug\Exceptions->errorHandler(8, 'Undefined property: CodeIgniter\\HTTP\\IncomingRequest::$QUERY_STRING', 'D:\\work\\XAMPP\\htdocs\\sites\\mgu\\app\\Controllers\\test.php', 8, [...])
 2 SYSTEMPATH\CodeIgniter.php(942): App\Controllers\Test->index()
 3 SYSTEMPATH\CodeIgniter.php(502): CodeIgniter\CodeIgniter->runController(Object(App\Controllers\Test))
 4 SYSTEMPATH\CodeIgniter.php(361): CodeIgniter\CodeIgniter->handleRequest(null, Object(Config\Cache), false)
 5 FCPATH\index.php(78): CodeIgniter\CodeIgniter->run()
CRITICAL - 2023-11-23 13:11:30 --> Undefined variable: something
in APPPATH\Views\test.php on line 5.
 1 APPPATH\Views\test.php(5): CodeIgniter\Debug\Exceptions->errorHandler(8, 'Undefined variable: something', 'D:\\work\\XAMPP\\htdocs\\sites\\mgu\\app\\Views\\test.php', 5, [])
 2 SYSTEMPATH\View\View.php(228): include('D:\\work\\XAMPP\\htdocs\\sites\\mgu\\app\\Views\\test.php')
 3 SYSTEMPATH\View\View.php(231): CodeIgniter\View\View->CodeIgniter\View\{closure}()
 4 SYSTEMPATH\Common.php(1190): CodeIgniter\View\View->render('test', [], true)
 5 APPPATH\Controllers\test.php(15): view('test')
 6 SYSTEMPATH\CodeIgniter.php(942): App\Controllers\Test->index()
 7 SYSTEMPATH\CodeIgniter.php(502): CodeIgniter\CodeIgniter->runController(Object(App\Controllers\Test))
 8 SYSTEMPATH\CodeIgniter.php(361): CodeIgniter\CodeIgniter->handleRequest(null, Object(Config\Cache), false)
 9 FCPATH\index.php(78): CodeIgniter\CodeIgniter->run()
CRITICAL - 2023-11-23 13:14:04 --> Undefined property: App\Controllers\Test::$load
in APPPATH\Controllers\test.php on line 15.
 1 APPPATH\Controllers\test.php(15): CodeIgniter\Debug\Exceptions->errorHandler(8, 'Undefined property: App\\Controllers\\Test::$load', 'D:\\work\\XAMPP\\htdocs\\sites\\mgu\\app\\Controllers\\test.php', 15, [...])
 2 SYSTEMPATH\CodeIgniter.php(942): App\Controllers\Test->index()
 3 SYSTEMPATH\CodeIgniter.php(502): CodeIgniter\CodeIgniter->runController(Object(App\Controllers\Test))
 4 SYSTEMPATH\CodeIgniter.php(361): CodeIgniter\CodeIgniter->handleRequest(null, Object(Config\Cache), false)
 5 FCPATH\index.php(78): CodeIgniter\CodeIgniter->run()
CRITICAL - 2023-11-23 13:16:16 --> Undefined property: App\Controllers\Test::$load
in APPPATH\Controllers\test.php on line 15.
 1 APPPATH\Controllers\test.php(15): CodeIgniter\Debug\Exceptions->errorHandler(8, 'Undefined property: App\\Controllers\\Test::$load', 'D:\\work\\XAMPP\\htdocs\\sites\\mgu\\app\\Controllers\\test.php', 15, [...])
 2 SYSTEMPATH\CodeIgniter.php(942): App\Controllers\Test->index()
 3 SYSTEMPATH\CodeIgniter.php(502): CodeIgniter\CodeIgniter->runController(Object(App\Controllers\Test))
 4 SYSTEMPATH\CodeIgniter.php(361): CodeIgniter\CodeIgniter->handleRequest(null, Object(Config\Cache), false)
 5 FCPATH\index.php(78): CodeIgniter\CodeIgniter->run()
CRITICAL - 2023-11-23 13:16:29 --> Undefined property: App\Controllers\Test::$load
in APPPATH\Controllers\test.php on line 15.
 1 APPPATH\Controllers\test.php(15): CodeIgniter\Debug\Exceptions->errorHandler(8, 'Undefined property: App\\Controllers\\Test::$load', 'D:\\work\\XAMPP\\htdocs\\sites\\mgu\\app\\Controllers\\test.php', 15, [...])
 2 SYSTEMPATH\CodeIgniter.php(942): App\Controllers\Test->index()
 3 SYSTEMPATH\CodeIgniter.php(502): CodeIgniter\CodeIgniter->runController(Object(App\Controllers\Test))
 4 SYSTEMPATH\CodeIgniter.php(361): CodeIgniter\CodeIgniter->handleRequest(null, Object(Config\Cache), false)
 5 FCPATH\index.php(78): CodeIgniter\CodeIgniter->run()
CRITICAL - 2023-11-23 13:17:01 --> Undefined property: App\Controllers\Test::$input
in APPPATH\Controllers\test.php on line 14.
 1 APPPATH\Controllers\test.php(14): CodeIgniter\Debug\Exceptions->errorHandler(8, 'Undefined property: App\\Controllers\\Test::$input', 'D:\\work\\XAMPP\\htdocs\\sites\\mgu\\app\\Controllers\\test.php', 14, [...])
 2 SYSTEMPATH\CodeIgniter.php(942): App\Controllers\Test->index()
 3 SYSTEMPATH\CodeIgniter.php(502): CodeIgniter\CodeIgniter->runController(Object(App\Controllers\Test))
 4 SYSTEMPATH\CodeIgniter.php(361): CodeIgniter\CodeIgniter->handleRequest(null, Object(Config\Cache), false)
 5 FCPATH\index.php(78): CodeIgniter\CodeIgniter->run()
CRITICAL - 2023-11-23 13:17:15 --> Undefined property: App\Controllers\Test::$load
in APPPATH\Controllers\test.php on line 14.
 1 APPPATH\Controllers\test.php(14): CodeIgniter\Debug\Exceptions->errorHandler(8, 'Undefined property: App\\Controllers\\Test::$load', 'D:\\work\\XAMPP\\htdocs\\sites\\mgu\\app\\Controllers\\test.php', 14, [...])
 2 SYSTEMPATH\CodeIgniter.php(942): App\Controllers\Test->index()
 3 SYSTEMPATH\CodeIgniter.php(502): CodeIgniter\CodeIgniter->runController(Object(App\Controllers\Test))
 4 SYSTEMPATH\CodeIgniter.php(361): CodeIgniter\CodeIgniter->handleRequest(null, Object(Config\Cache), false)
 5 FCPATH\index.php(78): CodeIgniter\CodeIgniter->run()
CRITICAL - 2023-11-23 13:17:43 --> Undefined property: App\Controllers\Test::$load
in APPPATH\Controllers\test.php on line 10.
 1 APPPATH\Controllers\test.php(10): CodeIgniter\Debug\Exceptions->errorHandler(8, 'Undefined property: App\\Controllers\\Test::$load', 'D:\\work\\XAMPP\\htdocs\\sites\\mgu\\app\\Controllers\\test.php', 10, [...])
 2 SYSTEMPATH\CodeIgniter.php(942): App\Controllers\Test->index()
 3 SYSTEMPATH\CodeIgniter.php(502): CodeIgniter\CodeIgniter->runController(Object(App\Controllers\Test))
 4 SYSTEMPATH\CodeIgniter.php(361): CodeIgniter\CodeIgniter->handleRequest(null, Object(Config\Cache), false)
 5 FCPATH\index.php(78): CodeIgniter\CodeIgniter->run()
CRITICAL - 2023-11-23 13:17:57 --> Undefined property: App\Controllers\Test::$load
in APPPATH\Controllers\test.php on line 10.
 1 APPPATH\Controllers\test.php(10): CodeIgniter\Debug\Exceptions->errorHandler(8, 'Undefined property: App\\Controllers\\Test::$load', 'D:\\work\\XAMPP\\htdocs\\sites\\mgu\\app\\Controllers\\test.php', 10, [...])
 2 SYSTEMPATH\CodeIgniter.php(942): App\Controllers\Test->index()
 3 SYSTEMPATH\CodeIgniter.php(502): CodeIgniter\CodeIgniter->runController(Object(App\Controllers\Test))
 4 SYSTEMPATH\CodeIgniter.php(361): CodeIgniter\CodeIgniter->handleRequest(null, Object(Config\Cache), false)
 5 FCPATH\index.php(78): CodeIgniter\CodeIgniter->run()
CRITICAL - 2023-11-23 13:18:13 --> Undefined property: App\Controllers\Test::$load
in APPPATH\Controllers\test.php on line 9.
 1 APPPATH\Controllers\test.php(9): CodeIgniter\Debug\Exceptions->errorHandler(8, 'Undefined property: App\\Controllers\\Test::$load', 'D:\\work\\XAMPP\\htdocs\\sites\\mgu\\app\\Controllers\\test.php', 9, [...])
 2 SYSTEMPATH\CodeIgniter.php(942): App\Controllers\Test->index()
 3 SYSTEMPATH\CodeIgniter.php(502): CodeIgniter\CodeIgniter->runController(Object(App\Controllers\Test))
 4 SYSTEMPATH\CodeIgniter.php(361): CodeIgniter\CodeIgniter->handleRequest(null, Object(Config\Cache), false)
 5 FCPATH\index.php(78): CodeIgniter\CodeIgniter->run()
CRITICAL - 2023-11-23 13:18:27 --> Class 'App\Controllers\Config\Services' not found
in APPPATH\Controllers\test.php on line 7.
 1 SYSTEMPATH\CodeIgniter.php(942): App\Controllers\Test->index()
 2 SYSTEMPATH\CodeIgniter.php(502): CodeIgniter\CodeIgniter->runController(Object(App\Controllers\Test))
 3 SYSTEMPATH\CodeIgniter.php(361): CodeIgniter\CodeIgniter->handleRequest(null, Object(Config\Cache), false)
 4 FCPATH\index.php(78): CodeIgniter\CodeIgniter->run()
CRITICAL - 2023-11-23 13:18:37 --> Undefined property: App\Controllers\Test::$load
in APPPATH\Controllers\test.php on line 9.
 1 APPPATH\Controllers\test.php(9): CodeIgniter\Debug\Exceptions->errorHandler(8, 'Undefined property: App\\Controllers\\Test::$load', 'D:\\work\\XAMPP\\htdocs\\sites\\mgu\\app\\Controllers\\test.php', 9, [...])
 2 SYSTEMPATH\CodeIgniter.php(942): App\Controllers\Test->index()
 3 SYSTEMPATH\CodeIgniter.php(502): CodeIgniter\CodeIgniter->runController(Object(App\Controllers\Test))
 4 SYSTEMPATH\CodeIgniter.php(361): CodeIgniter\CodeIgniter->handleRequest(null, Object(Config\Cache), false)
 5 FCPATH\index.php(78): CodeIgniter\CodeIgniter->run()
CRITICAL - 2023-11-23 13:18:52 --> Undefined property: App\Controllers\Test::$load
in APPPATH\Controllers\test.php on line 8.
 1 APPPATH\Controllers\test.php(8): CodeIgniter\Debug\Exceptions->errorHandler(8, 'Undefined property: App\\Controllers\\Test::$load', 'D:\\work\\XAMPP\\htdocs\\sites\\mgu\\app\\Controllers\\test.php', 8, [])
 2 SYSTEMPATH\CodeIgniter.php(942): App\Controllers\Test->index()
 3 SYSTEMPATH\CodeIgniter.php(502): CodeIgniter\CodeIgniter->runController(Object(App\Controllers\Test))
 4 SYSTEMPATH\CodeIgniter.php(361): CodeIgniter\CodeIgniter->handleRequest(null, Object(Config\Cache), false)
 5 FCPATH\index.php(78): CodeIgniter\CodeIgniter->run()
CRITICAL - 2023-11-23 13:21:17 --> Undefined property: App\Controllers\Test::$load
in APPPATH\Controllers\test.php on line 7.
 1 APPPATH\Controllers\test.php(7): CodeIgniter\Debug\Exceptions->errorHandler(8, 'Undefined property: App\\Controllers\\Test::$load', 'D:\\work\\XAMPP\\htdocs\\sites\\mgu\\app\\Controllers\\test.php', 7, [])
 2 SYSTEMPATH\CodeIgniter.php(942): App\Controllers\Test->index()
 3 SYSTEMPATH\CodeIgniter.php(502): CodeIgniter\CodeIgniter->runController(Object(App\Controllers\Test))
 4 SYSTEMPATH\CodeIgniter.php(361): CodeIgniter\CodeIgniter->handleRequest(null, Object(Config\Cache), false)
 5 FCPATH\index.php(78): CodeIgniter\CodeIgniter->run()
CRITICAL - 2023-11-23 16:37:07 --> Undefined variable: HTTP_SERVER_VARS
in APPPATH\Controllers\test.php on line 7.
 1 APPPATH\Controllers\test.php(7): CodeIgniter\Debug\Exceptions->errorHandler(8, 'Undefined variable: HTTP_SERVER_VARS', 'D:\\work\\XAMPP\\htdocs\\sites\\mgu\\app\\Controllers\\test.php', 7, [...])
 2 SYSTEMPATH\CodeIgniter.php(942): App\Controllers\Test->index()
 3 SYSTEMPATH\CodeIgniter.php(502): CodeIgniter\CodeIgniter->runController(Object(App\Controllers\Test))
 4 SYSTEMPATH\CodeIgniter.php(361): CodeIgniter\CodeIgniter->handleRequest(null, Object(Config\Cache), false)
 5 FCPATH\index.php(78): CodeIgniter\CodeIgniter->run()
CRITICAL - 2023-11-23 16:37:21 --> Use of undefined constant HTTP_SERVER_VARS - assumed 'HTTP_SERVER_VARS' (this will throw an Error in a future version of PHP)
in APPPATH\Controllers\test.php on line 7.
 1 APPPATH\Controllers\test.php(7): CodeIgniter\Debug\Exceptions->errorHandler(2, 'Use of undefined constant HTTP_SERVER_VARS - assumed \'HTTP_SERVER_VARS\' (this will throw an Error in a future version of PHP)', 'D:\\work\\XAMPP\\htdocs\\sites\\mgu\\app\\Controllers\\test.php', 7, [])
 2 SYSTEMPATH\CodeIgniter.php(942): App\Controllers\Test->index()
 3 SYSTEMPATH\CodeIgniter.php(502): CodeIgniter\CodeIgniter->runController(Object(App\Controllers\Test))
 4 SYSTEMPATH\CodeIgniter.php(361): CodeIgniter\CodeIgniter->handleRequest(null, Object(Config\Cache), false)
 5 FCPATH\index.php(78): CodeIgniter\CodeIgniter->run()
CRITICAL - 2023-11-23 16:41:56 --> Undefined variable: i
in APPPATH\Views\test.php on line 5.
 1 APPPATH\Views\test.php(5): CodeIgniter\Debug\Exceptions->errorHandler(8, 'Undefined variable: i', 'D:\\work\\XAMPP\\htdocs\\sites\\mgu\\app\\Views\\test.php', 5, [...])
 2 SYSTEMPATH\View\View.php(228): include('D:\\work\\XAMPP\\htdocs\\sites\\mgu\\app\\Views\\test.php')
 3 SYSTEMPATH\View\View.php(231): CodeIgniter\View\View->CodeIgniter\View\{closure}()
 4 SYSTEMPATH\Common.php(1190): CodeIgniter\View\View->render('test', [], true)
 5 APPPATH\Controllers\test.php(8): view('test', [...])
 6 SYSTEMPATH\CodeIgniter.php(942): App\Controllers\Test->index()
 7 SYSTEMPATH\CodeIgniter.php(502): CodeIgniter\CodeIgniter->runController(Object(App\Controllers\Test))
 8 SYSTEMPATH\CodeIgniter.php(361): CodeIgniter\CodeIgniter->handleRequest(null, Object(Config\Cache), false)
 9 FCPATH\index.php(78): CodeIgniter\CodeIgniter->run()
CRITICAL - 2023-11-23 16:42:30 --> Undefined variable: i
in APPPATH\Views\test.php on line 6.
 1 APPPATH\Views\test.php(6): CodeIgniter\Debug\Exceptions->errorHandler(8, 'Undefined variable: i', 'D:\\work\\XAMPP\\htdocs\\sites\\mgu\\app\\Views\\test.php', 6, [...])
 2 SYSTEMPATH\View\View.php(228): include('D:\\work\\XAMPP\\htdocs\\sites\\mgu\\app\\Views\\test.php')
 3 SYSTEMPATH\View\View.php(231): CodeIgniter\View\View->CodeIgniter\View\{closure}()
 4 SYSTEMPATH\Common.php(1190): CodeIgniter\View\View->render('test', [], true)
 5 APPPATH\Controllers\test.php(8): view('test', [...])
 6 SYSTEMPATH\CodeIgniter.php(942): App\Controllers\Test->index()
 7 SYSTEMPATH\CodeIgniter.php(502): CodeIgniter\CodeIgniter->runController(Object(App\Controllers\Test))
 8 SYSTEMPATH\CodeIgniter.php(361): CodeIgniter\CodeIgniter->handleRequest(null, Object(Config\Cache), false)
 9 FCPATH\index.php(78): CodeIgniter\CodeIgniter->run()
CRITICAL - 2023-11-23 16:42:47 --> Undefined variable: i
in APPPATH\Views\test.php on line 5.
 1 APPPATH\Views\test.php(5): CodeIgniter\Debug\Exceptions->errorHandler(8, 'Undefined variable: i', 'D:\\work\\XAMPP\\htdocs\\sites\\mgu\\app\\Views\\test.php', 5, [...])
 2 SYSTEMPATH\View\View.php(228): include('D:\\work\\XAMPP\\htdocs\\sites\\mgu\\app\\Views\\test.php')
 3 SYSTEMPATH\View\View.php(231): CodeIgniter\View\View->CodeIgniter\View\{closure}()
 4 SYSTEMPATH\Common.php(1190): CodeIgniter\View\View->render('test', [], true)
 5 APPPATH\Controllers\test.php(8): view('test', [...])
 6 SYSTEMPATH\CodeIgniter.php(942): App\Controllers\Test->index()
 7 SYSTEMPATH\CodeIgniter.php(502): CodeIgniter\CodeIgniter->runController(Object(App\Controllers\Test))
 8 SYSTEMPATH\CodeIgniter.php(361): CodeIgniter\CodeIgniter->handleRequest(null, Object(Config\Cache), false)
 9 FCPATH\index.php(78): CodeIgniter\CodeIgniter->run()
CRITICAL - 2023-11-23 16:45:24 --> Undefined variable: key
in APPPATH\Views\test.php on line 5.
 1 APPPATH\Views\test.php(5): CodeIgniter\Debug\Exceptions->errorHandler(8, 'Undefined variable: key', 'D:\\work\\XAMPP\\htdocs\\sites\\mgu\\app\\Views\\test.php', 5, [...])
 2 SYSTEMPATH\View\View.php(228): include('D:\\work\\XAMPP\\htdocs\\sites\\mgu\\app\\Views\\test.php')
 3 SYSTEMPATH\View\View.php(231): CodeIgniter\View\View->CodeIgniter\View\{closure}()
 4 SYSTEMPATH\Common.php(1190): CodeIgniter\View\View->render('test', [], true)
 5 APPPATH\Controllers\test.php(8): view('test', [...])
 6 SYSTEMPATH\CodeIgniter.php(942): App\Controllers\Test->index()
 7 SYSTEMPATH\CodeIgniter.php(502): CodeIgniter\CodeIgniter->runController(Object(App\Controllers\Test))
 8 SYSTEMPATH\CodeIgniter.php(361): CodeIgniter\CodeIgniter->handleRequest(null, Object(Config\Cache), false)
 9 FCPATH\index.php(78): CodeIgniter\CodeIgniter->run()
